============================================================
  Generated by:           Genus(TM) Synthesis Solution 19.12-s121_1
  Generated on:           May 28 2023  08:50:07 pm
  Module:                 ORCA_TOP
  Technology libraries:   saed32hvt_ss0p75vn40c 1.0000000
                          saed32hvt_dlvl_ss0p75vn40c_i0p95v 1.0000000
                          saed32hvt_ulvl_ss0p75vn40c_i0p75v 1.0000000
                          saed32hvt_dlvl_ss0p75vn40c_i0p75v 1.0000000
                          saed32hvt_ss0p95vn40c 1.0000000
                          saed32hvt_ulvl_ss0p95vn40c_i0p75v 1.0000000
                          saed32rvt_ss0p75vn40c 1.0000000
                          saed32rvt_dlvl_ss0p75vn40c_i0p95v 1.0000000
                          saed32rvt_ulvl_ss0p75vn40c_i0p75v 1.0000000
                          saed32rvt_dlvl_ss0p75vn40c_i0p75v 1.0000000
                          saed32rvt_ss0p95vn40c 1.0000000
                          saed32rvt_ulvl_ss0p95vn40c_i0p75v 1.0000000
                          saed32lvt_ss0p75vn40c 1.0000000
                          saed32lvt_dlvl_ss0p75vn40c_i0p95v 1.0000000
                          saed32lvt_ulvl_ss0p75vn40c_i0p75v 1.0000000
                          saed32lvt_dlvl_ss0p75vn40c_i0p75v 1.0000000
                          saed32lvt_ss0p95vn40c 1.0000000
                          saed32lvt_ulvl_ss0p95vn40c_i0p75v 1.0000000
                          saed32sram_ss0p95vn40c 1.0000000
  Operating conditions:   _nominal_ (balanced_tree)
  Wireload mode:          enclosed
  Area mode:              timing library
============================================================

Timing
--------

   Clock    Period 
-------------------
PCI_CLK     7500.0 
SD_DDR_CLK  4100.0 
SD_DDR_CLKn 4100.0 
SDRAM_CLK   4100.0 
SYS_2x_CLK  2400.0 
SYS_CLK     4800.0 
v_PCI_CLK   7500.0 
v_SDRAM_CLK 4100.0 


    Cost      Critical         Violating 
   Group     Path Slack  TNS     Paths   
-----------------------------------------
default        No paths   0.0            
PCI_CLK          6700.0   0.0          0 
SD_DDR_CLK     No paths   0.0            
SD_DDR_CLKn    No paths   0.0            
SDRAM_CLK         652.6   0.0          0 
SYS_2x_CLK          0.0   0.0          0 
SYS_CLK          1023.0   0.0          0 
v_PCI_CLK      No paths   0.0            
v_SDRAM_CLK    No paths   0.0            
-----------------------------------------
Total                     0.0          0 

Instance Count
--------------
Leaf Instance Count             36572 
Physical Instance count             0 
Sequential Instance Count        5254 
Combinational Instance Count    31318 
Hierarchical Instance Count        32 

Area
----
Cell Area                          367142.285
Physical Cell Area                 0.000
Total Cell Area (Cell+Physical)    367142.285
Net Area                           0.000
Total Area (Cell+Physical+Net)     367142.285

Max Fanout                         5213 (scan_enable)
Min Fanout                         0 (sys_rst_n)
Average Fanout                     2.8
Terms to net ratio                 3.9039
Terms to instance ratio            4.8734
Runtime                            808.3547859999999 seconds
Elapsed Runtime                    839 seconds
Genus peak memory usage            1781.66 
Innovus peak memory usage          no_value 
Hostname                           auto.ece.pdx.edu
