
Cadence Innovus(TM) Implementation System.
Copyright 2019 Cadence Design Systems, Inc. All rights reserved worldwide.

Version:	v19.16-s053_1, built Mon Aug 31 13:16:01 PDT 2020
Options:	
Date:		Sun May 28 20:33:17 2023
Host:		auto.ece.pdx.edu (x86_64 w/Linux 3.10.0-1160.88.1.el7.x86_64) (1core*60cpus*Intel Xeon E312xx (Sandy Bridge, IBRS update) 16384KB)
OS:		CentOS Linux release 7.9.2009 (Core)

License:
		invs	Innovus Implementation System	19.1	checkout succeeded
		8 CPU jobs allowed with the current license(s). Use setMultiCpuUsage to set your required CPU count.
Change the soft stacksize limit to 0.2%RAM (170 mbytes). Set global soft_stack_size_limit to change the value.

**INFO:  MMMC transition support version v31-84 

<CMD> set_global _enable_mmmc_by_default_flow      $CTE::mmmc_default
<CMD> suppressMessage ENCEXT-2799
<CMD> win
ambiguous command name "o": oaIn oaOut open optBusSinkGroup optDesign optPower optVirtual option overlay
ambiguous command name "o": oaIn oaOut open optBusSinkGroup optDesign optPower optVirtual option overlay

*** Memory Usage v#1 (Current mem = 763.832M, initial mem = 289.684M) ***
*** Message Summary: 0 warning(s), 0 error(s)

--- Ending "Innovus" (totcpu=0:00:18.4, real=0:00:31.0, mem=763.8M) ---
