****************************************
Report : timing
	-path_type full
	-delay_type min
	-input_pins
	-nets
	-slack_lesser_than 0.0000
	-max_paths 10000
	-transition_time
	-capacitance
	-crosstalk_delta
	-derate
	-sort_by slack
Design : ORCA_TOP
Version: O-2018.06
Date   : Sun May 28 00:45:00 2023
****************************************


  Startpoint: I_PCI_TOP/I_PCI_CORE_pad_out_buf_reg_17_
               (rising edge-triggered flip-flop clocked by PCI_CLK)
  Endpoint: pad_out[17]
               (output port clocked by v_PCI_CLK)
  Path Group: v_PCI_CLK
  Path Type: min

  Point                      Fanout   Cap    DTrans   Trans    Derate   Delta     Incr       Path
  --------------------------------------------------------------------------------------------------
  clock PCI_CLK (rise edge)                                                     0.0000     0.0000
  clock network delay (propagated)                                              0.1709     0.1709
  I_PCI_TOP/I_PCI_CORE_pad_out_buf_reg_17_/CLK (DFFARX1_HVT)
                                                     0.0200                     0.0000     0.1709 r
  I_PCI_TOP/I_PCI_CORE_pad_out_buf_reg_17_/Q (DFFARX1_HVT)
                                                     0.0307   1.0000            0.0820 &   0.2529 r
  I_PCI_TOP/n8825 (net)        2   6.4845 
  I_PCI_TOP/U2395/A (NBUFFX32_LVT)         -0.0052   0.0307   1.0000  -0.0031  -0.0030 &   0.2498 r
  I_PCI_TOP/U2395/Y (NBUFFX32_LVT)                   0.0206   1.0000            0.0209 &   0.2708 r
  I_PCI_TOP/pad_out[17] (net)
                               1  37.4649 
  pad_out[17] (out)                         0.0000   0.0206   1.0000   0.0000   0.0050 &   0.2757 r
  pad_out[17] (net)            1 
  data arrival time                                                                        0.2757

  clock v_PCI_CLK (rise edge)                        0.0000                     0.0000     0.0000
  clock network delay (ideal)                                                   0.0500     0.0500
  clock reconvergence pessimism                                                 0.0000     0.0500
  output external delay                                                         0.3000     0.3500
  data required time                                                                       0.3500
  --------------------------------------------------------------------------------------------------
  data required time                                                                       0.3500
  data arrival time                                                                       -0.2757
  --------------------------------------------------------------------------------------------------
  slack (VIOLATED)                                                                        -0.0743


  Startpoint: I_PCI_TOP/I_PCI_CORE_pad_out_buf_reg_1_
               (rising edge-triggered flip-flop clocked by PCI_CLK)
  Endpoint: pad_out[1] (output port clocked by v_PCI_CLK)
  Path Group: v_PCI_CLK
  Path Type: min

  Point                      Fanout   Cap    DTrans   Trans    Derate   Delta     Incr       Path
  --------------------------------------------------------------------------------------------------
  clock PCI_CLK (rise edge)                                                     0.0000     0.0000
  clock network delay (propagated)                                              0.1708     0.1708
  I_PCI_TOP/I_PCI_CORE_pad_out_buf_reg_1_/CLK (DFFARX1_HVT)
                                                     0.0200                     0.0000     0.1708 r
  I_PCI_TOP/I_PCI_CORE_pad_out_buf_reg_1_/Q (DFFARX1_HVT)
                                                     0.0279   1.0000            0.0796 &   0.2504 r
  I_PCI_TOP/pad_out[1] (net)   2   5.5068 
  ZBUF_4_inst_54906/A (NBUFFX16_LVT)       -0.0020   0.0279   1.0000  -0.0003  -0.0002 &   0.2502 r
  ZBUF_4_inst_54906/Y (NBUFFX16_LVT)                 0.0208   1.0000            0.0206 &   0.2708 r
  pad_out[1] (net)             1  36.8835 
  pad_out[1] (out)                          0.0000   0.0208   1.0000   0.0000   0.0053 &   0.2761 r
  data arrival time                                                                        0.2761

  clock v_PCI_CLK (rise edge)                        0.0000                     0.0000     0.0000
  clock network delay (ideal)                                                   0.0500     0.0500
  clock reconvergence pessimism                                                 0.0000     0.0500
  output external delay                                                         0.3000     0.3500
  data required time                                                                       0.3500
  --------------------------------------------------------------------------------------------------
  data required time                                                                       0.3500
  data arrival time                                                                       -0.2761
  --------------------------------------------------------------------------------------------------
  slack (VIOLATED)                                                                        -0.0739


  Startpoint: I_PCI_TOP/I_PCI_CORE_pad_out_buf_reg_11_
               (rising edge-triggered flip-flop clocked by PCI_CLK)
  Endpoint: pad_out[11]
               (output port clocked by v_PCI_CLK)
  Path Group: v_PCI_CLK
  Path Type: min

  Point                      Fanout   Cap    DTrans   Trans    Derate   Delta     Incr       Path
  --------------------------------------------------------------------------------------------------
  clock PCI_CLK (rise edge)                                                     0.0000     0.0000
  clock network delay (propagated)                                              0.1703     0.1703
  I_PCI_TOP/I_PCI_CORE_pad_out_buf_reg_11_/CLK (DFFARX1_HVT)
                                                     0.0200                     0.0000     0.1703 r
  I_PCI_TOP/I_PCI_CORE_pad_out_buf_reg_11_/Q (DFFARX1_HVT)
                                                     0.0266   1.0000            0.0785 &   0.2488 r
  I_PCI_TOP/pad_out[11] (net)
                               2   5.0584 
  HFSBUF_11_240/A (NBUFFX16_RVT)           -0.0012   0.0266   1.0000  -0.0002  -0.0001 &   0.2488 r
  HFSBUF_11_240/Y (NBUFFX16_RVT)                     0.0209   1.0000            0.0222 &   0.2710 r
  pad_out[11] (net)            1  36.3452 
  pad_out[11] (out)                         0.0000   0.0209   1.0000   0.0000   0.0056 &   0.2766 r
  data arrival time                                                                        0.2766

  clock v_PCI_CLK (rise edge)                        0.0000                     0.0000     0.0000
  clock network delay (ideal)                                                   0.0500     0.0500
  clock reconvergence pessimism                                                 0.0000     0.0500
  output external delay                                                         0.3000     0.3500
  data required time                                                                       0.3500
  --------------------------------------------------------------------------------------------------
  data required time                                                                       0.3500
  data arrival time                                                                       -0.2766
  --------------------------------------------------------------------------------------------------
  slack (VIOLATED)                                                                        -0.0734


  Startpoint: I_PCI_TOP/I_PCI_CORE_pad_out_buf_reg_5_
               (rising edge-triggered flip-flop clocked by PCI_CLK)
  Endpoint: pad_out[5] (output port clocked by v_PCI_CLK)
  Path Group: v_PCI_CLK
  Path Type: min

  Point                      Fanout   Cap    DTrans   Trans    Derate   Delta     Incr       Path
  --------------------------------------------------------------------------------------------------
  clock PCI_CLK (rise edge)                                                     0.0000     0.0000
  clock network delay (propagated)                                              0.1706     0.1706
  I_PCI_TOP/I_PCI_CORE_pad_out_buf_reg_5_/CLK (DFFARX1_HVT)
                                                     0.0200                     0.0000     0.1706 r
  I_PCI_TOP/I_PCI_CORE_pad_out_buf_reg_5_/Q (DFFARX1_HVT)
                                                     0.0290   1.0000            0.0805 &   0.2512 r
  I_PCI_TOP/n8827 (net)        2   5.8880 
  I_PCI_TOP/U2518/A (NBUFFX32_LVT)         -0.0028   0.0290   1.0000  -0.0005  -0.0004 &   0.2508 r
  I_PCI_TOP/U2518/Y (NBUFFX32_LVT)                   0.0204   1.0000            0.0207 &   0.2715 r
  I_PCI_TOP/pad_out[5] (net)   1  37.9361 
  pad_out[5] (out)                          0.0000   0.0204   1.0000   0.0000   0.0055 &   0.2770 r
  pad_out[5] (net)             1 
  data arrival time                                                                        0.2770

  clock v_PCI_CLK (rise edge)                        0.0000                     0.0000     0.0000
  clock network delay (ideal)                                                   0.0500     0.0500
  clock reconvergence pessimism                                                 0.0000     0.0500
  output external delay                                                         0.3000     0.3500
  data required time                                                                       0.3500
  --------------------------------------------------------------------------------------------------
  data required time                                                                       0.3500
  data arrival time                                                                       -0.2770
  --------------------------------------------------------------------------------------------------
  slack (VIOLATED)                                                                        -0.0730


  Startpoint: I_PCI_TOP/I_PCI_CORE_pad_out_buf_reg_29_
               (rising edge-triggered flip-flop clocked by PCI_CLK)
  Endpoint: pad_out[29]
               (output port clocked by v_PCI_CLK)
  Path Group: v_PCI_CLK
  Path Type: min

  Point                      Fanout   Cap    DTrans   Trans    Derate   Delta     Incr       Path
  --------------------------------------------------------------------------------------------------
  clock PCI_CLK (rise edge)                                                     0.0000     0.0000
  clock network delay (propagated)                                              0.1710     0.1710
  I_PCI_TOP/I_PCI_CORE_pad_out_buf_reg_29_/CLK (DFFARX1_HVT)
                                                     0.0200                     0.0000     0.1710 r
  I_PCI_TOP/I_PCI_CORE_pad_out_buf_reg_29_/Q (DFFARX1_HVT)
                                                     0.0287   1.0000            0.0803 &   0.2513 r
  I_PCI_TOP/pad_out[29] (net)
                               2   5.8027 
  HFSBUF_11_234/A (NBUFFX16_RVT)            0.0000   0.0287   1.0000   0.0000   0.0001 &   0.2514 r
  HFSBUF_11_234/Y (NBUFFX16_RVT)                     0.0198   1.0000            0.0227 &   0.2742 r
  pad_out[29] (net)            1  34.2667 
  pad_out[29] (out)                         0.0000   0.0198   1.0000   0.0000   0.0031 &   0.2772 r
  data arrival time                                                                        0.2772

  clock v_PCI_CLK (rise edge)                        0.0000                     0.0000     0.0000
  clock network delay (ideal)                                                   0.0500     0.0500
  clock reconvergence pessimism                                                 0.0000     0.0500
  output external delay                                                         0.3000     0.3500
  data required time                                                                       0.3500
  --------------------------------------------------------------------------------------------------
  data required time                                                                       0.3500
  data arrival time                                                                       -0.2772
  --------------------------------------------------------------------------------------------------
  slack (VIOLATED)                                                                        -0.0728


  Startpoint: I_PCI_TOP/I_PCI_CORE_pad_out_buf_reg_7_
               (rising edge-triggered flip-flop clocked by PCI_CLK)
  Endpoint: pad_out[7] (output port clocked by v_PCI_CLK)
  Path Group: v_PCI_CLK
  Path Type: min

  Point                      Fanout   Cap    DTrans   Trans    Derate   Delta     Incr       Path
  --------------------------------------------------------------------------------------------------
  clock PCI_CLK (rise edge)                                                     0.0000     0.0000
  clock network delay (propagated)                                              0.1704     0.1704
  I_PCI_TOP/I_PCI_CORE_pad_out_buf_reg_7_/CLK (DFFARX1_HVT)
                                                     0.0200                     0.0000     0.1704 r
  I_PCI_TOP/I_PCI_CORE_pad_out_buf_reg_7_/Q (DFFARX1_HVT)
                                                     0.0279   1.0000            0.0797 &   0.2501 r
  I_PCI_TOP/pad_out[7] (net)   2   5.5336 
  HFSBUF_11_250/A (NBUFFX16_RVT)           -0.0037   0.0279   1.0000  -0.0007  -0.0006 &   0.2496 r
  HFSBUF_11_250/Y (NBUFFX16_RVT)                     0.0213   1.0000            0.0226 &   0.2721 r
  pad_out[7] (net)             1  37.4313 
  pad_out[7] (out)                          0.0000   0.0213   1.0000   0.0000   0.0055 &   0.2777 r
  data arrival time                                                                        0.2777

  clock v_PCI_CLK (rise edge)                        0.0000                     0.0000     0.0000
  clock network delay (ideal)                                                   0.0500     0.0500
  clock reconvergence pessimism                                                 0.0000     0.0500
  output external delay                                                         0.3000     0.3500
  data required time                                                                       0.3500
  --------------------------------------------------------------------------------------------------
  data required time                                                                       0.3500
  data arrival time                                                                       -0.2777
  --------------------------------------------------------------------------------------------------
  slack (VIOLATED)                                                                        -0.0723


  Startpoint: I_PCI_TOP/I_PCI_CORE_pad_out_buf_reg_23_
               (rising edge-triggered flip-flop clocked by PCI_CLK)
  Endpoint: pad_out[23]
               (output port clocked by v_PCI_CLK)
  Path Group: v_PCI_CLK
  Path Type: min

  Point                      Fanout   Cap    DTrans   Trans    Derate   Delta     Incr       Path
  --------------------------------------------------------------------------------------------------
  clock PCI_CLK (rise edge)                                                     0.0000     0.0000
  clock network delay (propagated)                                              0.1710     0.1710
  I_PCI_TOP/I_PCI_CORE_pad_out_buf_reg_23_/CLK (DFFARX1_HVT)
                                                     0.0200                     0.0000     0.1710 r
  I_PCI_TOP/I_PCI_CORE_pad_out_buf_reg_23_/Q (DFFARX1_HVT)
                                                     0.0294   1.0000            0.0809 &   0.2519 r
  I_PCI_TOP/dftopt4 (net)      2   6.0319 
  I_PCI_TOP/U2871/A (NBUFFX32_LVT)         -0.0029   0.0294   1.0000  -0.0006  -0.0005 &   0.2514 r
  I_PCI_TOP/U2871/Y (NBUFFX32_LVT)                   0.0206   1.0000            0.0208 &   0.2722 r
  I_PCI_TOP/pad_out[23] (net)
                               1  38.9846 
  pad_out[23] (out)                         0.0000   0.0206   1.0000   0.0000   0.0056 &   0.2779 r
  pad_out[23] (net)            1 
  data arrival time                                                                        0.2779

  clock v_PCI_CLK (rise edge)                        0.0000                     0.0000     0.0000
  clock network delay (ideal)                                                   0.0500     0.0500
  clock reconvergence pessimism                                                 0.0000     0.0500
  output external delay                                                         0.3000     0.3500
  data required time                                                                       0.3500
  --------------------------------------------------------------------------------------------------
  data required time                                                                       0.3500
  data arrival time                                                                       -0.2779
  --------------------------------------------------------------------------------------------------
  slack (VIOLATED)                                                                        -0.0721


  Startpoint: I_PCI_TOP/I_PCI_CORE_pad_out_buf_reg_21_
               (rising edge-triggered flip-flop clocked by PCI_CLK)
  Endpoint: pad_out[21]
               (output port clocked by v_PCI_CLK)
  Path Group: v_PCI_CLK
  Path Type: min

  Point                      Fanout   Cap    DTrans   Trans    Derate   Delta     Incr       Path
  --------------------------------------------------------------------------------------------------
  clock PCI_CLK (rise edge)                                                     0.0000     0.0000
  clock network delay (propagated)                                              0.1710     0.1710
  I_PCI_TOP/I_PCI_CORE_pad_out_buf_reg_21_/CLK (DFFARX1_HVT)
                                                     0.0200                     0.0000     0.1710 r
  I_PCI_TOP/I_PCI_CORE_pad_out_buf_reg_21_/Q (DFFARX1_HVT)
                                                     0.0303   1.0000            0.0817 &   0.2527 r
  I_PCI_TOP/n8831 (net)        2   6.3626 
  I_PCI_TOP/U2647/A (NBUFFX32_LVT)          0.0000   0.0303   1.0000   0.0000   0.0001 &   0.2528 r
  I_PCI_TOP/U2647/Y (NBUFFX32_LVT)                   0.0203   1.0000            0.0209 &   0.2737 r
  I_PCI_TOP/pad_out[21] (net)
                               1  37.5173 
  pad_out[21] (out)                         0.0000   0.0203   1.0000   0.0000   0.0046 &   0.2783 r
  pad_out[21] (net)            1 
  data arrival time                                                                        0.2783

  clock v_PCI_CLK (rise edge)                        0.0000                     0.0000     0.0000
  clock network delay (ideal)                                                   0.0500     0.0500
  clock reconvergence pessimism                                                 0.0000     0.0500
  output external delay                                                         0.3000     0.3500
  data required time                                                                       0.3500
  --------------------------------------------------------------------------------------------------
  data required time                                                                       0.3500
  data arrival time                                                                       -0.2783
  --------------------------------------------------------------------------------------------------
  slack (VIOLATED)                                                                        -0.0717


  Startpoint: I_PCI_TOP/I_PCI_CORE_pad_out_buf_reg_9_
               (rising edge-triggered flip-flop clocked by PCI_CLK)
  Endpoint: pad_out[9] (output port clocked by v_PCI_CLK)
  Path Group: v_PCI_CLK
  Path Type: min

  Point                      Fanout   Cap    DTrans   Trans    Derate   Delta     Incr       Path
  --------------------------------------------------------------------------------------------------
  clock PCI_CLK (rise edge)                                                     0.0000     0.0000
  clock network delay (propagated)                                              0.1704     0.1704
  I_PCI_TOP/I_PCI_CORE_pad_out_buf_reg_9_/CLK (DFFARX1_HVT)
                                                     0.0200                     0.0000     0.1704 r
  I_PCI_TOP/I_PCI_CORE_pad_out_buf_reg_9_/Q (DFFARX1_HVT)
                                                     0.0285   1.0000            0.0801 &   0.2505 r
  I_PCI_TOP/pad_out[9] (net)   2   5.7345 
  HFSBUF_11_258/A (NBUFFX16_RVT)           -0.0018   0.0285   1.0000  -0.0003  -0.0002 &   0.2503 r
  HFSBUF_11_258/Y (NBUFFX16_RVT)                     0.0213   1.0000            0.0227 &   0.2730 r
  pad_out[9] (net)             1  37.3426 
  pad_out[9] (out)                          0.0000   0.0213   1.0000   0.0000   0.0054 &   0.2783 r
  data arrival time                                                                        0.2783

  clock v_PCI_CLK (rise edge)                        0.0000                     0.0000     0.0000
  clock network delay (ideal)                                                   0.0500     0.0500
  clock reconvergence pessimism                                                 0.0000     0.0500
  output external delay                                                         0.3000     0.3500
  data required time                                                                       0.3500
  --------------------------------------------------------------------------------------------------
  data required time                                                                       0.3500
  data arrival time                                                                       -0.2783
  --------------------------------------------------------------------------------------------------
  slack (VIOLATED)                                                                        -0.0717


  Startpoint: I_PCI_TOP/I_PCI_CORE_pad_out_buf_reg_15_
               (rising edge-triggered flip-flop clocked by PCI_CLK)
  Endpoint: pad_out[15]
               (output port clocked by v_PCI_CLK)
  Path Group: v_PCI_CLK
  Path Type: min

  Point                      Fanout   Cap    DTrans   Trans    Derate   Delta     Incr       Path
  --------------------------------------------------------------------------------------------------
  clock PCI_CLK (rise edge)                                                     0.0000     0.0000
  clock network delay (propagated)                                              0.1709     0.1709
  I_PCI_TOP/I_PCI_CORE_pad_out_buf_reg_15_/CLK (DFFARX1_HVT)
                                                     0.0200                     0.0000     0.1709 r
  I_PCI_TOP/I_PCI_CORE_pad_out_buf_reg_15_/Q (DFFARX1_HVT)
                                                     0.0289   1.0000            0.0805 &   0.2513 r
  I_PCI_TOP/pad_out[15] (net)
                               2   5.8608 
  HFSBUF_11_257/A (NBUFFX16_RVT)           -0.0030   0.0289   1.0000  -0.0005  -0.0004 &   0.2509 r
  HFSBUF_11_257/Y (NBUFFX16_RVT)                     0.0213   1.0000            0.0227 &   0.2736 r
  pad_out[15] (net)            1  36.8553 
  pad_out[15] (out)                         0.0000   0.0213   1.0000   0.0000   0.0053 &   0.2789 r
  data arrival time                                                                        0.2789

  clock v_PCI_CLK (rise edge)                        0.0000                     0.0000     0.0000
  clock network delay (ideal)                                                   0.0500     0.0500
  clock reconvergence pessimism                                                 0.0000     0.0500
  output external delay                                                         0.3000     0.3500
  data required time                                                                       0.3500
  --------------------------------------------------------------------------------------------------
  data required time                                                                       0.3500
  data arrival time                                                                       -0.2789
  --------------------------------------------------------------------------------------------------
  slack (VIOLATED)                                                                        -0.0711


  Startpoint: I_PCI_TOP/I_PCI_CORE_pad_out_buf_reg_25_
               (rising edge-triggered flip-flop clocked by PCI_CLK)
  Endpoint: pad_out[25]
               (output port clocked by v_PCI_CLK)
  Path Group: v_PCI_CLK
  Path Type: min

  Point                      Fanout   Cap    DTrans   Trans    Derate   Delta     Incr       Path
  --------------------------------------------------------------------------------------------------
  clock PCI_CLK (rise edge)                                                     0.0000     0.0000
  clock network delay (propagated)                                              0.1710     0.1710
  I_PCI_TOP/I_PCI_CORE_pad_out_buf_reg_25_/CLK (DFFARX1_HVT)
                                                     0.0200                     0.0000     0.1710 r
  I_PCI_TOP/I_PCI_CORE_pad_out_buf_reg_25_/Q (DFFARX1_HVT)
                                                     0.0307   1.0000            0.0820 &   0.2529 r
  I_PCI_TOP/n8854 (net)        2   6.4907 
  I_PCI_TOP/HFSBUF_8_228/A (NBUFFX16_RVT)  -0.0022   0.0307   1.0000  -0.0016  -0.0014 &   0.2515 r
  I_PCI_TOP/HFSBUF_8_228/Y (NBUFFX16_RVT)            0.0213   1.0000            0.0231 &   0.2747 r
  I_PCI_TOP/pad_out[25] (net)
                               1  37.5566 
  pad_out[25] (out)                         0.0000   0.0213   1.0000   0.0000   0.0046 &   0.2793 r
  pad_out[25] (net)            1 
  data arrival time                                                                        0.2793

  clock v_PCI_CLK (rise edge)                        0.0000                     0.0000     0.0000
  clock network delay (ideal)                                                   0.0500     0.0500
  clock reconvergence pessimism                                                 0.0000     0.0500
  output external delay                                                         0.3000     0.3500
  data required time                                                                       0.3500
  --------------------------------------------------------------------------------------------------
  data required time                                                                       0.3500
  data arrival time                                                                       -0.2793
  --------------------------------------------------------------------------------------------------
  slack (VIOLATED)                                                                        -0.0707


  Startpoint: I_PCI_TOP/I_PCI_CORE_pad_out_buf_reg_3_
               (rising edge-triggered flip-flop clocked by PCI_CLK)
  Endpoint: pad_out[3] (output port clocked by v_PCI_CLK)
  Path Group: v_PCI_CLK
  Path Type: min

  Point                      Fanout   Cap    DTrans   Trans    Derate   Delta     Incr       Path
  --------------------------------------------------------------------------------------------------
  clock PCI_CLK (rise edge)                                                     0.0000     0.0000
  clock network delay (propagated)                                              0.1707     0.1707
  I_PCI_TOP/I_PCI_CORE_pad_out_buf_reg_3_/CLK (DFFARX1_HVT)
                                                     0.0200                     0.0000     0.1707 r
  I_PCI_TOP/I_PCI_CORE_pad_out_buf_reg_3_/Q (DFFARX1_HVT)
                                                     0.0294   1.0000            0.0809 &   0.2516 r
  I_PCI_TOP/pad_out[3] (net)   2   6.0549 
  HFSBUF_11_251/A (NBUFFX16_RVT)           -0.0011   0.0294   1.0000  -0.0002  -0.0000 &   0.2515 r
  HFSBUF_11_251/Y (NBUFFX16_RVT)                     0.0216   1.0000            0.0228 &   0.2744 r
  pad_out[3] (net)             1  37.9617 
  pad_out[3] (out)                          0.0000   0.0216   1.0000   0.0000   0.0056 &   0.2799 r
  data arrival time                                                                        0.2799

  clock v_PCI_CLK (rise edge)                        0.0000                     0.0000     0.0000
  clock network delay (ideal)                                                   0.0500     0.0500
  clock reconvergence pessimism                                                 0.0000     0.0500
  output external delay                                                         0.3000     0.3500
  data required time                                                                       0.3500
  --------------------------------------------------------------------------------------------------
  data required time                                                                       0.3500
  data arrival time                                                                       -0.2799
  --------------------------------------------------------------------------------------------------
  slack (VIOLATED)                                                                        -0.0701


  Startpoint: I_PCI_TOP/I_PCI_CORE_pad_out_buf_reg_19_
               (rising edge-triggered flip-flop clocked by PCI_CLK)
  Endpoint: pad_out[19]
               (output port clocked by v_PCI_CLK)
  Path Group: v_PCI_CLK
  Path Type: min

  Point                      Fanout   Cap    DTrans   Trans    Derate   Delta     Incr       Path
  --------------------------------------------------------------------------------------------------
  clock PCI_CLK (rise edge)                                                     0.0000     0.0000
  clock network delay (propagated)                                              0.1707     0.1707
  I_PCI_TOP/I_PCI_CORE_pad_out_buf_reg_19_/CLK (DFFARX1_HVT)
                                                     0.0200                     0.0000     0.1707 r
  I_PCI_TOP/I_PCI_CORE_pad_out_buf_reg_19_/Q (DFFARX1_HVT)
                                                     0.0325   1.0000            0.0834 &   0.2541 r
  I_PCI_TOP/n8824 (net)        2   7.1058 
  I_PCI_TOP/U2359/A (NBUFFX32_LVT)         -0.0039   0.0325   1.0000  -0.0007  -0.0005 &   0.2536 r
  I_PCI_TOP/U2359/Y (NBUFFX32_LVT)                   0.0212   1.0000            0.0211 &   0.2747 r
  I_PCI_TOP/pad_out[19] (net)
                               1  37.7852 
  pad_out[19] (out)                         0.0000   0.0212   1.0000   0.0000   0.0054 &   0.2801 r
  pad_out[19] (net)            1 
  data arrival time                                                                        0.2801

  clock v_PCI_CLK (rise edge)                        0.0000                     0.0000     0.0000
  clock network delay (ideal)                                                   0.0500     0.0500
  clock reconvergence pessimism                                                 0.0000     0.0500
  output external delay                                                         0.3000     0.3500
  data required time                                                                       0.3500
  --------------------------------------------------------------------------------------------------
  data required time                                                                       0.3500
  data arrival time                                                                       -0.2801
  --------------------------------------------------------------------------------------------------
  slack (VIOLATED)                                                                        -0.0699


  Startpoint: I_PCI_TOP/I_PCI_CORE_pad_out_buf_reg_31_
               (rising edge-triggered flip-flop clocked by PCI_CLK)
  Endpoint: pad_out[31]
               (output port clocked by v_PCI_CLK)
  Path Group: v_PCI_CLK
  Path Type: min

  Point                      Fanout   Cap    DTrans   Trans    Derate   Delta     Incr       Path
  --------------------------------------------------------------------------------------------------
  clock PCI_CLK (rise edge)                                                     0.0000     0.0000
  clock network delay (propagated)                                              0.1707     0.1707
  I_PCI_TOP/I_PCI_CORE_pad_out_buf_reg_31_/CLK (DFFARX1_HVT)
                                                     0.0200                     0.0000     0.1707 r
  I_PCI_TOP/I_PCI_CORE_pad_out_buf_reg_31_/Q (DFFARX1_HVT)
                                                     0.0304   1.0000            0.0818 &   0.2524 r
  I_PCI_TOP/pad_out[31] (net)
                               2   6.4068 
  ZBUF_4_inst_24034/A (NBUFFX16_RVT)       -0.0021   0.0305   1.0000  -0.0004  -0.0002 &   0.2522 r
  ZBUF_4_inst_24034/Y (NBUFFX16_RVT)                 0.0214   1.0000            0.0229 &   0.2751 r
  pad_out[31] (net)            1  36.6647 
  pad_out[31] (out)                         0.0000   0.0214   1.0000   0.0000   0.0051 &   0.2802 r
  data arrival time                                                                        0.2802

  clock v_PCI_CLK (rise edge)                        0.0000                     0.0000     0.0000
  clock network delay (ideal)                                                   0.0500     0.0500
  clock reconvergence pessimism                                                 0.0000     0.0500
  output external delay                                                         0.3000     0.3500
  data required time                                                                       0.3500
  --------------------------------------------------------------------------------------------------
  data required time                                                                       0.3500
  data arrival time                                                                       -0.2802
  --------------------------------------------------------------------------------------------------
  slack (VIOLATED)                                                                        -0.0698


  Startpoint: I_PCI_TOP/I_PCI_CORE_pad_out_buf_reg_6_
               (rising edge-triggered flip-flop clocked by PCI_CLK)
  Endpoint: pad_out[6] (output port clocked by v_PCI_CLK)
  Path Group: v_PCI_CLK
  Path Type: min

  Point                      Fanout   Cap    DTrans   Trans    Derate   Delta     Incr       Path
  --------------------------------------------------------------------------------------------------
  clock PCI_CLK (rise edge)                                                     0.0000     0.0000
  clock network delay (propagated)                                              0.1705     0.1705
  I_PCI_TOP/I_PCI_CORE_pad_out_buf_reg_6_/CLK (DFFARX1_HVT)
                                                     0.0200                     0.0000     0.1705 r
  I_PCI_TOP/I_PCI_CORE_pad_out_buf_reg_6_/Q (DFFARX1_HVT)
                                                     0.0280   1.0000            0.0797 &   0.2502 r
  I_PCI_TOP/pad_out[6] (net)   2   5.5325 
  HFSBUF_11_227/A (NBUFFX16_RVT)           -0.0068   0.0280   1.0000  -0.0040  -0.0039 &   0.2463 r
  HFSBUF_11_227/Y (NBUFFX16_RVT)                     0.0228   1.0000            0.0225 &   0.2688 r
  pad_out[6] (net)             1  46.6748 
  pad_out[6] (out)                         -0.0007   0.0228   1.0000  -0.0001   0.0118 &   0.2806 r
  data arrival time                                                                        0.2806

  clock v_PCI_CLK (rise edge)                        0.0000                     0.0000     0.0000
  clock network delay (ideal)                                                   0.0500     0.0500
  clock reconvergence pessimism                                                 0.0000     0.0500
  output external delay                                                         0.3000     0.3500
  data required time                                                                       0.3500
  --------------------------------------------------------------------------------------------------
  data required time                                                                       0.3500
  data arrival time                                                                       -0.2806
  --------------------------------------------------------------------------------------------------
  slack (VIOLATED)                                                                        -0.0694


  Startpoint: I_PCI_TOP/I_PCI_CORE_pad_out_buf_reg_8_
               (rising edge-triggered flip-flop clocked by PCI_CLK)
  Endpoint: pad_out[8] (output port clocked by v_PCI_CLK)
  Path Group: v_PCI_CLK
  Path Type: min

  Point                      Fanout   Cap    DTrans   Trans    Derate   Delta     Incr       Path
  --------------------------------------------------------------------------------------------------
  clock PCI_CLK (rise edge)                                                     0.0000     0.0000
  clock network delay (propagated)                                              0.1703     0.1703
  I_PCI_TOP/I_PCI_CORE_pad_out_buf_reg_8_/CLK (DFFARX1_HVT)
                                                     0.0200                     0.0000     0.1703 r
  I_PCI_TOP/I_PCI_CORE_pad_out_buf_reg_8_/Q (DFFARX1_HVT)
                                                     0.0276   1.0000            0.0793 &   0.2497 r
  I_PCI_TOP/pad_out[8] (net)   2   5.4012 
  ZBUF_4_inst_54903/A (NBUFFX16_LVT)       -0.0041   0.0276   1.0000  -0.0007  -0.0006 &   0.2490 r
  ZBUF_4_inst_54903/Y (NBUFFX16_LVT)                 0.0217   1.0000            0.0202 &   0.2692 r
  pad_out[8] (net)             1  45.0596 
  pad_out[8] (out)                          0.0000   0.0217   1.0000   0.0000   0.0131 &   0.2822 r
  data arrival time                                                                        0.2822

  clock v_PCI_CLK (rise edge)                        0.0000                     0.0000     0.0000
  clock network delay (ideal)                                                   0.0500     0.0500
  clock reconvergence pessimism                                                 0.0000     0.0500
  output external delay                                                         0.3000     0.3500
  data required time                                                                       0.3500
  --------------------------------------------------------------------------------------------------
  data required time                                                                       0.3500
  data arrival time                                                                       -0.2822
  --------------------------------------------------------------------------------------------------
  slack (VIOLATED)                                                                        -0.0678


  Startpoint: I_PCI_TOP/I_PCI_CORE_pad_out_buf_reg_27_
               (rising edge-triggered flip-flop clocked by PCI_CLK)
  Endpoint: pad_out[27]
               (output port clocked by v_PCI_CLK)
  Path Group: v_PCI_CLK
  Path Type: min

  Point                      Fanout   Cap    DTrans   Trans    Derate   Delta     Incr       Path
  --------------------------------------------------------------------------------------------------
  clock PCI_CLK (rise edge)                                                     0.0000     0.0000
  clock network delay (propagated)                                              0.1705     0.1705
  I_PCI_TOP/I_PCI_CORE_pad_out_buf_reg_27_/CLK (DFFARX1_HVT)
                                                     0.0200                     0.0000     0.1705 r
  I_PCI_TOP/I_PCI_CORE_pad_out_buf_reg_27_/Q (DFFARX1_HVT)
                                                     0.0309   1.0000            0.0821 &   0.2527 r
  I_PCI_TOP/pad_out[27] (net)
                               2   6.5747 
  HFSBUF_11_229/A (NBUFFX16_RVT)            0.0000   0.0309   1.0000   0.0000   0.0002 &   0.2529 r
  HFSBUF_11_229/Y (NBUFFX16_RVT)                     0.0224   1.0000            0.0232 &   0.2761 r
  pad_out[27] (net)            1  40.5081 
  pad_out[27] (out)                         0.0000   0.0224   1.0000   0.0000   0.0066 &   0.2826 r
  data arrival time                                                                        0.2826

  clock v_PCI_CLK (rise edge)                        0.0000                     0.0000     0.0000
  clock network delay (ideal)                                                   0.0500     0.0500
  clock reconvergence pessimism                                                 0.0000     0.0500
  output external delay                                                         0.3000     0.3500
  data required time                                                                       0.3500
  --------------------------------------------------------------------------------------------------
  data required time                                                                       0.3500
  data arrival time                                                                       -0.2826
  --------------------------------------------------------------------------------------------------
  slack (VIOLATED)                                                                        -0.0674


  Startpoint: I_PCI_TOP/I_PCI_CORE_pad_out_buf_reg_18_
               (rising edge-triggered flip-flop clocked by PCI_CLK)
  Endpoint: pad_out[18]
               (output port clocked by v_PCI_CLK)
  Path Group: v_PCI_CLK
  Path Type: min

  Point                      Fanout   Cap    DTrans   Trans    Derate   Delta     Incr       Path
  --------------------------------------------------------------------------------------------------
  clock PCI_CLK (rise edge)                                                     0.0000     0.0000
  clock network delay (propagated)                                              0.1707     0.1707
  I_PCI_TOP/I_PCI_CORE_pad_out_buf_reg_18_/CLK (DFFARX1_HVT)
                                                     0.0200                     0.0000     0.1707 r
  I_PCI_TOP/I_PCI_CORE_pad_out_buf_reg_18_/Q (DFFARX1_HVT)
                                                     0.0285   1.0000            0.0801 &   0.2508 r
  I_PCI_TOP/pad_out[18] (net)
                               2   5.7275 
  HFSBUF_11_246/A (NBUFFX16_RVT)           -0.0023   0.0285   1.0000  -0.0004  -0.0002 &   0.2506 r
  HFSBUF_11_246/Y (NBUFFX16_RVT)                     0.0230   1.0000            0.0227 &   0.2732 r
  pad_out[18] (net)            1  47.6182 
  pad_out[18] (out)                        -0.0033   0.0230   1.0000  -0.0018   0.0101 &   0.2834 r
  data arrival time                                                                        0.2834

  clock v_PCI_CLK (rise edge)                        0.0000                     0.0000     0.0000
  clock network delay (ideal)                                                   0.0500     0.0500
  clock reconvergence pessimism                                                 0.0000     0.0500
  output external delay                                                         0.3000     0.3500
  data required time                                                                       0.3500
  --------------------------------------------------------------------------------------------------
  data required time                                                                       0.3500
  data arrival time                                                                       -0.2834
  --------------------------------------------------------------------------------------------------
  slack (VIOLATED)                                                                        -0.0666


  Startpoint: I_PCI_TOP/I_PCI_CORE_pad_out_buf_reg_0_
               (rising edge-triggered flip-flop clocked by PCI_CLK)
  Endpoint: pad_out[0] (output port clocked by v_PCI_CLK)
  Path Group: v_PCI_CLK
  Path Type: min

  Point                      Fanout   Cap    DTrans   Trans    Derate   Delta     Incr       Path
  --------------------------------------------------------------------------------------------------
  clock PCI_CLK (rise edge)                                                     0.0000     0.0000
  clock network delay (propagated)                                              0.1708     0.1708
  I_PCI_TOP/I_PCI_CORE_pad_out_buf_reg_0_/CLK (DFFARX1_HVT)
                                                     0.0200                     0.0000     0.1708 r
  I_PCI_TOP/I_PCI_CORE_pad_out_buf_reg_0_/Q (DFFARX1_HVT)
                                                     0.0280   1.0000            0.0798 &   0.2505 r
  I_PCI_TOP/pad_out[0] (net)   2   5.5684 
  HFSBUF_11_231/A (NBUFFX16_RVT)           -0.0026   0.0280   1.0000  -0.0004  -0.0003 &   0.2502 r
  HFSBUF_11_231/Y (NBUFFX16_RVT)                     0.0225   1.0000            0.0222 &   0.2724 r
  pad_out[0] (net)             1  43.3922 
  pad_out[0] (out)                          0.0000   0.0225   1.0000   0.0000   0.0114 &   0.2838 r
  data arrival time                                                                        0.2838

  clock v_PCI_CLK (rise edge)                        0.0000                     0.0000     0.0000
  clock network delay (ideal)                                                   0.0500     0.0500
  clock reconvergence pessimism                                                 0.0000     0.0500
  output external delay                                                         0.3000     0.3500
  data required time                                                                       0.3500
  --------------------------------------------------------------------------------------------------
  data required time                                                                       0.3500
  data arrival time                                                                       -0.2838
  --------------------------------------------------------------------------------------------------
  slack (VIOLATED)                                                                        -0.0662


  Startpoint: I_PCI_TOP/I_PCI_CORE_pad_out_buf_reg_22_
               (rising edge-triggered flip-flop clocked by PCI_CLK)
  Endpoint: pad_out[22]
               (output port clocked by v_PCI_CLK)
  Path Group: v_PCI_CLK
  Path Type: min

  Point                      Fanout   Cap    DTrans   Trans    Derate   Delta     Incr       Path
  --------------------------------------------------------------------------------------------------
  clock PCI_CLK (rise edge)                                                     0.0000     0.0000
  clock network delay (propagated)                                              0.1710     0.1710
  I_PCI_TOP/I_PCI_CORE_pad_out_buf_reg_22_/CLK (DFFARX1_HVT)
                                                     0.0200                     0.0000     0.1710 r
  I_PCI_TOP/I_PCI_CORE_pad_out_buf_reg_22_/Q (DFFARX1_HVT)
                                                     0.0217   1.0000            0.0730 &   0.2440 f
  I_PCI_TOP/n8828 (net)        1   2.7199 
  I_PCI_TOP/HFSINV_40_256/A (INVX2_HVT)    -0.0027   0.0217   1.0000  -0.0005  -0.0005 &   0.2436 f
  I_PCI_TOP/HFSINV_40_256/Y (INVX2_HVT)              0.0252   1.0000            0.0209 &   0.2644 r
  I_PCI_TOP/pad_out[22] (net)
                               2  11.2847 
  HFSINV_13_255/A (INVX16_HVT)             -0.0033   0.0252   1.0000  -0.0031  -0.0029 &   0.2616 r
  HFSINV_13_255/Y (INVX16_HVT)                       0.0262   1.0000            0.0127 &   0.2742 f
  pad_out[22] (net)            1  43.2689 
  pad_out[22] (out)                        -0.0008   0.0262   1.0000  -0.0001   0.0098 &   0.2841 f
  data arrival time                                                                        0.2841

  clock v_PCI_CLK (rise edge)                        0.0000                     0.0000     0.0000
  clock network delay (ideal)                                                   0.0500     0.0500
  clock reconvergence pessimism                                                 0.0000     0.0500
  output external delay                                                         0.3000     0.3500
  data required time                                                                       0.3500
  --------------------------------------------------------------------------------------------------
  data required time                                                                       0.3500
  data arrival time                                                                       -0.2841
  --------------------------------------------------------------------------------------------------
  slack (VIOLATED)                                                                        -0.0659


  Startpoint: I_PCI_TOP/I_PCI_CORE_pad_out_buf_reg_12_
               (rising edge-triggered flip-flop clocked by PCI_CLK)
  Endpoint: pad_out[12]
               (output port clocked by v_PCI_CLK)
  Path Group: v_PCI_CLK
  Path Type: min

  Point                      Fanout   Cap    DTrans   Trans    Derate   Delta     Incr       Path
  --------------------------------------------------------------------------------------------------
  clock PCI_CLK (rise edge)                                                     0.0000     0.0000
  clock network delay (propagated)                                              0.1705     0.1705
  I_PCI_TOP/I_PCI_CORE_pad_out_buf_reg_12_/CLK (DFFARX1_HVT)
                                                     0.0200                     0.0000     0.1705 r
  I_PCI_TOP/I_PCI_CORE_pad_out_buf_reg_12_/Q (DFFARX1_HVT)
                                                     0.0297   1.0000            0.0811 &   0.2516 r
  I_PCI_TOP/pad_out[12] (net)
                               2   6.1431 
  HFSBUF_11_233/A (NBUFFX16_RVT)           -0.0057   0.0297   1.0000  -0.0020  -0.0019 &   0.2498 r
  HFSBUF_11_233/Y (NBUFFX16_RVT)                     0.0229   1.0000            0.0225 &   0.2723 r
  pad_out[12] (net)            1  44.9722 
  pad_out[12] (out)                         0.0000   0.0229   1.0000   0.0000   0.0122 &   0.2845 r
  data arrival time                                                                        0.2845

  clock v_PCI_CLK (rise edge)                        0.0000                     0.0000     0.0000
  clock network delay (ideal)                                                   0.0500     0.0500
  clock reconvergence pessimism                                                 0.0000     0.0500
  output external delay                                                         0.3000     0.3500
  data required time                                                                       0.3500
  --------------------------------------------------------------------------------------------------
  data required time                                                                       0.3500
  data arrival time                                                                       -0.2845
  --------------------------------------------------------------------------------------------------
  slack (VIOLATED)                                                                        -0.0655


  Startpoint: I_PCI_TOP/I_PCI_CORE_pad_out_buf_reg_30_
               (rising edge-triggered flip-flop clocked by PCI_CLK)
  Endpoint: pad_out[30]
               (output port clocked by v_PCI_CLK)
  Path Group: v_PCI_CLK
  Path Type: min

  Point                      Fanout   Cap    DTrans   Trans    Derate   Delta     Incr       Path
  --------------------------------------------------------------------------------------------------
  clock PCI_CLK (rise edge)                                                     0.0000     0.0000
  clock network delay (propagated)                                              0.1710     0.1710
  I_PCI_TOP/I_PCI_CORE_pad_out_buf_reg_30_/CLK (DFFARX1_HVT)
                                                     0.0200                     0.0000     0.1710 r
  I_PCI_TOP/I_PCI_CORE_pad_out_buf_reg_30_/Q (DFFARX1_HVT)
                                                     0.0304   1.0000            0.0817 &   0.2527 r
  I_PCI_TOP/pad_out[30] (net)
                               2   6.3727 
  HFSBUF_11_235/A (NBUFFX16_RVT)           -0.0035   0.0304   1.0000  -0.0011  -0.0009 &   0.2518 r
  HFSBUF_11_235/Y (NBUFFX16_RVT)                     0.0229   1.0000            0.0225 &   0.2743 r
  pad_out[30] (net)            1  42.0669 
  pad_out[30] (out)                         0.0000   0.0229   1.0000   0.0000   0.0107 &   0.2850 r
  data arrival time                                                                        0.2850

  clock v_PCI_CLK (rise edge)                        0.0000                     0.0000     0.0000
  clock network delay (ideal)                                                   0.0500     0.0500
  clock reconvergence pessimism                                                 0.0000     0.0500
  output external delay                                                         0.3000     0.3500
  data required time                                                                       0.3500
  --------------------------------------------------------------------------------------------------
  data required time                                                                       0.3500
  data arrival time                                                                       -0.2850
  --------------------------------------------------------------------------------------------------
  slack (VIOLATED)                                                                        -0.0650


  Startpoint: I_PCI_TOP/I_PCI_CORE_pad_out_buf_reg_14_
               (rising edge-triggered flip-flop clocked by PCI_CLK)
  Endpoint: pad_out[14]
               (output port clocked by v_PCI_CLK)
  Path Group: v_PCI_CLK
  Path Type: min

  Point                      Fanout   Cap    DTrans   Trans    Derate   Delta     Incr       Path
  --------------------------------------------------------------------------------------------------
  clock PCI_CLK (rise edge)                                                     0.0000     0.0000
  clock network delay (propagated)                                              0.1703     0.1703
  I_PCI_TOP/I_PCI_CORE_pad_out_buf_reg_14_/CLK (DFFARX1_HVT)
                                                     0.0200                     0.0000     0.1703 r
  I_PCI_TOP/I_PCI_CORE_pad_out_buf_reg_14_/Q (DFFARX1_HVT)
                                                     0.0273   1.0000            0.0791 &   0.2494 r
  I_PCI_TOP/pad_out[14] (net)
                               2   5.2998 
  HFSBUF_11_241/A (NBUFFX16_RVT)           -0.0027   0.0273   1.0000  -0.0005  -0.0004 &   0.2490 r
  HFSBUF_11_241/Y (NBUFFX16_RVT)                     0.0222   1.0000            0.0221 &   0.2712 r
  pad_out[14] (net)            1  47.6010 
  pad_out[14] (out)                         0.0000   0.0222   1.0000   0.0000   0.0142 &   0.2853 r
  data arrival time                                                                        0.2853

  clock v_PCI_CLK (rise edge)                        0.0000                     0.0000     0.0000
  clock network delay (ideal)                                                   0.0500     0.0500
  clock reconvergence pessimism                                                 0.0000     0.0500
  output external delay                                                         0.3000     0.3500
  data required time                                                                       0.3500
  --------------------------------------------------------------------------------------------------
  data required time                                                                       0.3500
  data arrival time                                                                       -0.2853
  --------------------------------------------------------------------------------------------------
  slack (VIOLATED)                                                                        -0.0647


  Startpoint: I_PCI_TOP/I_PCI_CORE_pad_out_buf_reg_2_
               (rising edge-triggered flip-flop clocked by PCI_CLK)
  Endpoint: pad_out[2] (output port clocked by v_PCI_CLK)
  Path Group: v_PCI_CLK
  Path Type: min

  Point                      Fanout   Cap    DTrans   Trans    Derate   Delta     Incr       Path
  --------------------------------------------------------------------------------------------------
  clock PCI_CLK (rise edge)                                                     0.0000     0.0000
  clock network delay (propagated)                                              0.1706     0.1706
  I_PCI_TOP/I_PCI_CORE_pad_out_buf_reg_2_/CLK (DFFARX1_HVT)
                                                     0.0200                     0.0000     0.1706 r
  I_PCI_TOP/I_PCI_CORE_pad_out_buf_reg_2_/Q (DFFARX1_HVT)
                                                     0.0249   1.0000            0.0771 &   0.2477 r
  I_PCI_TOP/pad_out[2] (net)   2   4.4586 
  HFSBUF_11_236/A (NBUFFX16_RVT)           -0.0019   0.0249   1.0000  -0.0003  -0.0003 &   0.2474 r
  HFSBUF_11_236/Y (NBUFFX16_RVT)                     0.0212   1.0000            0.0217 &   0.2692 r
  pad_out[2] (net)             1  51.0973 
  pad_out[2] (out)                          0.0000   0.0212   1.0000   0.0000   0.0170 &   0.2861 r
  data arrival time                                                                        0.2861

  clock v_PCI_CLK (rise edge)                        0.0000                     0.0000     0.0000
  clock network delay (ideal)                                                   0.0500     0.0500
  clock reconvergence pessimism                                                 0.0000     0.0500
  output external delay                                                         0.3000     0.3500
  data required time                                                                       0.3500
  --------------------------------------------------------------------------------------------------
  data required time                                                                       0.3500
  data arrival time                                                                       -0.2861
  --------------------------------------------------------------------------------------------------
  slack (VIOLATED)                                                                        -0.0639


  Startpoint: I_PCI_TOP/I_PCI_CORE_pad_out_buf_reg_24_
               (rising edge-triggered flip-flop clocked by PCI_CLK)
  Endpoint: pad_out[24]
               (output port clocked by v_PCI_CLK)
  Path Group: v_PCI_CLK
  Path Type: min

  Point                      Fanout   Cap    DTrans   Trans    Derate   Delta     Incr       Path
  --------------------------------------------------------------------------------------------------
  clock PCI_CLK (rise edge)                                                     0.0000     0.0000
  clock network delay (propagated)                                              0.1710     0.1710
  I_PCI_TOP/I_PCI_CORE_pad_out_buf_reg_24_/CLK (DFFARX1_HVT)
                                                     0.0200                     0.0000     0.1710 r
  I_PCI_TOP/I_PCI_CORE_pad_out_buf_reg_24_/Q (DFFARX1_HVT)
                                                     0.0306   1.0000            0.0819 &   0.2530 r
  I_PCI_TOP/pad_out[24] (net)
                               2   6.4748 
  HFSBUF_11_248/A (NBUFFX16_RVT)           -0.0020   0.0306   1.0000  -0.0011  -0.0009 &   0.2520 r
  HFSBUF_11_248/Y (NBUFFX16_RVT)                     0.0235   1.0000            0.0230 &   0.2750 r
  pad_out[24] (net)            1  47.7506 
  pad_out[24] (out)                        -0.0015   0.0235   1.0000  -0.0006   0.0113 &   0.2863 r
  data arrival time                                                                        0.2863

  clock v_PCI_CLK (rise edge)                        0.0000                     0.0000     0.0000
  clock network delay (ideal)                                                   0.0500     0.0500
  clock reconvergence pessimism                                                 0.0000     0.0500
  output external delay                                                         0.3000     0.3500
  data required time                                                                       0.3500
  --------------------------------------------------------------------------------------------------
  data required time                                                                       0.3500
  data arrival time                                                                       -0.2863
  --------------------------------------------------------------------------------------------------
  slack (VIOLATED)                                                                        -0.0637


  Startpoint: I_PCI_TOP/I_PCI_CORE_pad_out_buf_reg_4_
               (rising edge-triggered flip-flop clocked by PCI_CLK)
  Endpoint: pad_out[4] (output port clocked by v_PCI_CLK)
  Path Group: v_PCI_CLK
  Path Type: min

  Point                      Fanout   Cap    DTrans   Trans    Derate   Delta     Incr       Path
  --------------------------------------------------------------------------------------------------
  clock PCI_CLK (rise edge)                                                     0.0000     0.0000
  clock network delay (propagated)                                              0.1705     0.1705
  I_PCI_TOP/I_PCI_CORE_pad_out_buf_reg_4_/CLK (DFFARX1_HVT)
                                                     0.0200                     0.0000     0.1705 r
  I_PCI_TOP/I_PCI_CORE_pad_out_buf_reg_4_/Q (DFFARX1_HVT)
                                                     0.0298   1.0000            0.0812 &   0.2517 r
  I_PCI_TOP/pad_out[4] (net)   2   6.1878 
  HFSBUF_11_247/A (NBUFFX16_RVT)           -0.0017   0.0298   1.0000  -0.0002  -0.0001 &   0.2516 r
  HFSBUF_11_247/Y (NBUFFX16_RVT)                     0.0230   1.0000            0.0226 &   0.2742 r
  pad_out[4] (net)             1  46.1423 
  pad_out[4] (out)                          0.0000   0.0230   1.0000   0.0000   0.0126 &   0.2868 r
  data arrival time                                                                        0.2868

  clock v_PCI_CLK (rise edge)                        0.0000                     0.0000     0.0000
  clock network delay (ideal)                                                   0.0500     0.0500
  clock reconvergence pessimism                                                 0.0000     0.0500
  output external delay                                                         0.3000     0.3500
  data required time                                                                       0.3500
  --------------------------------------------------------------------------------------------------
  data required time                                                                       0.3500
  data arrival time                                                                       -0.2868
  --------------------------------------------------------------------------------------------------
  slack (VIOLATED)                                                                        -0.0632


  Startpoint: I_PCI_TOP/I_PCI_CORE_pad_out_buf_reg_10_
               (rising edge-triggered flip-flop clocked by PCI_CLK)
  Endpoint: pad_out[10]
               (output port clocked by v_PCI_CLK)
  Path Group: v_PCI_CLK
  Path Type: min

  Point                      Fanout   Cap    DTrans   Trans    Derate   Delta     Incr       Path
  --------------------------------------------------------------------------------------------------
  clock PCI_CLK (rise edge)                                                     0.0000     0.0000
  clock network delay (propagated)                                              0.1704     0.1704
  I_PCI_TOP/I_PCI_CORE_pad_out_buf_reg_10_/CLK (DFFARX1_HVT)
                                                     0.0200                     0.0000     0.1704 r
  I_PCI_TOP/I_PCI_CORE_pad_out_buf_reg_10_/Q (DFFARX1_HVT)
                                                     0.0274   1.0000            0.0792 &   0.2496 r
  I_PCI_TOP/pad_out[10] (net)
                               2   5.3466 
  HFSBUF_11_249/A (NBUFFX16_RVT)            0.0000   0.0274   1.0000   0.0000   0.0001 &   0.2497 r
  HFSBUF_11_249/Y (NBUFFX16_RVT)                     0.0222   1.0000            0.0221 &   0.2718 r
  pad_out[10] (net)            1  48.8020 
  pad_out[10] (out)                         0.0000   0.0222   1.0000   0.0000   0.0151 &   0.2869 r
  data arrival time                                                                        0.2869

  clock v_PCI_CLK (rise edge)                        0.0000                     0.0000     0.0000
  clock network delay (ideal)                                                   0.0500     0.0500
  clock reconvergence pessimism                                                 0.0000     0.0500
  output external delay                                                         0.3000     0.3500
  data required time                                                                       0.3500
  --------------------------------------------------------------------------------------------------
  data required time                                                                       0.3500
  data arrival time                                                                       -0.2869
  --------------------------------------------------------------------------------------------------
  slack (VIOLATED)                                                                        -0.0631


  Startpoint: I_PCI_TOP/I_PCI_CORE_pad_out_buf_reg_16_
               (rising edge-triggered flip-flop clocked by PCI_CLK)
  Endpoint: pad_out[16]
               (output port clocked by v_PCI_CLK)
  Path Group: v_PCI_CLK
  Path Type: min

  Point                      Fanout   Cap    DTrans   Trans    Derate   Delta     Incr       Path
  --------------------------------------------------------------------------------------------------
  clock PCI_CLK (rise edge)                                                     0.0000     0.0000
  clock network delay (propagated)                                              0.1706     0.1706
  I_PCI_TOP/I_PCI_CORE_pad_out_buf_reg_16_/CLK (DFFARX1_HVT)
                                                     0.0200                     0.0000     0.1706 r
  I_PCI_TOP/I_PCI_CORE_pad_out_buf_reg_16_/Q (DFFARX1_HVT)
                                                     0.0292   1.0000            0.0807 &   0.2514 r
  I_PCI_TOP/pad_out[16] (net)
                               2   5.9826 
  HFSBUF_11_237/A (NBUFFX16_RVT)           -0.0042   0.0292   1.0000  -0.0007  -0.0006 &   0.2508 r
  HFSBUF_11_237/Y (NBUFFX16_RVT)                     0.0229   1.0000            0.0227 &   0.2735 r
  pad_out[16] (net)            1  50.9196 
  pad_out[16] (out)                        -0.0027   0.0229   1.0000  -0.0008   0.0140 &   0.2875 r
  data arrival time                                                                        0.2875

  clock v_PCI_CLK (rise edge)                        0.0000                     0.0000     0.0000
  clock network delay (ideal)                                                   0.0500     0.0500
  clock reconvergence pessimism                                                 0.0000     0.0500
  output external delay                                                         0.3000     0.3500
  data required time                                                                       0.3500
  --------------------------------------------------------------------------------------------------
  data required time                                                                       0.3500
  data arrival time                                                                       -0.2875
  --------------------------------------------------------------------------------------------------
  slack (VIOLATED)                                                                        -0.0625


  Startpoint: I_PCI_TOP/I_PCI_CORE_pad_out_buf_reg_13_
               (rising edge-triggered flip-flop clocked by PCI_CLK)
  Endpoint: pad_out[13]
               (output port clocked by v_PCI_CLK)
  Path Group: v_PCI_CLK
  Path Type: min

  Point                      Fanout   Cap    DTrans   Trans    Derate   Delta     Incr       Path
  --------------------------------------------------------------------------------------------------
  clock PCI_CLK (rise edge)                                                     0.0000     0.0000
  clock network delay (propagated)                                              0.1703     0.1703
  I_PCI_TOP/I_PCI_CORE_pad_out_buf_reg_13_/CLK (DFFARX1_HVT)
                                                     0.0200                     0.0000     0.1703 r
  I_PCI_TOP/I_PCI_CORE_pad_out_buf_reg_13_/Q (DFFARX1_HVT)
                                                     0.0313   1.0000            0.0824 &   0.2528 r
  I_PCI_TOP/pad_out[13] (net)
                               2   6.7016 
  HFSBUF_11_253/A (NBUFFX2_HVT)            -0.0013   0.0313   1.0000  -0.0002   0.0000 &   0.2528 r
  HFSBUF_11_253/Y (NBUFFX2_HVT)                      0.0144   1.0000            0.0223 &   0.2751 r
  ZBUF_4_89 (net)              1   1.9985 
  ZBUF_4_inst_54907/A (NBUFFX16_LVT)        0.0000   0.0144   1.0000   0.0000   0.0000 &   0.2751 r
  ZBUF_4_inst_54907/Y (NBUFFX16_LVT)                 0.0177   1.0000            0.0191 &   0.2941 r
  pad_out[13] (net)            1  37.2810 
  pad_out[13] (out)                         0.0000   0.0177   1.0000   0.0000   0.0045 &   0.2986 r
  data arrival time                                                                        0.2986

  clock v_PCI_CLK (rise edge)                        0.0000                     0.0000     0.0000
  clock network delay (ideal)                                                   0.0500     0.0500
  clock reconvergence pessimism                                                 0.0000     0.0500
  output external delay                                                         0.3000     0.3500
  data required time                                                                       0.3500
  --------------------------------------------------------------------------------------------------
  data required time                                                                       0.3500
  data arrival time                                                                       -0.2986
  --------------------------------------------------------------------------------------------------
  slack (VIOLATED)                                                                        -0.0514


  Startpoint: I_PCI_TOP/I_PCI_CORE_pad_out_buf_reg_26_
               (rising edge-triggered flip-flop clocked by PCI_CLK)
  Endpoint: pad_out[26]
               (output port clocked by v_PCI_CLK)
  Path Group: v_PCI_CLK
  Path Type: min

  Point                      Fanout   Cap    DTrans   Trans    Derate   Delta     Incr       Path
  --------------------------------------------------------------------------------------------------
  clock PCI_CLK (rise edge)                                                     0.0000     0.0000
  clock network delay (propagated)                                              0.1710     0.1710
  I_PCI_TOP/I_PCI_CORE_pad_out_buf_reg_26_/CLK (DFFARX1_HVT)
                                                     0.0200                     0.0000     0.1710 r
  I_PCI_TOP/I_PCI_CORE_pad_out_buf_reg_26_/Q (DFFARX1_HVT)
                                                     0.0326   1.0000            0.0836 &   0.2546 r
  I_PCI_TOP/pad_out[26] (net)
                               2   7.1655 
  HFSBUF_11_242/A (NBUFFX2_HVT)            -0.0080   0.0326   1.0000  -0.0064  -0.0061 &   0.2485 r
  HFSBUF_11_242/Y (NBUFFX2_HVT)                      0.0151   1.0000            0.0231 &   0.2715 r
  ZBUF_4_33 (net)              1   2.4585 
  ZBUF_4_inst_54094/A (NBUFFX16_RVT)        0.0000   0.0151   1.0000   0.0000   0.0000 &   0.2716 r
  ZBUF_4_inst_54094/Y (NBUFFX16_RVT)                 0.0200   1.0000            0.0205 &   0.2921 r
  pad_out[26] (net)            1  44.1179 
  pad_out[26] (out)                        -0.0007   0.0200   1.0000  -0.0001   0.0104 &   0.3024 r
  data arrival time                                                                        0.3024

  clock v_PCI_CLK (rise edge)                        0.0000                     0.0000     0.0000
  clock network delay (ideal)                                                   0.0500     0.0500
  clock reconvergence pessimism                                                 0.0000     0.0500
  output external delay                                                         0.3000     0.3500
  data required time                                                                       0.3500
  --------------------------------------------------------------------------------------------------
  data required time                                                                       0.3500
  data arrival time                                                                       -0.3024
  --------------------------------------------------------------------------------------------------
  slack (VIOLATED)                                                                        -0.0476


  Startpoint: I_PCI_TOP/I_PCI_CORE_pad_out_buf_reg_20_
               (rising edge-triggered flip-flop clocked by PCI_CLK)
  Endpoint: pad_out[20]
               (output port clocked by v_PCI_CLK)
  Path Group: v_PCI_CLK
  Path Type: min

  Point                      Fanout   Cap    DTrans   Trans    Derate   Delta     Incr       Path
  --------------------------------------------------------------------------------------------------
  clock PCI_CLK (rise edge)                                                     0.0000     0.0000
  clock network delay (propagated)                                              0.1705     0.1705
  I_PCI_TOP/I_PCI_CORE_pad_out_buf_reg_20_/CLK (DFFARX1_HVT)
                                                     0.0200                     0.0000     0.1705 r
  I_PCI_TOP/I_PCI_CORE_pad_out_buf_reg_20_/Q (DFFARX1_HVT)
                                                     0.0337   1.0000            0.0845 &   0.2550 r
  I_PCI_TOP/pad_out[20] (net)
                               2   7.5422 
  HFSBUF_11_230/A (NBUFFX2_HVT)            -0.0042   0.0337   1.0000  -0.0010  -0.0008 &   0.2543 r
  HFSBUF_11_230/Y (NBUFFX2_HVT)                      0.0157   1.0000            0.0237 &   0.2780 r
  ZBUF_4_86 (net)              1   2.8883 
  ZBUF_4_inst_54904/A (NBUFFX16_LVT)        0.0000   0.0157   1.0000   0.0000   0.0000 &   0.2780 r
  ZBUF_4_inst_54904/Y (NBUFFX16_LVT)                 0.0191   1.0000            0.0189 &   0.2969 r
  pad_out[20] (net)            1  47.2041 
  pad_out[20] (out)                         0.0000   0.0191   1.0000   0.0000   0.0123 &   0.3092 r
  data arrival time                                                                        0.3092

  clock v_PCI_CLK (rise edge)                        0.0000                     0.0000     0.0000
  clock network delay (ideal)                                                   0.0500     0.0500
  clock reconvergence pessimism                                                 0.0000     0.0500
  output external delay                                                         0.3000     0.3500
  data required time                                                                       0.3500
  --------------------------------------------------------------------------------------------------
  data required time                                                                       0.3500
  data arrival time                                                                       -0.3092
  --------------------------------------------------------------------------------------------------
  slack (VIOLATED)                                                                        -0.0408


  Startpoint: I_PCI_TOP/I_PCI_CORE_pad_out_buf_reg_28_
               (rising edge-triggered flip-flop clocked by PCI_CLK)
  Endpoint: pad_out[28]
               (output port clocked by v_PCI_CLK)
  Path Group: v_PCI_CLK
  Path Type: min

  Point                      Fanout   Cap    DTrans   Trans    Derate   Delta     Incr       Path
  --------------------------------------------------------------------------------------------------
  clock PCI_CLK (rise edge)                                                     0.0000     0.0000
  clock network delay (propagated)                                              0.1705     0.1705
  I_PCI_TOP/I_PCI_CORE_pad_out_buf_reg_28_/CLK (DFFARX1_HVT)
                                                     0.0200                     0.0000     0.1705 r
  I_PCI_TOP/I_PCI_CORE_pad_out_buf_reg_28_/Q (DFFARX1_HVT)
                                                     0.0213   1.0000            0.0727 &   0.2432 f
  I_PCI_TOP/n8838 (net)        1   2.6252 
  I_PCI_TOP/HFSINV_40_245/A (INVX0_HVT)    -0.0009   0.0213   1.0000  -0.0001  -0.0001 &   0.2432 f
  I_PCI_TOP/HFSINV_40_245/Y (INVX0_HVT)              0.0237   1.0000            0.0205 &   0.2636 r
  I_PCI_TOP/pad_out[28] (net)
                               2   3.3988 
  HFSINV_13_244/A (INVX0_HVT)              -0.0036   0.0237   1.0000  -0.0036  -0.0036 &   0.2601 r
  HFSINV_13_244/Y (INVX0_HVT)                        0.0246   1.0000            0.0192 &   0.2793 f
  ZBUF_4_87 (net)              1   2.2600 
  ZBUF_4_inst_54905/A (NBUFFX16_LVT)        0.0000   0.0246   1.0000   0.0000   0.0000 &   0.2793 f
  ZBUF_4_inst_54905/Y (NBUFFX16_LVT)                 0.0213   1.0000            0.0204 &   0.2997 f
  pad_out[28] (net)            1  45.1239 
  pad_out[28] (out)                         0.0000   0.0213   1.0000   0.0000   0.0106 &   0.3103 f
  data arrival time                                                                        0.3103

  clock v_PCI_CLK (rise edge)                        0.0000                     0.0000     0.0000
  clock network delay (ideal)                                                   0.0500     0.0500
  clock reconvergence pessimism                                                 0.0000     0.0500
  output external delay                                                         0.3000     0.3500
  data required time                                                                       0.3500
  --------------------------------------------------------------------------------------------------
  data required time                                                                       0.3500
  data arrival time                                                                       -0.3103
  --------------------------------------------------------------------------------------------------
  slack (VIOLATED)                                                                        -0.0397


  Startpoint: sd_DQ_in[28]
               (input port clocked by v_SDRAM_CLK)
  Endpoint: I_SDRAM_TOP/I_SDRAM_IF/DQ_in_0_reg_28_
               (rising edge-triggered flip-flop clocked by SDRAM_CLK)
  Path Group: SDRAM_CLK
  Path Type: min

  Point                      Fanout   Cap    DTrans   Trans    Derate   Delta     Incr       Path
  --------------------------------------------------------------------------------------------------
  clock v_SDRAM_CLK (rise edge)                      0.0000                     0.0000     0.0000
  clock network delay (ideal)                                                   0.0000     0.0000
  input external delay                                                          0.1000     0.1000 f
  sd_DQ_in[28] (in)                                  0.0106                     0.0047 &   0.1047 f
  sd_DQ_in[28] (net)           1   2.7808 
  I_SDRAM_TOP/I_SDRAM_IF/copt_h_inst_54544/A (NBUFFX2_HVT)
                                           -0.0003   0.0106   1.0000  -0.0003  -0.0002 &   0.1045 f
  I_SDRAM_TOP/I_SDRAM_IF/copt_h_inst_54544/Y (NBUFFX2_HVT)
                                                     0.0088   1.0000            0.0164 &   0.1210 f
  I_SDRAM_TOP/I_SDRAM_IF/copt_net_41590 (net)
                               1   1.0257 
  I_SDRAM_TOP/I_SDRAM_IF/copt_h_inst_54546/A (NBUFFX2_HVT)
                                           -0.0008   0.0088   1.0000  -0.0002  -0.0002 &   0.1207 f
  I_SDRAM_TOP/I_SDRAM_IF/copt_h_inst_54546/Y (NBUFFX2_HVT)
                                                     0.0080   1.0000            0.0157 &   0.1364 f
  I_SDRAM_TOP/I_SDRAM_IF/copt_net_41592 (net)
                               1   0.7734 
  I_SDRAM_TOP/I_SDRAM_IF/copt_h_inst_54543/A (NBUFFX2_HVT)
                                            0.0000   0.0080   1.0000   0.0000   0.0000 &   0.1364 f
  I_SDRAM_TOP/I_SDRAM_IF/copt_h_inst_54543/Y (NBUFFX2_HVT)
                                                     0.0080   1.0000            0.0156 &   0.1520 f
  I_SDRAM_TOP/I_SDRAM_IF/copt_net_41589 (net)
                               1   0.8363 
  I_SDRAM_TOP/I_SDRAM_IF/copt_h_inst_54542/A (NBUFFX2_HVT)
                                           -0.0004   0.0080   1.0000  -0.0001  -0.0001 &   0.1520 f
  I_SDRAM_TOP/I_SDRAM_IF/copt_h_inst_54542/Y (NBUFFX2_HVT)
                                                     0.0103   1.0000            0.0177 &   0.1697 f
  I_SDRAM_TOP/I_SDRAM_IF/copt_net_41588 (net)
                               2   2.0816 
  I_SDRAM_TOP/I_SDRAM_IF/DQ_in_0_reg_28_/D (SDFFX1_HVT)
                                           -0.0008   0.0103   1.0000  -0.0001  -0.0001 &   0.1696 f
  data arrival time                                                                        0.1696

  clock SDRAM_CLK (rise edge)                                                   0.0000     0.0000
  clock network delay (propagated)                                              0.2137     0.2137
  clock reconvergence pessimism                                                 0.0000     0.2137
  I_SDRAM_TOP/I_SDRAM_IF/DQ_in_0_reg_28_/CLK (SDFFX1_HVT)                                  0.2137 r
  library hold time                                           1.0000           -0.0176     0.1960
  data required time                                                                       0.1960
  --------------------------------------------------------------------------------------------------
  data required time                                                                       0.1960
  data arrival time                                                                       -0.1696
  --------------------------------------------------------------------------------------------------
  slack (VIOLATED)                                                                        -0.0265


  Startpoint: sd_DQ_in[4]
               (input port clocked by v_SDRAM_CLK)
  Endpoint: I_SDRAM_TOP/I_SDRAM_IF/DQ_in_1_reg_4_
               (falling edge-triggered flip-flop clocked by SDRAM_CLK)
  Path Group: SDRAM_CLK
  Path Type: min

  Point                      Fanout   Cap    DTrans   Trans    Derate   Delta     Incr       Path
  --------------------------------------------------------------------------------------------------
  clock v_SDRAM_CLK (fall edge)                      0.0000                     2.0500     2.0500
  clock network delay (ideal)                                                   0.0000     2.0500
  input external delay                                                          0.1000     2.1500 r
  sd_DQ_in[4] (in)                                   0.0061                     0.0037 &   2.1537 r
  sd_DQ_in[4] (net)            1   2.8166 
  I_SDRAM_TOP/I_SDRAM_IF/copt_h_inst_54688/A (NBUFFX2_HVT)
                                           -0.0003   0.0061   1.0000  -0.0001  -0.0000 &   2.1537 r
  I_SDRAM_TOP/I_SDRAM_IF/copt_h_inst_54688/Y (NBUFFX2_HVT)
                                                     0.0085   1.0000            0.0167 &   2.1704 r
  I_SDRAM_TOP/I_SDRAM_IF/copt_net_41674 (net)
                               1   0.7353 
  I_SDRAM_TOP/I_SDRAM_IF/copt_h_inst_54689/A (NBUFFX2_HVT)
                                            0.0000   0.0085   1.0000   0.0000   0.0000 &   2.1704 r
  I_SDRAM_TOP/I_SDRAM_IF/copt_h_inst_54689/Y (NBUFFX2_HVT)
                                                     0.0087   1.0000            0.0168 &   2.1872 r
  I_SDRAM_TOP/I_SDRAM_IF/copt_net_41675 (net)
                               1   0.5905 
  I_SDRAM_TOP/I_SDRAM_IF/copt_h_inst_54687/A (NBUFFX2_HVT)
                                            0.0000   0.0087   1.0000   0.0000   0.0000 &   2.1872 r
  I_SDRAM_TOP/I_SDRAM_IF/copt_h_inst_54687/Y (NBUFFX2_HVT)
                                                     0.0149   1.0000            0.0227 &   2.2098 r
  I_SDRAM_TOP/I_SDRAM_IF/copt_net_41673 (net)
                               2   5.0973 
  I_SDRAM_TOP/I_SDRAM_IF/copt_h_inst_54690/A (NBUFFX2_HVT)
                                           -0.0011   0.0150   1.0000  -0.0002  -0.0001 &   2.2098 r
  I_SDRAM_TOP/I_SDRAM_IF/copt_h_inst_54690/Y (NBUFFX2_HVT)
                                                     0.0108   1.0000            0.0188 &   2.2286 r
  I_SDRAM_TOP/I_SDRAM_IF/copt_net_41676 (net)
                               1   1.3335 
  I_SDRAM_TOP/I_SDRAM_IF/DQ_in_1_reg_4_/D (SDFFNX1_RVT)
                                           -0.0017   0.0108   1.0000  -0.0011  -0.0011 &   2.2275 r
  data arrival time                                                                        2.2275

  clock SDRAM_CLK (fall edge)                                                   2.0500     2.0500
  clock network delay (propagated)                                              0.1892     2.2392
  clock reconvergence pessimism                                                 0.0000     2.2392
  I_SDRAM_TOP/I_SDRAM_IF/DQ_in_1_reg_4_/CLK (SDFFNX1_RVT)                                  2.2392 f
  library hold time                                           1.0000           -0.0113     2.2279
  data required time                                                                       2.2279
  --------------------------------------------------------------------------------------------------
  data required time                                                                       2.2279
  data arrival time                                                                       -2.2275
  --------------------------------------------------------------------------------------------------
  slack (VIOLATED)                                                                        -0.0003


1
