****************************************
Report : analysis_coverage
Design : ORCA_TOP
Version: O-2018.06
Date   : Fri May 26 22:59:59 2023
****************************************

Type of Check         Total              Met         Violated         Untested
--------------------------------------------------------------------------------
setup                 16153         0 (  0%)         0 (  0%)     16153 (100%)
hold                  15993      5800 ( 36%)         4 (  0%)     10189 ( 64%)
recovery               4328         0 (  0%)         0 (  0%)      4328 (100%)
removal                4328         0 (  0%)         0 (  0%)      4328 (100%)
min_pulse_width       14620     10292 ( 70%)         0 (  0%)      4328 ( 30%)
clock_gating_setup       60         0 (  0%)         0 (  0%)        60 (100%)
clock_gating_hold        60         0 (  0%)         0 (  0%)        60 (100%)
out_setup               141         0 (  0%)         0 (  0%)       141 (100%)
out_hold                141        78 ( 55%)         0 (  0%)        63 ( 45%)
--------------------------------------------------------------------------------
All Checks            55824     16170 ( 29%)         4 (  0%)     39650 ( 71%)

1
