****************************************
Report : constraint
	-all_violators
	-path slack_only
Design : ORCA_TOP
Version: O-2018.06
Date   : Fri May 26 22:59:37 2023
****************************************


   max_delay/setup ('OUTPUTS' group)

   Endpoint                                                  Slack
   -----------------------------------------------------------------
   sd_DQ_out[30]                                            -0.576  (VIOLATED)
   sd_DQ_out[23]                                            -0.538  (VIOLATED)
   sd_DQ_out[25]                                            -0.229  (VIOLATED)
   sd_DQ_out[3]                                             -0.225  (VIOLATED)
   sd_DQ_out[1]                                             -0.223  (VIOLATED)
   sd_DQ_out[27]                                            -0.217  (VIOLATED)
   sd_DQ_out[10]                                            -0.206  (VIOLATED)
   sd_DQ_out[18]                                            -0.206  (VIOLATED)
   sd_DQ_out[7]                                             -0.205  (VIOLATED)
   sd_DQ_out[9]                                             -0.203  (VIOLATED)
   sd_DQ_out[4]                                             -0.203  (VIOLATED)
   sd_DQ_out[14]                                            -0.200  (VIOLATED)
   sd_DQ_out[0]                                             -0.200  (VIOLATED)
   sd_DQ_out[29]                                            -0.199  (VIOLATED)
   sd_DQ_out[5]                                             -0.198  (VIOLATED)
   sd_DQ_out[20]                                            -0.195  (VIOLATED)
   sd_DQ_out[12]                                            -0.195  (VIOLATED)
   sd_DQ_out[6]                                             -0.195  (VIOLATED)
   sd_DQ_out[8]                                             -0.195  (VIOLATED)
   sd_DQ_out[17]                                            -0.194  (VIOLATED)
   sd_DQ_out[13]                                            -0.193  (VIOLATED)
   sd_DQ_out[16]                                            -0.192  (VIOLATED)
   sd_DQ_out[21]                                            -0.192  (VIOLATED)
   sd_DQ_out[28]                                            -0.190  (VIOLATED)
   sd_DQ_out[2]                                             -0.190  (VIOLATED)
   sd_DQ_out[19]                                            -0.188  (VIOLATED)
   sd_DQ_out[22]                                            -0.187  (VIOLATED)
   sd_DQ_out[24]                                            -0.185  (VIOLATED)
   sd_DQ_out[11]                                            -0.184  (VIOLATED)
   sd_DQ_out[15]                                            -0.184  (VIOLATED)
   sd_DQ_out[26]                                            -0.181  (VIOLATED)
   sd_DQ_out[31]                                            -0.178  (VIOLATED)

   max_delay/setup ('SYS_2x_CLK' group)

   Endpoint                                                  Slack
   -----------------------------------------------------------------
   I_RISC_CORE/I_INSTRN_LAT_Crnt_Instrn_2_reg_11_/D         -0.365  (VIOLATED)
   I_RISC_CORE/I_INSTRN_LAT_Crnt_Instrn_2_reg_22_/D         -0.360  (VIOLATED)
   I_RISC_CORE/I_INSTRN_LAT_Crnt_Instrn_2_reg_15_/D         -0.349  (VIOLATED)
   I_RISC_CORE/I_INSTRN_LAT_Crnt_Instrn_2_reg_8_/D          -0.348  (VIOLATED)
   I_RISC_CORE/I_INSTRN_LAT_Crnt_Instrn_2_reg_12_/D         -0.347  (VIOLATED)
   I_RISC_CORE/I_INSTRN_LAT_Crnt_Instrn_2_reg_9_/D          -0.345  (VIOLATED)
   I_RISC_CORE/I_INSTRN_LAT_Crnt_Instrn_2_reg_13_/D         -0.343  (VIOLATED)
   I_RISC_CORE/I_INSTRN_LAT_Crnt_Instrn_2_reg_10_/D         -0.335  (VIOLATED)
   I_RISC_CORE/I_INSTRN_LAT_Crnt_Instrn_2_reg_19_/D         -0.327  (VIOLATED)
   I_RISC_CORE/I_INSTRN_LAT_Crnt_Instrn_2_reg_29_/D         -0.327  (VIOLATED)
   I_RISC_CORE/I_INSTRN_LAT_Crnt_Instrn_2_reg_25_/D         -0.321  (VIOLATED)
   I_RISC_CORE/I_INSTRN_LAT_Crnt_Instrn_2_reg_18_/D         -0.321  (VIOLATED)
   I_RISC_CORE/I_INSTRN_LAT_Crnt_Instrn_2_reg_17_/D         -0.319  (VIOLATED)
   I_RISC_CORE/I_INSTRN_LAT_Crnt_Instrn_2_reg_24_/D         -0.310  (VIOLATED)
   I_RISC_CORE/I_INSTRN_LAT_Crnt_Instrn_2_reg_30_/D         -0.306  (VIOLATED)
   I_RISC_CORE/I_INSTRN_LAT_Crnt_Instrn_2_reg_23_/D         -0.303  (VIOLATED)
   I_RISC_CORE/I_INSTRN_LAT_Crnt_Instrn_2_reg_27_/D         -0.300  (VIOLATED)
   I_RISC_CORE/I_INSTRN_LAT_Crnt_Instrn_2_reg_20_/D         -0.292  (VIOLATED)
   I_RISC_CORE/I_INSTRN_LAT_Crnt_Instrn_2_reg_28_/D         -0.286  (VIOLATED)
   I_RISC_CORE/I_INSTRN_LAT_Crnt_Instrn_2_reg_31_/D         -0.283  (VIOLATED)
   I_RISC_CORE/I_INSTRN_LAT_Crnt_Instrn_2_reg_16_/D         -0.237  (VIOLATED)
   I_RISC_CORE/I_INSTRN_LAT_Crnt_Instrn_2_reg_1_/D          -0.231  (VIOLATED)
   I_RISC_CORE/I_INSTRN_LAT_Crnt_Instrn_2_reg_14_/D         -0.225  (VIOLATED)
   I_RISC_CORE/I_INSTRN_LAT_Crnt_Instrn_2_reg_26_/D         -0.204  (VIOLATED)
   I_RISC_CORE/I_INSTRN_LAT_Crnt_Instrn_2_reg_21_/D         -0.054  (VIOLATED)
   I_RISC_CORE/I_INSTRN_LAT_Crnt_Instrn_2_reg_7_/D          -0.008  (VIOLATED)

   max_delay/setup ('group_pclk' group)

   Endpoint                                                  Slack
   -----------------------------------------------------------------
   I_PCI_TOP/I_PCI_CORE_mega_shift_reg_9__30_/D             -0.105  (VIOLATED)
   I_PCI_TOP/I_PCI_CORE_mega_shift_reg_0__30_/D             -0.105  (VIOLATED)
   I_PCI_TOP/I_PCI_CORE_mega_shift_reg_3__30_/D             -0.104  (VIOLATED)
   I_PCI_TOP/I_PCI_CORE_mega_shift_reg_9__29_/D             -0.095  (VIOLATED)
   I_PCI_TOP/I_PCI_CORE_mega_shift_reg_2__30_/D             -0.095  (VIOLATED)
   I_PCI_TOP/I_PCI_CORE_mega_shift_reg_4__30_/D             -0.090  (VIOLATED)
   I_PCI_TOP/I_PCI_CORE_mega_shift_reg_6__30_/D             -0.086  (VIOLATED)
   I_PCI_TOP/I_PCI_CORE_mega_shift_reg_8__30_/D             -0.084  (VIOLATED)
   I_PCI_TOP/I_PCI_CORE_mega_shift_reg_5__30_/D             -0.082  (VIOLATED)
   I_PCI_TOP/I_PCI_CORE_mega_shift_reg_0__28_/D             -0.082  (VIOLATED)
   I_PCI_TOP/I_PCI_CORE_mega_shift_reg_1__30_/D             -0.081  (VIOLATED)
   I_PCI_TOP/I_PCI_CORE_mega_shift_reg_7__30_/D             -0.080  (VIOLATED)
   I_PCI_TOP/I_PCI_CORE_mega_shift_reg_5__31_/D             -0.078  (VIOLATED)
   I_PCI_TOP/I_PCI_CORE_mega_shift_reg_0__31_/D             -0.078  (VIOLATED)
   I_PCI_TOP/I_PCI_CORE_mega_shift_reg_2__31_/D             -0.077  (VIOLATED)
   I_PCI_TOP/I_PCI_CORE_mega_shift_reg_4__31_/D             -0.076  (VIOLATED)
   I_PCI_TOP/I_PCI_CORE_mega_shift_reg_1__31_/D             -0.065  (VIOLATED)
   I_PCI_TOP/I_PCI_CORE_mega_shift_reg_6__31_/D             -0.064  (VIOLATED)
   I_PCI_TOP/I_PCI_CORE_mega_shift_reg_8__31_/D             -0.055  (VIOLATED)
   I_PCI_TOP/I_PCI_CORE_mega_shift_reg_7__31_/D             -0.048  (VIOLATED)
   I_PCI_TOP/I_PCI_CORE_mega_shift_reg_3__31_/D             -0.030  (VIOLATED)
   I_PCI_TOP/I_PCI_CORE_mega_shift_reg_3__29_/D             -0.022  (VIOLATED)
   I_PCI_TOP/I_PCI_CORE_mega_shift_reg_9__28_/D             -0.017  (VIOLATED)
   I_PCI_TOP/I_PCI_CORE_mega_shift_reg_0__27_/D             -0.014  (VIOLATED)
   I_PCI_TOP/I_PCI_CORE_mega_shift_reg_8__29_/D             -0.008  (VIOLATED)
   I_PCI_TOP/I_PCI_CORE_mega_shift_reg_0__22_/D             -0.004  (VIOLATED)
   I_PCI_TOP/I_PCI_CORE_mega_shift_reg_4__28_/D             -0.003  (VIOLATED)

   max_delay/setup ('group_sdram' group)

   Endpoint                                                  Slack
   -----------------------------------------------------------------
   occ_int2/U_clk_control_i_1/U_cycle_ctr_i/tercnt_n_reg_reg/D
                                                            -0.148  (VIOLATED)
   I_SDRAM_TOP/I_SDRAM_IF/mega_shift_1_reg_7__2_/D          -0.112  (VIOLATED)
   occ_int2/U_clk_control_i_1/U_cycle_ctr_i/count_int_reg[1]/D
                                                            -0.111  (VIOLATED)
   I_SDRAM_TOP/I_SDRAM_IF/mega_shift_0_reg_18__8_/D         -0.106  (VIOLATED)
   I_SDRAM_TOP/I_SDRAM_IF/mega_shift_0_reg_20__24_/D        -0.103  (VIOLATED)
   I_SDRAM_TOP/I_SDRAM_IF/mega_shift_0_reg_25__24_/D        -0.102  (VIOLATED)
   I_SDRAM_TOP/I_SDRAM_IF/mega_shift_0_reg_37__19_/D        -0.101  (VIOLATED)
   I_SDRAM_TOP/I_SDRAM_IF/mega_shift_0_reg_10__26_/D        -0.100  (VIOLATED)
   I_SDRAM_TOP/I_SDRAM_IF/mega_shift_1_reg_1__27_/D         -0.100  (VIOLATED)
   I_SDRAM_TOP/I_SDRAM_IF/mega_shift_1_reg_22__11_/D        -0.098  (VIOLATED)
   I_SDRAM_TOP/I_SDRAM_IF/mega_shift_1_reg_18__15_/D        -0.097  (VIOLATED)
   I_SDRAM_TOP/I_SDRAM_IF/mega_shift_1_reg_15__24_/D        -0.096  (VIOLATED)
   I_SDRAM_TOP/I_SDRAM_IF/mega_shift_0_reg_13__6_/D         -0.095  (VIOLATED)
   I_SDRAM_TOP/I_SDRAM_IF/mega_shift_0_reg_36__14_/D        -0.095  (VIOLATED)
   I_SDRAM_TOP/I_SDRAM_IF/mega_shift_1_reg_35__14_/D        -0.095  (VIOLATED)
   I_SDRAM_TOP/I_SDRAM_IF/mega_shift_0_reg_0__16_/D         -0.095  (VIOLATED)
   I_SDRAM_TOP/I_SDRAM_IF/mega_shift_0_reg_22__19_/D        -0.095  (VIOLATED)
   I_SDRAM_TOP/I_SDRAM_IF/mega_shift_1_reg_22__23_/D        -0.093  (VIOLATED)
   I_SDRAM_TOP/I_SDRAM_IF/mega_shift_0_reg_11__4_/D         -0.093  (VIOLATED)
   I_SDRAM_TOP/I_SDRAM_IF/mega_shift_0_reg_1__15_/D         -0.092  (VIOLATED)
   I_SDRAM_TOP/I_SDRAM_IF/mega_shift_1_reg_22__15_/D        -0.092  (VIOLATED)
   I_SDRAM_TOP/I_SDRAM_IF/mega_shift_0_reg_6__6_/D          -0.091  (VIOLATED)
   I_SDRAM_TOP/I_SDRAM_IF/mega_shift_0_reg_17__31_/D        -0.091  (VIOLATED)
   I_SDRAM_TOP/I_SDRAM_IF/mega_shift_0_reg_5__25_/D         -0.091  (VIOLATED)
   I_SDRAM_TOP/I_SDRAM_IF/mega_shift_0_reg_31__19_/D        -0.090  (VIOLATED)
   I_SDRAM_TOP/I_SDRAM_IF/mega_shift_0_reg_37__27_/D        -0.089  (VIOLATED)
   I_SDRAM_TOP/I_SDRAM_IF/mega_shift_0_reg_12__10_/D        -0.088  (VIOLATED)
   I_SDRAM_TOP/I_SDRAM_IF/mega_shift_1_reg_13__17_/D        -0.088  (VIOLATED)
   I_SDRAM_TOP/I_SDRAM_IF/mega_shift_0_reg_13__18_/D        -0.088  (VIOLATED)
   I_SDRAM_TOP/I_SDRAM_IF/mega_shift_0_reg_35__11_/D        -0.088  (VIOLATED)
   I_SDRAM_TOP/I_SDRAM_IF/mega_shift_0_reg_12__18_/D        -0.088  (VIOLATED)
   I_SDRAM_TOP/I_SDRAM_IF/mega_shift_0_reg_29__20_/D        -0.087  (VIOLATED)
   I_SDRAM_TOP/I_SDRAM_IF/mega_shift_0_reg_8__1_/D          -0.087  (VIOLATED)
   I_SDRAM_TOP/I_SDRAM_IF/mega_shift_0_reg_0__7_/D          -0.086  (VIOLATED)
   I_SDRAM_TOP/I_SDRAM_IF/mega_shift_1_reg_15__0_/D         -0.085  (VIOLATED)
   I_SDRAM_TOP/I_SDRAM_IF/mega_shift_1_reg_11__30_/D        -0.084  (VIOLATED)
   I_SDRAM_TOP/I_SDRAM_IF/mega_shift_0_reg_27__4_/D         -0.084  (VIOLATED)
   I_SDRAM_TOP/I_SDRAM_IF/R_10/D                            -0.084  (VIOLATED)
   I_SDRAM_TOP/I_SDRAM_IF/mega_shift_0_reg_37__3_/D         -0.083  (VIOLATED)
   I_SDRAM_TOP/I_SDRAM_IF/mega_shift_0_reg_34__22_/D        -0.083  (VIOLATED)
   I_SDRAM_TOP/I_SDRAM_IF/mega_shift_0_reg_16__24_/D        -0.083  (VIOLATED)
   I_SDRAM_TOP/I_SDRAM_IF/mega_shift_0_reg_15__21_/D        -0.082  (VIOLATED)
   I_SDRAM_TOP/I_SDRAM_IF/mega_shift_0_reg_10__11_/D        -0.082  (VIOLATED)
   I_SDRAM_TOP/I_SDRAM_IF/mega_shift_1_reg_5__2_/D          -0.080  (VIOLATED)
   I_SDRAM_TOP/I_SDRAM_IF/mega_shift_1_reg_37__15_/D        -0.080  (VIOLATED)
   I_SDRAM_TOP/I_SDRAM_IF/mega_shift_0_reg_7__14_/D         -0.080  (VIOLATED)
   I_SDRAM_TOP/I_SDRAM_IF/mega_shift_1_reg_11__20_/D        -0.080  (VIOLATED)
   I_SDRAM_TOP/I_SDRAM_IF/mega_shift_0_reg_13__12_/D        -0.080  (VIOLATED)
   I_SDRAM_TOP/I_SDRAM_IF/mega_shift_1_reg_24__1_/D         -0.079  (VIOLATED)
   I_SDRAM_TOP/I_SDRAM_IF/mega_shift_0_reg_8__30_/D         -0.079  (VIOLATED)
   I_SDRAM_TOP/I_SDRAM_IF/mega_shift_1_reg_38__31_/D        -0.079  (VIOLATED)
   I_SDRAM_TOP/I_SDRAM_IF/mega_shift_1_reg_5__3_/D          -0.079  (VIOLATED)
   I_SDRAM_TOP/I_SDRAM_IF/mega_shift_0_reg_26__6_/D         -0.079  (VIOLATED)
   I_SDRAM_TOP/I_SDRAM_IF/mega_shift_1_reg_24__7_/D         -0.078  (VIOLATED)
   I_SDRAM_TOP/I_SDRAM_IF/mega_shift_0_reg_24__23_/D        -0.078  (VIOLATED)
   I_SDRAM_TOP/I_SDRAM_IF/mega_shift_0_reg_13__28_/D        -0.078  (VIOLATED)
   I_SDRAM_TOP/I_SDRAM_IF/mega_shift_1_reg_12__0_/D         -0.078  (VIOLATED)
   I_SDRAM_TOP/I_SDRAM_IF/mega_shift_1_reg_36__11_/D        -0.077  (VIOLATED)
   I_SDRAM_TOP/I_SDRAM_IF/mega_shift_1_reg_15__18_/D        -0.077  (VIOLATED)
   I_SDRAM_TOP/I_SDRAM_IF/mega_shift_0_reg_7__24_/D         -0.076  (VIOLATED)
   I_SDRAM_TOP/I_SDRAM_IF/mega_shift_0_reg_25__13_/D        -0.076  (VIOLATED)
   I_SDRAM_TOP/I_SDRAM_IF/mega_shift_0_reg_27__14_/D        -0.075  (VIOLATED)
   I_SDRAM_TOP/I_SDRAM_IF/mega_shift_1_reg_10__18_/D        -0.075  (VIOLATED)
   I_SDRAM_TOP/I_SDRAM_IF/mega_shift_0_reg_0__24_/D         -0.075  (VIOLATED)
   I_SDRAM_TOP/I_SDRAM_IF/mega_shift_1_reg_9__30_/D         -0.075  (VIOLATED)
   I_SDRAM_TOP/I_SDRAM_IF/mega_shift_1_reg_36__0_/D         -0.075  (VIOLATED)
   I_SDRAM_TOP/I_SDRAM_IF/mega_shift_1_reg_34__5_/D         -0.074  (VIOLATED)
   I_SDRAM_TOP/I_SDRAM_IF/mega_shift_1_reg_36__30_/D        -0.074  (VIOLATED)
   I_SDRAM_TOP/I_SDRAM_IF/mega_shift_1_reg_7__10_/D         -0.074  (VIOLATED)
   I_SDRAM_TOP/I_SDRAM_IF/mega_shift_0_reg_6__30_/D         -0.073  (VIOLATED)
   I_SDRAM_TOP/I_SDRAM_IF/mega_shift_1_reg_16__26_/D        -0.073  (VIOLATED)
   I_SDRAM_TOP/I_SDRAM_IF/mega_shift_0_reg_20__12_/D        -0.073  (VIOLATED)
   I_SDRAM_TOP/I_SDRAM_IF/mega_shift_1_reg_23__0_/D         -0.073  (VIOLATED)
   I_SDRAM_TOP/I_SDRAM_IF/mega_shift_1_reg_27__13_/D        -0.073  (VIOLATED)
   I_SDRAM_TOP/I_SDRAM_IF/mega_shift_1_reg_40__6_/D         -0.073  (VIOLATED)
   I_SDRAM_TOP/I_SDRAM_IF/mega_shift_1_reg_20__26_/D        -0.073  (VIOLATED)
   I_SDRAM_TOP/I_SDRAM_IF/mega_shift_1_reg_28__6_/D         -0.073  (VIOLATED)
   I_SDRAM_TOP/I_SDRAM_IF/mega_shift_0_reg_4__31_/D         -0.072  (VIOLATED)
   I_SDRAM_TOP/I_SDRAM_IF/mega_shift_1_reg_1__22_/D         -0.072  (VIOLATED)
   I_SDRAM_TOP/I_SDRAM_IF/mega_shift_1_reg_33__2_/D         -0.072  (VIOLATED)
   I_SDRAM_TOP/I_SDRAM_IF/mega_shift_1_reg_2__17_/D         -0.072  (VIOLATED)
   I_SDRAM_TOP/I_SDRAM_IF/mega_shift_1_reg_32__7_/D         -0.072  (VIOLATED)
   I_SDRAM_TOP/I_SDRAM_IF/mega_shift_0_reg_18__13_/D        -0.072  (VIOLATED)
   I_SDRAM_TOP/I_SDRAM_IF/mega_shift_1_reg_8__23_/D         -0.072  (VIOLATED)
   I_SDRAM_TOP/I_SDRAM_IF/mega_shift_0_reg_13__26_/D        -0.072  (VIOLATED)
   I_SDRAM_TOP/I_SDRAM_IF/mega_shift_1_reg_34__7_/D         -0.071  (VIOLATED)
   I_SDRAM_TOP/I_SDRAM_IF/mega_shift_1_reg_7__3_/D          -0.071  (VIOLATED)
   I_SDRAM_TOP/I_SDRAM_IF/mega_shift_1_reg_38__29_/D        -0.071  (VIOLATED)
   I_SDRAM_TOP/I_SDRAM_IF/mega_shift_1_reg_39__24_/D        -0.071  (VIOLATED)
   I_SDRAM_TOP/I_SDRAM_IF/mega_shift_0_reg_37__16_/D        -0.071  (VIOLATED)
   I_SDRAM_TOP/I_SDRAM_IF/mega_shift_1_reg_26__4_/D         -0.070  (VIOLATED)
   I_SDRAM_TOP/I_SDRAM_IF/mega_shift_0_reg_20__13_/D        -0.070  (VIOLATED)
   I_SDRAM_TOP/I_SDRAM_IF/mega_shift_0_reg_33__27_/D        -0.070  (VIOLATED)
   I_SDRAM_TOP/I_SDRAM_IF/mega_shift_1_reg_18__24_/D        -0.070  (VIOLATED)
   I_SDRAM_TOP/I_SDRAM_IF/mega_shift_0_reg_34__18_/D        -0.070  (VIOLATED)
   I_SDRAM_TOP/I_SDRAM_IF/mega_shift_0_reg_28__5_/D         -0.070  (VIOLATED)
   I_SDRAM_TOP/I_SDRAM_IF/mega_shift_1_reg_26__25_/D        -0.069  (VIOLATED)
   I_SDRAM_TOP/I_SDRAM_IF/mega_shift_1_reg_36__20_/D        -0.069  (VIOLATED)
   I_SDRAM_TOP/I_SDRAM_IF/mega_shift_1_reg_6__29_/D         -0.069  (VIOLATED)
   I_SDRAM_TOP/I_SDRAM_IF/mega_shift_1_reg_5__27_/D         -0.069  (VIOLATED)
   I_SDRAM_TOP/I_SDRAM_IF/mega_shift_0_reg_8__3_/D          -0.069  (VIOLATED)
   I_SDRAM_TOP/I_SDRAM_IF/mega_shift_1_reg_14__29_/D        -0.069  (VIOLATED)
   I_SDRAM_TOP/I_SDRAM_IF/mega_shift_1_reg_38__7_/D         -0.069  (VIOLATED)
   I_SDRAM_TOP/I_SDRAM_IF/mega_shift_0_reg_13__0_/D         -0.069  (VIOLATED)
   I_SDRAM_TOP/I_SDRAM_IF/mega_shift_0_reg_0__15_/D         -0.068  (VIOLATED)
   I_SDRAM_TOP/I_SDRAM_IF/mega_shift_0_reg_31__0_/D         -0.068  (VIOLATED)
   I_SDRAM_TOP/I_SDRAM_IF/mega_shift_1_reg_13__30_/D        -0.068  (VIOLATED)
   I_SDRAM_TOP/I_SDRAM_IF/mega_shift_1_reg_22__0_/D         -0.068  (VIOLATED)
   I_SDRAM_TOP/I_SDRAM_IF/mega_shift_0_reg_25__1_/D         -0.068  (VIOLATED)
   I_SDRAM_TOP/I_SDRAM_IF/mega_shift_0_reg_33__20_/D        -0.068  (VIOLATED)
   I_SDRAM_TOP/I_SDRAM_IF/mega_shift_1_reg_10__28_/D        -0.067  (VIOLATED)
   I_SDRAM_TOP/I_SDRAM_IF/mega_shift_0_reg_9__3_/D          -0.067  (VIOLATED)
   I_SDRAM_TOP/I_SDRAM_IF/mega_shift_0_reg_11__9_/D         -0.067  (VIOLATED)
   I_SDRAM_TOP/I_SDRAM_IF/mega_shift_0_reg_1__31_/D         -0.067  (VIOLATED)
   I_SDRAM_TOP/I_SDRAM_IF/mega_shift_1_reg_17__13_/D        -0.067  (VIOLATED)
   I_SDRAM_TOP/I_SDRAM_IF/mega_shift_0_reg_20__16_/D        -0.066  (VIOLATED)
   I_SDRAM_TOP/I_SDRAM_IF/mega_shift_0_reg_28__27_/D        -0.066  (VIOLATED)
   I_SDRAM_TOP/I_SDRAM_IF/mega_shift_1_reg_4__30_/D         -0.066  (VIOLATED)
   I_SDRAM_TOP/I_SDRAM_IF/mega_shift_0_reg_11__0_/D         -0.066  (VIOLATED)
   I_SDRAM_TOP/I_SDRAM_IF/mega_shift_1_reg_31__1_/D         -0.066  (VIOLATED)
   I_SDRAM_TOP/I_SDRAM_IF/mega_shift_0_reg_4__17_/D         -0.065  (VIOLATED)
   I_SDRAM_TOP/I_SDRAM_IF/mega_shift_1_reg_32__0_/D         -0.065  (VIOLATED)
   I_SDRAM_TOP/I_SDRAM_IF/mega_shift_1_reg_25__25_/D        -0.065  (VIOLATED)
   I_SDRAM_TOP/I_SDRAM_IF/mega_shift_0_reg_22__17_/D        -0.065  (VIOLATED)
   I_SDRAM_TOP/I_SDRAM_IF/mega_shift_1_reg_26__26_/D        -0.065  (VIOLATED)
   I_SDRAM_TOP/I_SDRAM_IF/mega_shift_0_reg_6__15_/D         -0.065  (VIOLATED)
   I_SDRAM_TOP/I_SDRAM_IF/mega_shift_0_reg_11__5_/D         -0.065  (VIOLATED)
   I_SDRAM_TOP/I_SDRAM_IF/mega_shift_0_reg_0__27_/D         -0.065  (VIOLATED)
   I_SDRAM_TOP/I_SDRAM_IF/mega_shift_0_reg_39__2_/D         -0.064  (VIOLATED)
   I_SDRAM_TOP/I_SDRAM_IF/mega_shift_1_reg_37__22_/D        -0.064  (VIOLATED)
   I_SDRAM_TOP/I_SDRAM_IF/mega_shift_0_reg_31__15_/D        -0.064  (VIOLATED)
   I_SDRAM_TOP/I_SDRAM_IF/mega_shift_0_reg_35__21_/D        -0.064  (VIOLATED)
   I_SDRAM_TOP/I_SDRAM_IF/mega_shift_1_reg_22__18_/D        -0.064  (VIOLATED)
   I_SDRAM_TOP/I_SDRAM_WRITE_FIFO_SD_FIFO_CTL_U2_empty_int_reg/D
                                                            -0.064  (VIOLATED)
   I_SDRAM_TOP/I_SDRAM_IF/mega_shift_0_reg_20__17_/D        -0.064  (VIOLATED)
   I_SDRAM_TOP/I_SDRAM_IF/mega_shift_1_reg_40__20_/D        -0.064  (VIOLATED)
   I_SDRAM_TOP/I_SDRAM_IF/mega_shift_0_reg_15__23_/D        -0.064  (VIOLATED)
   I_SDRAM_TOP/I_SDRAM_IF/mega_shift_0_reg_22__11_/D        -0.064  (VIOLATED)
   I_SDRAM_TOP/I_SDRAM_IF/mega_shift_1_reg_25__31_/D        -0.064  (VIOLATED)
   I_SDRAM_TOP/I_SDRAM_IF/mega_shift_0_reg_39__31_/D        -0.064  (VIOLATED)
   I_SDRAM_TOP/I_SDRAM_IF/mega_shift_1_reg_21__21_/D        -0.064  (VIOLATED)
   I_SDRAM_TOP/I_SDRAM_IF/mega_shift_0_reg_25__17_/D        -0.064  (VIOLATED)
   I_SDRAM_TOP/I_SDRAM_IF/mega_shift_0_reg_15__29_/D        -0.063  (VIOLATED)
   I_SDRAM_TOP/I_SDRAM_IF/mega_shift_0_reg_39__19_/D        -0.063  (VIOLATED)
   I_SDRAM_TOP/I_SDRAM_IF/mega_shift_1_reg_24__28_/D        -0.063  (VIOLATED)
   I_SDRAM_TOP/I_SDRAM_IF/mega_shift_0_reg_28__30_/D        -0.063  (VIOLATED)
   I_SDRAM_TOP/I_SDRAM_IF/mega_shift_1_reg_38__14_/D        -0.063  (VIOLATED)
   I_SDRAM_TOP/I_SDRAM_IF/mega_shift_0_reg_19__18_/D        -0.062  (VIOLATED)
   I_SDRAM_TOP/I_SDRAM_IF/mega_shift_1_reg_22__22_/D        -0.062  (VIOLATED)
   I_SDRAM_TOP/I_SDRAM_IF/mega_shift_0_reg_36__10_/D        -0.062  (VIOLATED)
   I_SDRAM_TOP/I_SDRAM_IF/mega_shift_1_reg_14__30_/D        -0.062  (VIOLATED)
   I_SDRAM_TOP/I_SDRAM_IF/mega_shift_1_reg_2__28_/D         -0.062  (VIOLATED)
   I_SDRAM_TOP/I_SDRAM_IF/mega_shift_1_reg_19__21_/D        -0.062  (VIOLATED)
   I_SDRAM_TOP/I_SDRAM_IF/mega_shift_1_reg_20__8_/D         -0.062  (VIOLATED)
   I_SDRAM_TOP/I_SDRAM_IF/mega_shift_1_reg_29__9_/D         -0.062  (VIOLATED)
   I_SDRAM_TOP/I_SDRAM_IF/mega_shift_0_reg_28__6_/D         -0.062  (VIOLATED)
   I_SDRAM_TOP/I_SDRAM_IF/mega_shift_1_reg_38__11_/D        -0.062  (VIOLATED)
   I_SDRAM_TOP/I_SDRAM_IF/mega_shift_1_reg_23__10_/D        -0.061  (VIOLATED)
   I_SDRAM_TOP/I_SDRAM_IF/mega_shift_1_reg_13__9_/D         -0.061  (VIOLATED)
   I_SDRAM_TOP/I_SDRAM_IF/mega_shift_1_reg_30__15_/D        -0.061  (VIOLATED)
   I_SDRAM_TOP/I_SDRAM_IF/mega_shift_1_reg_35__2_/D         -0.060  (VIOLATED)
   I_SDRAM_TOP/I_SDRAM_IF/mega_shift_1_reg_10__12_/D        -0.060  (VIOLATED)
   I_SDRAM_TOP/I_SDRAM_IF/mega_shift_1_reg_11__16_/D        -0.060  (VIOLATED)
   I_SDRAM_TOP/I_SDRAM_IF/mega_shift_1_reg_8__8_/D          -0.060  (VIOLATED)
   I_SDRAM_TOP/I_SDRAM_IF/mega_shift_0_reg_7__10_/D         -0.060  (VIOLATED)
   I_SDRAM_TOP/I_SDRAM_IF/mega_shift_1_reg_6__13_/D         -0.060  (VIOLATED)
   I_SDRAM_TOP/I_SDRAM_IF/mega_shift_1_reg_25__27_/D        -0.060  (VIOLATED)
   I_SDRAM_TOP/I_SDRAM_IF/mega_shift_1_reg_3__30_/D         -0.060  (VIOLATED)
   I_SDRAM_TOP/I_SDRAM_IF/mega_shift_1_reg_20__11_/D        -0.060  (VIOLATED)
   I_SDRAM_TOP/I_SDRAM_IF/mega_shift_1_reg_26__3_/D         -0.059  (VIOLATED)
   I_SDRAM_TOP/I_SDRAM_IF/mega_shift_0_reg_37__15_/D        -0.059  (VIOLATED)
   I_SDRAM_TOP/I_SDRAM_IF/mega_shift_1_reg_32__30_/D        -0.059  (VIOLATED)
   I_SDRAM_TOP/I_SDRAM_IF/mega_shift_1_reg_12__31_/D        -0.059  (VIOLATED)
   I_SDRAM_TOP/I_SDRAM_IF/mega_shift_0_reg_12__22_/D        -0.059  (VIOLATED)
   I_SDRAM_TOP/I_SDRAM_IF/mega_shift_1_reg_23__12_/D        -0.059  (VIOLATED)
   I_SDRAM_TOP/I_SDRAM_IF/mega_shift_1_reg_1__9_/D          -0.059  (VIOLATED)
   I_SDRAM_TOP/I_SDRAM_IF/mega_shift_0_reg_32__5_/D         -0.059  (VIOLATED)
   I_SDRAM_TOP/I_SDRAM_IF/mega_shift_1_reg_29__24_/D        -0.059  (VIOLATED)
   I_SDRAM_TOP/I_SDRAM_IF/mega_shift_1_reg_6__27_/D         -0.058  (VIOLATED)
   I_SDRAM_TOP/I_SDRAM_IF/mega_shift_1_reg_22__24_/D        -0.058  (VIOLATED)
   I_SDRAM_TOP/I_SDRAM_IF/mega_shift_1_reg_20__6_/D         -0.058  (VIOLATED)
   I_SDRAM_TOP/I_SDRAM_IF/mega_shift_0_reg_33__11_/D        -0.058  (VIOLATED)
   I_SDRAM_TOP/I_SDRAM_IF/mega_shift_1_reg_5__22_/D         -0.058  (VIOLATED)
   I_SDRAM_TOP/I_SDRAM_IF/mega_shift_1_reg_23__30_/D        -0.058  (VIOLATED)
   I_SDRAM_TOP/I_SDRAM_IF/mega_shift_0_reg_36__6_/D         -0.058  (VIOLATED)
   I_SDRAM_TOP/I_SDRAM_IF/mega_shift_1_reg_0__2_/D          -0.058  (VIOLATED)
   I_SDRAM_TOP/I_SDRAM_IF/mega_shift_1_reg_21__5_/D         -0.058  (VIOLATED)
   I_SDRAM_TOP/I_SDRAM_IF/mega_shift_1_reg_4__1_/D          -0.058  (VIOLATED)
   I_SDRAM_TOP/I_SDRAM_IF/mega_shift_1_reg_23__27_/D        -0.058  (VIOLATED)
   I_SDRAM_TOP/I_SDRAM_IF/mega_shift_1_reg_19__31_/D        -0.058  (VIOLATED)
   I_SDRAM_TOP/I_SDRAM_IF/mega_shift_1_reg_40__22_/D        -0.058  (VIOLATED)
   I_SDRAM_TOP/I_SDRAM_IF/mega_shift_1_reg_28__13_/D        -0.058  (VIOLATED)
   I_SDRAM_TOP/I_SDRAM_IF/mega_shift_1_reg_1__12_/D         -0.057  (VIOLATED)
   I_SDRAM_TOP/I_SDRAM_IF/mega_shift_1_reg_1__3_/D          -0.057  (VIOLATED)
   I_SDRAM_TOP/I_SDRAM_IF/mega_shift_1_reg_11__24_/D        -0.057  (VIOLATED)
   I_SDRAM_TOP/I_SDRAM_IF/mega_shift_0_reg_32__9_/D         -0.057  (VIOLATED)
   I_SDRAM_TOP/I_SDRAM_IF/mega_shift_0_reg_28__23_/D        -0.057  (VIOLATED)
   I_SDRAM_TOP/I_SDRAM_IF/mega_shift_1_reg_26__1_/D         -0.057  (VIOLATED)
   I_SDRAM_TOP/I_SDRAM_IF/mega_shift_1_reg_33__11_/D        -0.057  (VIOLATED)
   I_SDRAM_TOP/I_SDRAM_IF/R_13/D                            -0.057  (VIOLATED)
   I_SDRAM_TOP/I_SDRAM_IF/mega_shift_1_reg_35__3_/D         -0.056  (VIOLATED)
   I_SDRAM_TOP/I_SDRAM_IF/mega_shift_1_reg_7__18_/D         -0.056  (VIOLATED)
   I_SDRAM_TOP/I_SDRAM_IF/mega_shift_1_reg_25__30_/D        -0.056  (VIOLATED)
   I_SDRAM_TOP/I_SDRAM_IF/mega_shift_1_reg_16__13_/D        -0.056  (VIOLATED)
   I_SDRAM_TOP/I_SDRAM_IF/mega_shift_0_reg_19__14_/D        -0.056  (VIOLATED)
   I_SDRAM_TOP/I_SDRAM_IF/mega_shift_0_reg_20__8_/D         -0.056  (VIOLATED)
   I_SDRAM_TOP/I_SDRAM_IF/mega_shift_1_reg_4__6_/D          -0.056  (VIOLATED)
   I_SDRAM_TOP/I_SDRAM_IF/mega_shift_0_reg_8__2_/D          -0.056  (VIOLATED)
   I_SDRAM_TOP/I_SDRAM_IF/mega_shift_1_reg_10__0_/D         -0.056  (VIOLATED)
   I_SDRAM_TOP/I_SDRAM_IF/mega_shift_1_reg_5__21_/D         -0.056  (VIOLATED)
   I_SDRAM_TOP/I_SDRAM_IF/mega_shift_1_reg_17__10_/D        -0.056  (VIOLATED)
   I_SDRAM_TOP/I_SDRAM_IF/mega_shift_0_reg_8__22_/D         -0.056  (VIOLATED)
   I_SDRAM_TOP/I_SDRAM_IF/mega_shift_1_reg_16__20_/D        -0.055  (VIOLATED)
   I_SDRAM_TOP/I_SDRAM_IF/mega_shift_1_reg_31__16_/D        -0.055  (VIOLATED)
   I_SDRAM_TOP/I_SDRAM_IF/mega_shift_1_reg_39__4_/D         -0.055  (VIOLATED)
   I_SDRAM_TOP/I_SDRAM_IF/mega_shift_1_reg_6__25_/D         -0.055  (VIOLATED)
   I_SDRAM_TOP/I_SDRAM_IF/mega_shift_1_reg_11__13_/D        -0.055  (VIOLATED)
   I_SDRAM_TOP/I_SDRAM_IF/mega_shift_0_reg_37__8_/D         -0.055  (VIOLATED)
   I_SDRAM_TOP/I_SDRAM_IF/mega_shift_1_reg_35__28_/D        -0.055  (VIOLATED)
   I_SDRAM_TOP/I_SDRAM_IF/mega_shift_1_reg_33__16_/D        -0.055  (VIOLATED)
   I_SDRAM_TOP/I_SDRAM_IF/mega_shift_0_reg_10__27_/D        -0.055  (VIOLATED)
   I_SDRAM_TOP/I_SDRAM_IF/mega_shift_1_reg_28__12_/D        -0.055  (VIOLATED)
   I_SDRAM_TOP/I_SDRAM_IF/mega_shift_1_reg_11__18_/D        -0.055  (VIOLATED)
   I_SDRAM_TOP/I_SDRAM_IF/mega_shift_1_reg_24__8_/D         -0.055  (VIOLATED)
   I_SDRAM_TOP/I_SDRAM_IF/mega_shift_0_reg_1__11_/D         -0.055  (VIOLATED)
   I_SDRAM_TOP/I_SDRAM_IF/mega_shift_1_reg_19__3_/D         -0.055  (VIOLATED)
   I_SDRAM_TOP/I_SDRAM_IF/mega_shift_1_reg_24__21_/D        -0.055  (VIOLATED)
   I_SDRAM_TOP/I_SDRAM_IF/mega_shift_1_reg_25__3_/D         -0.054  (VIOLATED)
   I_SDRAM_TOP/I_SDRAM_IF/mega_shift_0_reg_29__8_/D         -0.054  (VIOLATED)
   I_SDRAM_TOP/I_SDRAM_IF/mega_shift_1_reg_12__1_/D         -0.054  (VIOLATED)
   I_SDRAM_TOP/I_SDRAM_IF/mega_shift_1_reg_22__19_/D        -0.054  (VIOLATED)
   I_SDRAM_TOP/I_SDRAM_IF/mega_shift_1_reg_31__25_/D        -0.054  (VIOLATED)
   I_SDRAM_TOP/I_SDRAM_IF/mega_shift_0_reg_25__12_/D        -0.054  (VIOLATED)
   I_SDRAM_TOP/I_SDRAM_IF/mega_shift_0_reg_1__23_/D         -0.053  (VIOLATED)
   I_SDRAM_TOP/I_SDRAM_IF/mega_shift_1_reg_39__31_/D        -0.053  (VIOLATED)
   I_SDRAM_TOP/I_SDRAM_IF/mega_shift_1_reg_28__0_/D         -0.053  (VIOLATED)
   I_SDRAM_TOP/I_SDRAM_IF/mega_shift_1_reg_35__31_/D        -0.053  (VIOLATED)
   I_SDRAM_TOP/I_SDRAM_IF/mega_shift_1_reg_37__19_/D        -0.053  (VIOLATED)
   I_SDRAM_TOP/I_SDRAM_IF/mega_shift_0_reg_35__7_/D         -0.053  (VIOLATED)
   I_SDRAM_TOP/I_SDRAM_IF/mega_shift_1_reg_37__1_/D         -0.053  (VIOLATED)
   I_SDRAM_TOP/I_SDRAM_IF/mega_shift_0_reg_4__1_/D          -0.052  (VIOLATED)
   I_SDRAM_TOP/I_SDRAM_IF/mega_shift_1_reg_24__31_/D        -0.052  (VIOLATED)
   I_SDRAM_TOP/I_SDRAM_IF/mega_shift_1_reg_37__12_/D        -0.052  (VIOLATED)
   I_SDRAM_TOP/I_SDRAM_IF/mega_shift_1_reg_2__26_/D         -0.052  (VIOLATED)
   I_SDRAM_TOP/I_SDRAM_IF/mega_shift_1_reg_32__3_/D         -0.052  (VIOLATED)
   I_SDRAM_TOP/I_SDRAM_IF/mega_shift_0_reg_30__10_/D        -0.052  (VIOLATED)
   I_SDRAM_TOP/I_SDRAM_IF/mega_shift_1_reg_18__6_/D         -0.052  (VIOLATED)
   I_SDRAM_TOP/I_SDRAM_IF/mega_shift_1_reg_0__19_/D         -0.052  (VIOLATED)
   I_SDRAM_TOP/I_SDRAM_IF/mega_shift_1_reg_21__26_/D        -0.052  (VIOLATED)
   I_SDRAM_TOP/I_SDRAM_IF/mega_shift_1_reg_14__8_/D         -0.052  (VIOLATED)
   I_SDRAM_TOP/I_SDRAM_IF/mega_shift_1_reg_11__23_/D        -0.052  (VIOLATED)
   I_SDRAM_TOP/I_SDRAM_IF/mega_shift_0_reg_32__18_/D        -0.052  (VIOLATED)
   I_SDRAM_TOP/I_SDRAM_IF/mega_shift_1_reg_27__2_/D         -0.052  (VIOLATED)
   I_SDRAM_TOP/I_SDRAM_IF/mega_shift_1_reg_26__23_/D        -0.052  (VIOLATED)
   I_SDRAM_TOP/I_SDRAM_IF/mega_shift_1_reg_27__31_/D        -0.052  (VIOLATED)
   I_SDRAM_TOP/I_SDRAM_IF/mega_shift_1_reg_32__5_/D         -0.052  (VIOLATED)
   I_SDRAM_TOP/I_SDRAM_IF/mega_shift_1_reg_22__10_/D        -0.052  (VIOLATED)
   I_SDRAM_TOP/I_SDRAM_IF/mega_shift_1_reg_24__4_/D         -0.052  (VIOLATED)
   I_SDRAM_TOP/I_SDRAM_IF/mega_shift_0_reg_4__27_/D         -0.052  (VIOLATED)
   I_SDRAM_TOP/I_SDRAM_IF/mega_shift_1_reg_19__29_/D        -0.051  (VIOLATED)
   I_SDRAM_TOP/I_SDRAM_IF/mega_shift_1_reg_29__17_/D        -0.051  (VIOLATED)
   I_SDRAM_TOP/I_SDRAM_IF/mega_shift_1_reg_20__15_/D        -0.051  (VIOLATED)
   I_SDRAM_TOP/I_SDRAM_IF/mega_shift_1_reg_24__24_/D        -0.051  (VIOLATED)
   I_SDRAM_TOP/I_SDRAM_IF/mega_shift_1_reg_33__8_/D         -0.051  (VIOLATED)
   I_SDRAM_TOP/I_SDRAM_IF/mega_shift_1_reg_40__10_/D        -0.051  (VIOLATED)
   I_SDRAM_TOP/I_SDRAM_IF/mega_shift_1_reg_20__18_/D        -0.051  (VIOLATED)
   I_SDRAM_TOP/I_SDRAM_IF/mega_shift_1_reg_33__20_/D        -0.051  (VIOLATED)
   I_SDRAM_TOP/I_SDRAM_IF/mega_shift_1_reg_12__12_/D        -0.051  (VIOLATED)
   I_SDRAM_TOP/I_SDRAM_IF/mega_shift_1_reg_27__22_/D        -0.051  (VIOLATED)
   I_SDRAM_TOP/I_SDRAM_IF/mega_shift_0_reg_34__6_/D         -0.051  (VIOLATED)
   I_SDRAM_TOP/I_SDRAM_IF/mega_shift_1_reg_8__14_/D         -0.050  (VIOLATED)
   I_SDRAM_TOP/I_SDRAM_IF/mega_shift_0_reg_17__18_/D        -0.050  (VIOLATED)
   I_SDRAM_TOP/I_SDRAM_IF/mega_shift_1_reg_11__19_/D        -0.050  (VIOLATED)
   I_SDRAM_TOP/I_SDRAM_IF/mega_shift_1_reg_1__4_/D          -0.050  (VIOLATED)
   I_SDRAM_TOP/I_SDRAM_IF/mega_shift_1_reg_25__0_/D         -0.050  (VIOLATED)
   I_SDRAM_TOP/I_SDRAM_IF/mega_shift_1_reg_31__28_/D        -0.050  (VIOLATED)
   I_SDRAM_TOP/I_SDRAM_IF/mega_shift_0_reg_7__6_/D          -0.050  (VIOLATED)
   I_SDRAM_TOP/I_SDRAM_IF/mega_shift_1_reg_29__5_/D         -0.050  (VIOLATED)
   I_SDRAM_TOP/I_SDRAM_IF/mega_shift_0_reg_22__22_/D        -0.050  (VIOLATED)
   I_SDRAM_TOP/I_SDRAM_IF/mega_shift_1_reg_38__8_/D         -0.050  (VIOLATED)
   I_SDRAM_TOP/I_SDRAM_IF/mega_shift_1_reg_25__15_/D        -0.050  (VIOLATED)
   I_SDRAM_TOP/I_SDRAM_IF/mega_shift_1_reg_26__27_/D        -0.050  (VIOLATED)
   I_SDRAM_TOP/I_SDRAM_IF/mega_shift_0_reg_26__22_/D        -0.049  (VIOLATED)
   I_SDRAM_TOP/I_SDRAM_IF/mega_shift_0_reg_15__15_/D        -0.049  (VIOLATED)
   I_SDRAM_TOP/I_SDRAM_IF/mega_shift_0_reg_22__23_/D        -0.049  (VIOLATED)
   I_SDRAM_TOP/I_SDRAM_IF/mega_shift_1_reg_25__16_/D        -0.049  (VIOLATED)
   I_SDRAM_TOP/I_SDRAM_IF/mega_shift_0_reg_18__24_/D        -0.049  (VIOLATED)
   I_SDRAM_TOP/I_SDRAM_IF/mega_shift_0_reg_35__16_/D        -0.049  (VIOLATED)
   I_SDRAM_TOP/I_SDRAM_IF/mega_shift_1_reg_40__21_/D        -0.049  (VIOLATED)
   I_SDRAM_TOP/I_SDRAM_IF/mega_shift_1_reg_1__29_/D         -0.049  (VIOLATED)
   I_SDRAM_TOP/I_SDRAM_IF/mega_shift_1_reg_24__10_/D        -0.049  (VIOLATED)
   I_SDRAM_TOP/I_SDRAM_IF/mega_shift_1_reg_34__16_/D        -0.049  (VIOLATED)
   I_SDRAM_TOP/I_SDRAM_IF/mega_shift_1_reg_1__5_/D          -0.049  (VIOLATED)
   I_SDRAM_TOP/I_SDRAM_IF/mega_shift_1_reg_12__20_/D        -0.049  (VIOLATED)
   I_SDRAM_TOP/I_SDRAM_IF/mega_shift_1_reg_3__29_/D         -0.049  (VIOLATED)
   I_SDRAM_TOP/I_SDRAM_IF/mega_shift_1_reg_36__6_/D         -0.049  (VIOLATED)
   I_SDRAM_TOP/I_SDRAM_IF/mega_shift_0_reg_35__0_/D         -0.049  (VIOLATED)
   I_SDRAM_TOP/I_SDRAM_IF/mega_shift_1_reg_26__24_/D        -0.049  (VIOLATED)
   I_SDRAM_TOP/I_SDRAM_IF/mega_shift_0_reg_3__5_/D          -0.049  (VIOLATED)
   I_SDRAM_TOP/I_SDRAM_IF/mega_shift_0_reg_17__19_/D        -0.049  (VIOLATED)
   I_SDRAM_TOP/I_SDRAM_IF/mega_shift_0_reg_4__14_/D         -0.048  (VIOLATED)
   I_SDRAM_TOP/I_SDRAM_IF/mega_shift_0_reg_5__13_/D         -0.048  (VIOLATED)
   I_SDRAM_TOP/I_SDRAM_IF/mega_shift_1_reg_36__25_/D        -0.048  (VIOLATED)
   I_SDRAM_TOP/I_SDRAM_IF/mega_shift_1_reg_30__19_/D        -0.048  (VIOLATED)
   I_SDRAM_TOP/I_SDRAM_IF/mega_shift_1_reg_28__31_/D        -0.048  (VIOLATED)
   I_SDRAM_TOP/I_SDRAM_IF/mega_shift_1_reg_40__13_/D        -0.048  (VIOLATED)
   I_SDRAM_TOP/I_SDRAM_IF/mega_shift_1_reg_6__6_/D          -0.048  (VIOLATED)
   I_SDRAM_TOP/I_SDRAM_IF/mega_shift_1_reg_5__23_/D         -0.048  (VIOLATED)
   I_SDRAM_TOP/I_SDRAM_IF/mega_shift_1_reg_35__0_/D         -0.048  (VIOLATED)
   I_SDRAM_TOP/I_SDRAM_IF/mega_shift_1_reg_28__3_/D         -0.048  (VIOLATED)
   I_SDRAM_TOP/I_SDRAM_IF/mega_shift_0_reg_25__9_/D         -0.048  (VIOLATED)
   I_SDRAM_TOP/I_SDRAM_IF/mega_shift_1_reg_38__6_/D         -0.047  (VIOLATED)
   I_SDRAM_TOP/I_SDRAM_IF/mega_shift_1_reg_10__9_/D         -0.047  (VIOLATED)
   I_SDRAM_TOP/I_SDRAM_IF/mega_shift_1_reg_14__18_/D        -0.047  (VIOLATED)
   I_SDRAM_TOP/I_SDRAM_IF/mega_shift_1_reg_24__6_/D         -0.047  (VIOLATED)
   I_SDRAM_TOP/I_SDRAM_IF/mega_shift_0_reg_22__14_/D        -0.047  (VIOLATED)
   I_SDRAM_TOP/I_SDRAM_IF/mega_shift_1_reg_13__27_/D        -0.047  (VIOLATED)
   I_SDRAM_TOP/I_SDRAM_IF/mega_shift_0_reg_18__16_/D        -0.047  (VIOLATED)
   I_SDRAM_TOP/I_SDRAM_IF/mega_shift_1_reg_15__16_/D        -0.047  (VIOLATED)
   I_SDRAM_TOP/I_SDRAM_IF/mega_shift_1_reg_32__16_/D        -0.047  (VIOLATED)
   I_SDRAM_TOP/I_SDRAM_IF/mega_shift_1_reg_36__4_/D         -0.047  (VIOLATED)
   I_SDRAM_TOP/I_SDRAM_IF/mega_shift_1_reg_28__1_/D         -0.047  (VIOLATED)
   I_SDRAM_TOP/I_SDRAM_IF/mega_shift_1_reg_14__16_/D        -0.047  (VIOLATED)
   I_SDRAM_TOP/I_SDRAM_IF/mega_shift_1_reg_26__11_/D        -0.047  (VIOLATED)
   I_SDRAM_TOP/I_SDRAM_IF/mega_shift_1_reg_35__23_/D        -0.047  (VIOLATED)
   I_SDRAM_TOP/I_SDRAM_IF/mega_shift_1_reg_37__8_/D         -0.047  (VIOLATED)
   I_SDRAM_TOP/I_SDRAM_IF/mega_shift_1_reg_27__24_/D        -0.046  (VIOLATED)
   I_SDRAM_TOP/I_SDRAM_IF/mega_shift_1_reg_40__18_/D        -0.046  (VIOLATED)
   I_SDRAM_TOP/I_SDRAM_IF/mega_shift_1_reg_39__6_/D         -0.046  (VIOLATED)
   I_SDRAM_TOP/I_SDRAM_IF/mega_shift_1_reg_29__16_/D        -0.046  (VIOLATED)
   I_SDRAM_TOP/I_SDRAM_IF/mega_shift_0_reg_16__0_/D         -0.046  (VIOLATED)
   I_SDRAM_TOP/I_SDRAM_IF/mega_shift_1_reg_9__7_/D          -0.046  (VIOLATED)
   I_SDRAM_TOP/I_SDRAM_IF/mega_shift_1_reg_3__6_/D          -0.046  (VIOLATED)
   I_SDRAM_TOP/I_SDRAM_IF/mega_shift_1_reg_20__30_/D        -0.046  (VIOLATED)
   I_SDRAM_TOP/I_SDRAM_IF/mega_shift_1_reg_34__11_/D        -0.046  (VIOLATED)
   I_SDRAM_TOP/I_SDRAM_IF/mega_shift_0_reg_37__4_/D         -0.046  (VIOLATED)
   I_SDRAM_TOP/I_SDRAM_IF/mega_shift_1_reg_7__20_/D         -0.046  (VIOLATED)
   I_SDRAM_TOP/I_SDRAM_IF/mega_shift_1_reg_10__23_/D        -0.046  (VIOLATED)
   I_SDRAM_TOP/I_SDRAM_IF/mega_shift_0_reg_20__4_/D         -0.045  (VIOLATED)
   I_SDRAM_TOP/I_SDRAM_IF/mega_shift_1_reg_6__12_/D         -0.045  (VIOLATED)
   I_SDRAM_TOP/I_SDRAM_IF/mega_shift_0_reg_4__26_/D         -0.045  (VIOLATED)
   I_SDRAM_TOP/I_SDRAM_IF/mega_shift_1_reg_40__12_/D        -0.045  (VIOLATED)
   I_SDRAM_TOP/I_SDRAM_IF/mega_shift_1_reg_3__10_/D         -0.045  (VIOLATED)
   I_SDRAM_TOP/I_SDRAM_IF/mega_shift_1_reg_37__29_/D        -0.045  (VIOLATED)
   I_SDRAM_TOP/I_SDRAM_IF/mega_shift_1_reg_22__30_/D        -0.045  (VIOLATED)
   I_SDRAM_TOP/I_SDRAM_IF/mega_shift_0_reg_19__0_/D         -0.045  (VIOLATED)
   I_SDRAM_TOP/I_SDRAM_IF/mega_shift_1_reg_26__7_/D         -0.045  (VIOLATED)
   I_SDRAM_TOP/I_SDRAM_IF/mega_shift_1_reg_33__17_/D        -0.045  (VIOLATED)
   I_SDRAM_TOP/I_SDRAM_IF/mega_shift_1_reg_17__9_/D         -0.045  (VIOLATED)
   I_SDRAM_TOP/I_SDRAM_IF/mega_shift_0_reg_8__13_/D         -0.045  (VIOLATED)
   I_SDRAM_TOP/I_SDRAM_IF/mega_shift_1_reg_35__30_/D        -0.045  (VIOLATED)
   I_SDRAM_TOP/I_SDRAM_IF/mega_shift_1_reg_28__29_/D        -0.045  (VIOLATED)
   I_SDRAM_TOP/I_SDRAM_IF/mega_shift_1_reg_27__11_/D        -0.044  (VIOLATED)
   I_SDRAM_TOP/I_SDRAM_IF/mega_shift_0_reg_35__4_/D         -0.044  (VIOLATED)
   I_SDRAM_TOP/I_SDRAM_IF/mega_shift_1_reg_9__24_/D         -0.044  (VIOLATED)
   I_SDRAM_TOP/I_SDRAM_IF/mega_shift_1_reg_1__20_/D         -0.044  (VIOLATED)
   I_SDRAM_TOP/I_SDRAM_IF/mega_shift_1_reg_12__8_/D         -0.044  (VIOLATED)
   I_SDRAM_TOP/I_SDRAM_IF/mega_shift_1_reg_22__2_/D         -0.044  (VIOLATED)
   I_SDRAM_TOP/I_SDRAM_IF/mega_shift_1_reg_7__4_/D          -0.044  (VIOLATED)
   I_SDRAM_TOP/I_SDRAM_IF/mega_shift_1_reg_26__22_/D        -0.044  (VIOLATED)
   I_SDRAM_TOP/I_SDRAM_IF/mega_shift_1_reg_32__11_/D        -0.044  (VIOLATED)
   I_SDRAM_TOP/I_SDRAM_IF/mega_shift_1_reg_31__2_/D         -0.044  (VIOLATED)
   I_SDRAM_TOP/I_SDRAM_IF/mega_shift_0_reg_13__15_/D        -0.044  (VIOLATED)
   I_SDRAM_TOP/I_SDRAM_IF/mega_shift_1_reg_18__30_/D        -0.044  (VIOLATED)
   I_SDRAM_TOP/I_SDRAM_IF/mega_shift_1_reg_25__7_/D         -0.044  (VIOLATED)
   I_SDRAM_TOP/I_SDRAM_IF/mega_shift_1_reg_20__0_/D         -0.044  (VIOLATED)
   I_SDRAM_TOP/I_SDRAM_IF/mega_shift_1_reg_19__1_/D         -0.044  (VIOLATED)
   I_SDRAM_TOP/I_SDRAM_IF/mega_shift_0_reg_37__5_/D         -0.043  (VIOLATED)
   I_SDRAM_TOP/I_SDRAM_IF/mega_shift_0_reg_10__14_/D        -0.043  (VIOLATED)
   I_SDRAM_TOP/I_SDRAM_IF/mega_shift_1_reg_9__31_/D         -0.043  (VIOLATED)
   I_SDRAM_TOP/I_SDRAM_IF/mega_shift_1_reg_12__5_/D         -0.043  (VIOLATED)
   I_SDRAM_TOP/I_SDRAM_IF/mega_shift_0_reg_5__7_/D          -0.043  (VIOLATED)
   I_SDRAM_TOP/I_SDRAM_IF/mega_shift_1_reg_23__25_/D        -0.043  (VIOLATED)
   I_SDRAM_TOP/I_SDRAM_IF/mega_shift_1_reg_37__7_/D         -0.043  (VIOLATED)
   I_SDRAM_TOP/I_SDRAM_IF/mega_shift_1_reg_28__2_/D         -0.043  (VIOLATED)
   I_SDRAM_TOP/I_SDRAM_IF/mega_shift_1_reg_15__7_/D         -0.043  (VIOLATED)
   I_SDRAM_TOP/I_SDRAM_IF/mega_shift_1_reg_37__27_/D        -0.043  (VIOLATED)
   I_SDRAM_TOP/I_SDRAM_IF/mega_shift_1_reg_9__26_/D         -0.043  (VIOLATED)
   I_SDRAM_TOP/I_SDRAM_IF/mega_shift_0_reg_13__4_/D         -0.042  (VIOLATED)
   I_SDRAM_TOP/I_SDRAM_IF/mega_shift_1_reg_2__29_/D         -0.042  (VIOLATED)
   I_SDRAM_TOP/I_SDRAM_IF/mega_shift_1_reg_16__7_/D         -0.042  (VIOLATED)
   I_SDRAM_TOP/I_SDRAM_IF/mega_shift_1_reg_15__12_/D        -0.042  (VIOLATED)
   I_SDRAM_TOP/I_SDRAM_IF/mega_shift_0_reg_33__7_/D         -0.042  (VIOLATED)
   I_SDRAM_TOP/I_SDRAM_IF/mega_shift_1_reg_18__12_/D        -0.042  (VIOLATED)
   I_SDRAM_TOP/I_SDRAM_IF/mega_shift_1_reg_26__18_/D        -0.042  (VIOLATED)
   I_SDRAM_TOP/I_SDRAM_IF/mega_shift_1_reg_31__10_/D        -0.042  (VIOLATED)
   I_SDRAM_TOP/I_SDRAM_IF/mega_shift_1_reg_24__12_/D        -0.042  (VIOLATED)
   I_SDRAM_TOP/I_SDRAM_IF/mega_shift_1_reg_20__4_/D         -0.042  (VIOLATED)
   I_SDRAM_TOP/I_SDRAM_IF/mega_shift_1_reg_9__22_/D         -0.042  (VIOLATED)
   I_SDRAM_TOP/I_SDRAM_IF/mega_shift_1_reg_20__22_/D        -0.041  (VIOLATED)
   I_SDRAM_TOP/I_SDRAM_IF/mega_shift_1_reg_1__15_/D         -0.041  (VIOLATED)
   I_SDRAM_TOP/I_SDRAM_IF/mega_shift_0_reg_28__7_/D         -0.041  (VIOLATED)
   I_SDRAM_TOP/I_SDRAM_IF/mega_shift_1_reg_14__6_/D         -0.041  (VIOLATED)
   I_SDRAM_TOP/I_SDRAM_IF/mega_shift_1_reg_14__2_/D         -0.041  (VIOLATED)
   I_SDRAM_TOP/I_SDRAM_IF/mega_shift_1_reg_0__23_/D         -0.041  (VIOLATED)
   I_SDRAM_TOP/I_SDRAM_IF/mega_shift_1_reg_34__9_/D         -0.041  (VIOLATED)
   I_SDRAM_TOP/I_SDRAM_IF/mega_shift_0_reg_20__1_/D         -0.041  (VIOLATED)
   I_SDRAM_TOP/I_SDRAM_IF/mega_shift_1_reg_17__11_/D        -0.041  (VIOLATED)
   I_SDRAM_TOP/I_SDRAM_IF/mega_shift_1_reg_29__0_/D         -0.041  (VIOLATED)
   I_SDRAM_TOP/I_SDRAM_IF/mega_shift_1_reg_6__31_/D         -0.040  (VIOLATED)
   I_SDRAM_TOP/I_SDRAM_IF/mega_shift_0_reg_13__8_/D         -0.040  (VIOLATED)
   I_SDRAM_TOP/I_SDRAM_IF/mega_shift_1_reg_16__6_/D         -0.039  (VIOLATED)
   I_SDRAM_TOP/I_SDRAM_IF/mega_shift_1_reg_36__29_/D        -0.039  (VIOLATED)
   I_SDRAM_TOP/I_SDRAM_IF/mega_shift_1_reg_7__21_/D         -0.039  (VIOLATED)
   I_SDRAM_TOP/I_SDRAM_IF/mega_shift_1_reg_3__12_/D         -0.039  (VIOLATED)
   I_SDRAM_TOP/I_SDRAM_IF/mega_shift_0_reg_34__26_/D        -0.039  (VIOLATED)
   I_SDRAM_TOP/I_SDRAM_IF/mega_shift_1_reg_26__16_/D        -0.039  (VIOLATED)
   I_SDRAM_TOP/I_SDRAM_IF/mega_shift_1_reg_17__18_/D        -0.039  (VIOLATED)
   I_SDRAM_TOP/I_SDRAM_IF/mega_shift_0_reg_28__13_/D        -0.039  (VIOLATED)
   I_SDRAM_TOP/I_SDRAM_IF/mega_shift_0_reg_8__16_/D         -0.038  (VIOLATED)
   I_SDRAM_TOP/I_SDRAM_IF/mega_shift_0_reg_32__6_/D         -0.038  (VIOLATED)
   I_SDRAM_TOP/I_SDRAM_IF/mega_shift_1_reg_22__9_/D         -0.038  (VIOLATED)
   I_SDRAM_TOP/I_SDRAM_IF/mega_shift_0_reg_18__21_/D        -0.038  (VIOLATED)
   I_SDRAM_TOP/I_SDRAM_IF/mega_shift_1_reg_8__9_/D          -0.038  (VIOLATED)
   I_SDRAM_TOP/I_SDRAM_IF/mega_shift_0_reg_35__29_/D        -0.038  (VIOLATED)
   I_SDRAM_TOP/I_SDRAM_IF/mega_shift_0_reg_0__4_/D          -0.037  (VIOLATED)
   I_SDRAM_TOP/I_SDRAM_IF/mega_shift_1_reg_24__18_/D        -0.037  (VIOLATED)
   I_SDRAM_TOP/I_SDRAM_IF/mega_shift_1_reg_3__2_/D          -0.037  (VIOLATED)
   I_SDRAM_TOP/I_SDRAM_IF/mega_shift_0_reg_29__29_/D        -0.037  (VIOLATED)
   I_SDRAM_TOP/I_SDRAM_IF/mega_shift_0_reg_2__12_/D         -0.037  (VIOLATED)
   I_SDRAM_TOP/I_SDRAM_IF/mega_shift_0_reg_14__2_/D         -0.037  (VIOLATED)
   I_SDRAM_TOP/I_SDRAM_IF/mega_shift_1_reg_11__25_/D        -0.037  (VIOLATED)
   I_SDRAM_TOP/I_SDRAM_IF/mega_shift_1_reg_4__2_/D          -0.037  (VIOLATED)
   I_SDRAM_TOP/I_SDRAM_IF/mega_shift_1_reg_34__22_/D        -0.037  (VIOLATED)
   I_SDRAM_TOP/I_SDRAM_IF/mega_shift_1_reg_21__11_/D        -0.037  (VIOLATED)
   I_SDRAM_TOP/I_SDRAM_IF/mega_shift_0_reg_10__18_/D        -0.037  (VIOLATED)
   I_SDRAM_TOP/I_SDRAM_IF/mega_shift_1_reg_10__4_/D         -0.037  (VIOLATED)
   I_SDRAM_TOP/I_SDRAM_IF/mega_shift_1_reg_10__19_/D        -0.037  (VIOLATED)
   I_SDRAM_TOP/I_SDRAM_IF/mega_shift_1_reg_19__9_/D         -0.037  (VIOLATED)
   I_SDRAM_TOP/I_SDRAM_IF/mega_shift_1_reg_16__24_/D        -0.037  (VIOLATED)
   I_SDRAM_TOP/I_SDRAM_IF/mega_shift_1_reg_26__6_/D         -0.037  (VIOLATED)
   I_SDRAM_TOP/I_SDRAM_IF/mega_shift_0_reg_33__0_/D         -0.036  (VIOLATED)
   I_SDRAM_TOP/I_SDRAM_IF/mega_shift_0_reg_32__3_/D         -0.036  (VIOLATED)
   I_SDRAM_TOP/I_SDRAM_IF/mega_shift_1_reg_39__13_/D        -0.036  (VIOLATED)
   I_SDRAM_TOP/I_SDRAM_IF/mega_shift_1_reg_4__9_/D          -0.036  (VIOLATED)
   I_SDRAM_TOP/I_SDRAM_IF/mega_shift_1_reg_17__26_/D        -0.036  (VIOLATED)
   I_SDRAM_TOP/I_SDRAM_IF/mega_shift_1_reg_24__13_/D        -0.036  (VIOLATED)
   I_SDRAM_TOP/I_SDRAM_IF/mega_shift_1_reg_31__13_/D        -0.036  (VIOLATED)
   I_SDRAM_TOP/I_SDRAM_IF/mega_shift_1_reg_10__5_/D         -0.036  (VIOLATED)
   I_SDRAM_TOP/I_SDRAM_IF/mega_shift_1_reg_23__9_/D         -0.036  (VIOLATED)
   I_SDRAM_TOP/I_SDRAM_IF/mega_shift_0_reg_13__14_/D        -0.035  (VIOLATED)
   I_SDRAM_TOP/I_SDRAM_IF/mega_shift_1_reg_1__11_/D         -0.035  (VIOLATED)
   I_SDRAM_TOP/I_SDRAM_IF/mega_shift_1_reg_15__8_/D         -0.035  (VIOLATED)
   I_SDRAM_TOP/I_SDRAM_IF/mega_shift_1_reg_8__28_/D         -0.035  (VIOLATED)
   I_SDRAM_TOP/I_SDRAM_IF/mega_shift_0_reg_12__2_/D         -0.035  (VIOLATED)
   I_SDRAM_TOP/I_SDRAM_IF/mega_shift_1_reg_16__16_/D        -0.035  (VIOLATED)
   I_SDRAM_TOP/I_SDRAM_IF/mega_shift_1_reg_33__31_/D        -0.035  (VIOLATED)
   I_SDRAM_TOP/I_SDRAM_IF/mega_shift_0_reg_9__17_/D         -0.034  (VIOLATED)
   I_SDRAM_TOP/I_SDRAM_IF/mega_shift_1_reg_5__30_/D         -0.034  (VIOLATED)
   I_SDRAM_TOP/I_SDRAM_IF/mega_shift_1_reg_4__10_/D         -0.034  (VIOLATED)
   I_SDRAM_TOP/I_SDRAM_IF/mega_shift_0_reg_2__1_/D          -0.034  (VIOLATED)
   I_SDRAM_TOP/I_SDRAM_IF/mega_shift_1_reg_37__26_/D        -0.034  (VIOLATED)
   I_SDRAM_TOP/I_SDRAM_IF/mega_shift_1_reg_35__17_/D        -0.034  (VIOLATED)
   I_SDRAM_TOP/I_SDRAM_IF/mega_shift_0_reg_8__9_/D          -0.034  (VIOLATED)
   I_SDRAM_TOP/I_SDRAM_IF/mega_shift_1_reg_17__8_/D         -0.034  (VIOLATED)
   I_SDRAM_TOP/I_SDRAM_IF/mega_shift_0_reg_16__20_/D        -0.034  (VIOLATED)
   I_SDRAM_TOP/I_SDRAM_IF/mega_shift_1_reg_23__17_/D        -0.034  (VIOLATED)
   I_SDRAM_TOP/I_SDRAM_IF/mega_shift_1_reg_19__14_/D        -0.034  (VIOLATED)
   I_SDRAM_TOP/I_SDRAM_IF/mega_shift_1_reg_25__22_/D        -0.034  (VIOLATED)
   I_SDRAM_TOP/I_SDRAM_IF/mega_shift_1_reg_13__8_/D         -0.034  (VIOLATED)
   I_SDRAM_TOP/I_SDRAM_IF/mega_shift_0_reg_24__0_/D         -0.033  (VIOLATED)
   I_SDRAM_TOP/I_SDRAM_IF/mega_shift_0_reg_8__5_/D          -0.033  (VIOLATED)
   I_SDRAM_TOP/I_SDRAM_IF/mega_shift_0_reg_34__30_/D        -0.033  (VIOLATED)
   I_SDRAM_TOP/I_SDRAM_IF/mega_shift_1_reg_19__18_/D        -0.033  (VIOLATED)
   I_SDRAM_TOP/I_SDRAM_IF/mega_shift_0_reg_39__15_/D        -0.032  (VIOLATED)
   I_SDRAM_TOP/I_SDRAM_IF/mega_shift_1_reg_18__18_/D        -0.032  (VIOLATED)
   I_SDRAM_TOP/I_SDRAM_IF/mega_shift_1_reg_21__1_/D         -0.032  (VIOLATED)
   I_SDRAM_TOP/I_SDRAM_IF/mega_shift_1_reg_28__28_/D        -0.032  (VIOLATED)
   I_SDRAM_TOP/I_SDRAM_IF/mega_shift_1_reg_30__2_/D         -0.032  (VIOLATED)
   I_SDRAM_TOP/I_SDRAM_IF/mega_shift_0_reg_3__10_/D         -0.032  (VIOLATED)
   I_SDRAM_TOP/I_SDRAM_IF/mega_shift_1_reg_3__25_/D         -0.032  (VIOLATED)
   I_SDRAM_TOP/I_SDRAM_IF/mega_shift_0_reg_30__17_/D        -0.032  (VIOLATED)
   I_SDRAM_TOP/I_SDRAM_IF/mega_shift_0_reg_30__5_/D         -0.032  (VIOLATED)
   I_SDRAM_TOP/I_SDRAM_IF/mega_shift_0_reg_26__31_/D        -0.032  (VIOLATED)
   I_SDRAM_TOP/I_SDRAM_IF/mega_shift_1_reg_18__3_/D         -0.032  (VIOLATED)
   I_SDRAM_TOP/I_SDRAM_IF/mega_shift_1_reg_17__4_/D         -0.032  (VIOLATED)
   I_SDRAM_TOP/I_SDRAM_IF/mega_shift_1_reg_34__30_/D        -0.032  (VIOLATED)
   I_SDRAM_TOP/I_SDRAM_IF/mega_shift_1_reg_39__7_/D         -0.032  (VIOLATED)
   I_SDRAM_TOP/I_SDRAM_IF/mega_shift_1_reg_5__11_/D         -0.031  (VIOLATED)
   I_SDRAM_TOP/I_SDRAM_IF/mega_shift_1_reg_3__20_/D         -0.031  (VIOLATED)
   I_SDRAM_TOP/I_SDRAM_IF/mega_shift_1_reg_38__15_/D        -0.031  (VIOLATED)
   I_SDRAM_TOP/I_SDRAM_IF/mega_shift_1_reg_40__23_/D        -0.031  (VIOLATED)
   I_SDRAM_TOP/I_SDRAM_IF/mega_shift_1_reg_38__0_/D         -0.031  (VIOLATED)
   I_SDRAM_TOP/I_SDRAM_IF/mega_shift_1_reg_34__25_/D        -0.031  (VIOLATED)
   I_SDRAM_TOP/I_SDRAM_IF/mega_shift_1_reg_1__18_/D         -0.031  (VIOLATED)
   I_SDRAM_TOP/I_SDRAM_IF/mega_shift_0_reg_18__19_/D        -0.031  (VIOLATED)
   I_SDRAM_TOP/I_SDRAM_IF/mega_shift_0_reg_32__29_/D        -0.031  (VIOLATED)
   I_SDRAM_TOP/I_SDRAM_IF/mega_shift_1_reg_28__25_/D        -0.031  (VIOLATED)
   I_SDRAM_TOP/I_SDRAM_IF/mega_shift_0_reg_22__25_/D        -0.030  (VIOLATED)
   I_SDRAM_TOP/I_SDRAM_IF/mega_shift_0_reg_1__2_/D          -0.030  (VIOLATED)
   I_SDRAM_TOP/I_SDRAM_IF/mega_shift_1_reg_23__8_/D         -0.030  (VIOLATED)
   I_SDRAM_TOP/I_SDRAM_IF/mega_shift_0_reg_15__1_/D         -0.030  (VIOLATED)
   I_SDRAM_TOP/I_SDRAM_IF/mega_shift_0_reg_31__3_/D         -0.030  (VIOLATED)
   I_SDRAM_TOP/I_SDRAM_IF/mega_shift_1_reg_6__19_/D         -0.030  (VIOLATED)
   I_SDRAM_TOP/I_SDRAM_IF/mega_shift_0_reg_37__20_/D        -0.029  (VIOLATED)
   I_SDRAM_TOP/I_SDRAM_IF/mega_shift_0_reg_4__30_/D         -0.029  (VIOLATED)
   I_SDRAM_TOP/I_SDRAM_IF/mega_shift_0_reg_26__2_/D         -0.029  (VIOLATED)
   I_SDRAM_TOP/I_SDRAM_IF/mega_shift_0_reg_27__24_/D        -0.029  (VIOLATED)
   I_SDRAM_TOP/I_SDRAM_IF/mega_shift_1_reg_28__9_/D         -0.029  (VIOLATED)
   I_SDRAM_TOP/I_SDRAM_IF/mega_shift_0_reg_21__4_/D         -0.029  (VIOLATED)
   I_SDRAM_TOP/I_SDRAM_IF/mega_shift_1_reg_12__9_/D         -0.029  (VIOLATED)
   I_SDRAM_TOP/I_SDRAM_IF/mega_shift_1_reg_39__22_/D        -0.029  (VIOLATED)
   I_SDRAM_TOP/I_SDRAM_IF/mega_shift_1_reg_22__13_/D        -0.029  (VIOLATED)
   I_SDRAM_TOP/I_SDRAM_IF/mega_shift_1_reg_13__19_/D        -0.029  (VIOLATED)
   I_SDRAM_TOP/I_SDRAM_IF/mega_shift_1_reg_28__21_/D        -0.029  (VIOLATED)
   I_SDRAM_TOP/I_SDRAM_IF/mega_shift_1_reg_6__30_/D         -0.029  (VIOLATED)
   I_SDRAM_TOP/I_SDRAM_IF/mega_shift_1_reg_15__3_/D         -0.028  (VIOLATED)
   I_SDRAM_TOP/I_SDRAM_IF/mega_shift_0_reg_2__11_/D         -0.028  (VIOLATED)
   I_SDRAM_TOP/I_SDRAM_IF/mega_shift_1_reg_0__29_/D         -0.028  (VIOLATED)
   I_SDRAM_TOP/I_SDRAM_IF/mega_shift_0_reg_17__23_/D        -0.028  (VIOLATED)
   I_SDRAM_TOP/I_SDRAM_IF/mega_shift_0_reg_8__11_/D         -0.028  (VIOLATED)
   I_SDRAM_TOP/I_SDRAM_IF/mega_shift_1_reg_20__13_/D        -0.028  (VIOLATED)
   I_SDRAM_TOP/I_SDRAM_IF/mega_shift_1_reg_16__15_/D        -0.028  (VIOLATED)
   I_SDRAM_TOP/I_SDRAM_IF/mega_shift_0_reg_30__22_/D        -0.028  (VIOLATED)
   I_SDRAM_TOP/I_SDRAM_IF/mega_shift_1_reg_3__17_/D         -0.028  (VIOLATED)
   I_SDRAM_TOP/I_SDRAM_IF/mega_shift_1_reg_17__29_/D        -0.028  (VIOLATED)
   I_SDRAM_TOP/I_SDRAM_IF/mega_shift_0_reg_30__6_/D         -0.027  (VIOLATED)
   I_SDRAM_TOP/I_SDRAM_IF/mega_shift_0_reg_11__11_/D        -0.027  (VIOLATED)
   I_SDRAM_TOP/I_SDRAM_IF/mega_shift_1_reg_38__25_/D        -0.027  (VIOLATED)
   I_SDRAM_TOP/I_SDRAM_IF/mega_shift_1_reg_26__15_/D        -0.027  (VIOLATED)
   I_SDRAM_TOP/I_SDRAM_IF/mega_shift_1_reg_10__14_/D        -0.027  (VIOLATED)
   I_SDRAM_TOP/I_SDRAM_IF/mega_shift_1_reg_20__17_/D        -0.027  (VIOLATED)
   I_SDRAM_TOP/I_SDRAM_IF/mega_shift_1_reg_23__5_/D         -0.027  (VIOLATED)
   I_SDRAM_TOP/I_SDRAM_IF/mega_shift_1_reg_1__8_/D          -0.027  (VIOLATED)
   I_SDRAM_TOP/I_SDRAM_IF/mega_shift_0_reg_26__15_/D        -0.027  (VIOLATED)
   I_SDRAM_TOP/I_SDRAM_IF/mega_shift_1_reg_34__3_/D         -0.027  (VIOLATED)
   I_SDRAM_TOP/I_SDRAM_IF/mega_shift_1_reg_16__12_/D        -0.027  (VIOLATED)
   I_SDRAM_TOP/I_SDRAM_IF/mega_shift_0_reg_18__29_/D        -0.027  (VIOLATED)
   I_SDRAM_TOP/I_SDRAM_IF/mega_shift_1_reg_14__4_/D         -0.027  (VIOLATED)
   I_SDRAM_TOP/I_SDRAM_IF/mega_shift_1_reg_36__21_/D        -0.027  (VIOLATED)
   I_SDRAM_TOP/I_SDRAM_IF/mega_shift_1_reg_11__12_/D        -0.027  (VIOLATED)
   I_SDRAM_TOP/I_SDRAM_IF/mega_shift_0_reg_1__30_/D         -0.027  (VIOLATED)
   I_SDRAM_TOP/I_SDRAM_IF/mega_shift_1_reg_39__15_/D        -0.027  (VIOLATED)
   I_SDRAM_TOP/I_SDRAM_IF/mega_shift_1_reg_6__7_/D          -0.026  (VIOLATED)
   I_SDRAM_TOP/I_SDRAM_IF/mega_shift_1_reg_36__27_/D        -0.026  (VIOLATED)
   I_SDRAM_TOP/I_SDRAM_IF/mega_shift_1_reg_17__14_/D        -0.026  (VIOLATED)
   I_SDRAM_TOP/I_SDRAM_IF/mega_shift_0_reg_15__3_/D         -0.026  (VIOLATED)
   I_SDRAM_TOP/I_SDRAM_IF/mega_shift_1_reg_16__28_/D        -0.026  (VIOLATED)
   I_SDRAM_TOP/I_SDRAM_IF/mega_shift_1_reg_9__4_/D          -0.026  (VIOLATED)
   I_SDRAM_TOP/I_SDRAM_IF/mega_shift_1_reg_0__15_/D         -0.026  (VIOLATED)
   I_SDRAM_TOP/I_SDRAM_IF/mega_shift_1_reg_37__13_/D        -0.026  (VIOLATED)
   I_SDRAM_TOP/I_SDRAM_IF/mega_shift_1_reg_29__25_/D        -0.026  (VIOLATED)
   I_SDRAM_TOP/I_SDRAM_IF/mega_shift_1_reg_11__4_/D         -0.026  (VIOLATED)
   I_SDRAM_TOP/I_SDRAM_IF/mega_shift_1_reg_2__25_/D         -0.026  (VIOLATED)
   I_SDRAM_TOP/I_SDRAM_IF/mega_shift_1_reg_5__9_/D          -0.026  (VIOLATED)
   I_SDRAM_TOP/I_SDRAM_IF/mega_shift_1_reg_10__27_/D        -0.025  (VIOLATED)
   I_SDRAM_TOP/I_SDRAM_IF/mega_shift_0_reg_5__19_/D         -0.025  (VIOLATED)
   I_SDRAM_TOP/I_SDRAM_IF/mega_shift_1_reg_37__31_/D        -0.025  (VIOLATED)
   I_SDRAM_TOP/I_SDRAM_IF/mega_shift_1_reg_8__21_/D         -0.025  (VIOLATED)
   I_SDRAM_TOP/I_SDRAM_IF/mega_shift_1_reg_29__31_/D        -0.025  (VIOLATED)
   I_SDRAM_TOP/I_SDRAM_IF/mega_shift_1_reg_10__1_/D         -0.025  (VIOLATED)
   I_SDRAM_TOP/I_SDRAM_IF/mega_shift_0_reg_3__20_/D         -0.025  (VIOLATED)
   I_SDRAM_TOP/I_SDRAM_IF/mega_shift_0_reg_31__12_/D        -0.024  (VIOLATED)
   I_SDRAM_TOP/I_SDRAM_IF/mega_shift_1_reg_5__29_/D         -0.024  (VIOLATED)
   I_SDRAM_TOP/I_SDRAM_IF/mega_shift_1_reg_21__18_/D        -0.024  (VIOLATED)
   I_SDRAM_TOP/I_SDRAM_IF/mega_shift_1_reg_38__21_/D        -0.024  (VIOLATED)
   I_SDRAM_TOP/I_SDRAM_IF/mega_shift_1_reg_12__11_/D        -0.024  (VIOLATED)
   I_SDRAM_TOP/I_SDRAM_IF/mega_shift_0_reg_24__31_/D        -0.024  (VIOLATED)
   I_SDRAM_TOP/I_SDRAM_IF/mega_shift_1_reg_10__11_/D        -0.024  (VIOLATED)
   I_SDRAM_TOP/I_SDRAM_IF/mega_shift_0_reg_33__8_/D         -0.024  (VIOLATED)
   I_SDRAM_TOP/I_SDRAM_IF/mega_shift_0_reg_18__7_/D         -0.023  (VIOLATED)
   I_SDRAM_TOP/I_SDRAM_IF/mega_shift_0_reg_23__24_/D        -0.023  (VIOLATED)
   I_SDRAM_TOP/I_SDRAM_IF/mega_shift_1_reg_11__3_/D         -0.023  (VIOLATED)
   I_SDRAM_TOP/I_SDRAM_IF/mega_shift_0_reg_31__23_/D        -0.023  (VIOLATED)
   I_SDRAM_TOP/I_SDRAM_IF/mega_shift_1_reg_2__13_/D         -0.023  (VIOLATED)
   I_SDRAM_TOP/I_SDRAM_IF/mega_shift_0_reg_29__4_/D         -0.023  (VIOLATED)
   I_SDRAM_TOP/I_SDRAM_IF/mega_shift_1_reg_15__14_/D        -0.023  (VIOLATED)
   I_SDRAM_TOP/I_SDRAM_IF/mega_shift_0_reg_36__29_/D        -0.023  (VIOLATED)
   I_SDRAM_TOP/I_SDRAM_IF/mega_shift_0_reg_16__13_/D        -0.023  (VIOLATED)
   I_SDRAM_TOP/I_SDRAM_IF/mega_shift_1_reg_31__31_/D        -0.023  (VIOLATED)
   I_SDRAM_TOP/I_SDRAM_IF/mega_shift_1_reg_0__22_/D         -0.023  (VIOLATED)
   I_SDRAM_TOP/I_SDRAM_IF/mega_shift_1_reg_21__15_/D        -0.023  (VIOLATED)
   I_SDRAM_TOP/I_SDRAM_IF/mega_shift_1_reg_16__9_/D         -0.023  (VIOLATED)
   I_SDRAM_TOP/I_SDRAM_IF/mega_shift_1_reg_2__23_/D         -0.022  (VIOLATED)
   I_SDRAM_TOP/I_SDRAM_IF/mega_shift_1_reg_0__10_/D         -0.022  (VIOLATED)
   I_SDRAM_TOP/I_SDRAM_IF/mega_shift_1_reg_21__0_/D         -0.022  (VIOLATED)
   I_SDRAM_TOP/I_SDRAM_IF/mega_shift_1_reg_29__12_/D        -0.022  (VIOLATED)
   I_SDRAM_TOP/I_SDRAM_IF/mega_shift_1_reg_14__5_/D         -0.022  (VIOLATED)
   I_SDRAM_TOP/I_SDRAM_IF/mega_shift_1_reg_37__18_/D        -0.022  (VIOLATED)
   I_SDRAM_TOP/I_SDRAM_IF/mega_shift_1_reg_34__26_/D        -0.022  (VIOLATED)
   I_SDRAM_TOP/I_SDRAM_IF/mega_shift_1_reg_2__30_/D         -0.022  (VIOLATED)
   I_SDRAM_TOP/I_SDRAM_IF/mega_shift_1_reg_6__5_/D          -0.022  (VIOLATED)
   I_SDRAM_TOP/I_SDRAM_IF/mega_shift_0_reg_25__8_/D         -0.021  (VIOLATED)
   I_SDRAM_TOP/I_SDRAM_IF/mega_shift_1_reg_9__21_/D         -0.021  (VIOLATED)
   I_SDRAM_TOP/I_SDRAM_IF/mega_shift_1_reg_27__28_/D        -0.021  (VIOLATED)
   I_SDRAM_TOP/I_SDRAM_IF/mega_shift_1_reg_36__22_/D        -0.021  (VIOLATED)
   I_SDRAM_TOP/I_SDRAM_IF/mega_shift_0_reg_37__13_/D        -0.021  (VIOLATED)
   I_SDRAM_TOP/I_SDRAM_IF/mega_shift_1_reg_0__9_/D          -0.021  (VIOLATED)
   I_SDRAM_TOP/I_SDRAM_IF/mega_shift_1_reg_26__17_/D        -0.021  (VIOLATED)
   I_SDRAM_TOP/I_SDRAM_IF/mega_shift_1_reg_27__21_/D        -0.021  (VIOLATED)
   I_SDRAM_TOP/I_SDRAM_IF/mega_shift_1_reg_7__26_/D         -0.021  (VIOLATED)
   I_SDRAM_TOP/I_SDRAM_IF/mega_shift_1_reg_36__13_/D        -0.021  (VIOLATED)
   I_SDRAM_TOP/I_SDRAM_IF/mega_shift_1_reg_39__28_/D        -0.020  (VIOLATED)
   I_SDRAM_TOP/I_SDRAM_IF/mega_shift_1_reg_35__13_/D        -0.020  (VIOLATED)
   I_SDRAM_TOP/I_SDRAM_IF/mega_shift_0_reg_28__26_/D        -0.020  (VIOLATED)
   I_SDRAM_TOP/I_SDRAM_IF/mega_shift_1_reg_37__4_/D         -0.020  (VIOLATED)
   I_SDRAM_TOP/I_SDRAM_IF/mega_shift_1_reg_22__31_/D        -0.020  (VIOLATED)
   I_SDRAM_TOP/I_SDRAM_IF/mega_shift_1_reg_2__2_/D          -0.020  (VIOLATED)
   I_SDRAM_TOP/I_SDRAM_IF/mega_shift_1_reg_32__9_/D         -0.020  (VIOLATED)
   I_SDRAM_TOP/I_SDRAM_IF/mega_shift_1_reg_5__19_/D         -0.020  (VIOLATED)
   I_SDRAM_TOP/I_SDRAM_IF/mega_shift_1_reg_1__6_/D          -0.020  (VIOLATED)
   I_SDRAM_TOP/I_SDRAM_IF/mega_shift_1_reg_18__28_/D        -0.020  (VIOLATED)
   I_SDRAM_TOP/I_SDRAM_IF/mega_shift_0_reg_4__2_/D          -0.020  (VIOLATED)
   I_SDRAM_TOP/I_SDRAM_IF/mega_shift_1_reg_27__29_/D        -0.019  (VIOLATED)
   I_SDRAM_TOP/I_SDRAM_IF/mega_shift_1_reg_25__8_/D         -0.019  (VIOLATED)
   I_SDRAM_TOP/I_SDRAM_IF/mega_shift_1_reg_9__3_/D          -0.019  (VIOLATED)
   I_SDRAM_TOP/I_SDRAM_IF/mega_shift_1_reg_17__24_/D        -0.019  (VIOLATED)
   I_SDRAM_TOP/I_SDRAM_IF/mega_shift_1_reg_36__2_/D         -0.019  (VIOLATED)
   I_SDRAM_TOP/I_SDRAM_IF/mega_shift_0_reg_30__18_/D        -0.019  (VIOLATED)
   I_SDRAM_TOP/I_SDRAM_IF/mega_shift_1_reg_35__6_/D         -0.019  (VIOLATED)
   I_SDRAM_TOP/I_SDRAM_IF/mega_shift_1_reg_20__1_/D         -0.019  (VIOLATED)
   I_SDRAM_TOP/I_SDRAM_IF/mega_shift_0_reg_6__31_/D         -0.018  (VIOLATED)
   I_SDRAM_TOP/I_SDRAM_IF/mega_shift_0_reg_36__30_/D        -0.018  (VIOLATED)
   I_SDRAM_TOP/I_SDRAM_IF/mega_shift_0_reg_33__31_/D        -0.018  (VIOLATED)
   I_SDRAM_TOP/I_SDRAM_IF/mega_shift_0_reg_35__25_/D        -0.018  (VIOLATED)
   I_SDRAM_TOP/I_SDRAM_IF/mega_shift_0_reg_28__18_/D        -0.018  (VIOLATED)
   I_SDRAM_TOP/I_SDRAM_IF/mega_shift_0_reg_17__27_/D        -0.018  (VIOLATED)
   I_SDRAM_TOP/I_SDRAM_IF/mega_shift_1_reg_4__13_/D         -0.018  (VIOLATED)
   I_SDRAM_TOP/I_SDRAM_IF/mega_shift_1_reg_15__6_/D         -0.017  (VIOLATED)
   I_SDRAM_TOP/I_SDRAM_IF/mega_shift_1_reg_40__14_/D        -0.017  (VIOLATED)
   I_SDRAM_TOP/I_SDRAM_IF/mega_shift_0_reg_8__26_/D         -0.017  (VIOLATED)
   I_SDRAM_TOP/I_SDRAM_IF/mega_shift_1_reg_18__23_/D        -0.017  (VIOLATED)
   I_SDRAM_TOP/I_SDRAM_IF/mega_shift_0_reg_33__28_/D        -0.017  (VIOLATED)
   I_SDRAM_TOP/I_SDRAM_IF/mega_shift_0_reg_28__3_/D         -0.017  (VIOLATED)
   I_SDRAM_TOP/I_SDRAM_IF/mega_shift_0_reg_25__16_/D        -0.017  (VIOLATED)
   I_SDRAM_TOP/I_SDRAM_IF/mega_shift_1_reg_38__26_/D        -0.017  (VIOLATED)
   I_SDRAM_TOP/I_SDRAM_IF/mega_shift_1_reg_22__12_/D        -0.017  (VIOLATED)
   I_SDRAM_TOP/I_SDRAM_IF/mega_shift_1_reg_37__21_/D        -0.016  (VIOLATED)
   I_SDRAM_TOP/I_SDRAM_IF/mega_shift_1_reg_30__7_/D         -0.016  (VIOLATED)
   I_SDRAM_TOP/I_SDRAM_IF/mega_shift_1_reg_22__3_/D         -0.016  (VIOLATED)
   I_SDRAM_TOP/I_SDRAM_IF/mega_shift_1_reg_38__2_/D         -0.016  (VIOLATED)
   I_SDRAM_TOP/I_SDRAM_IF/mega_shift_0_reg_13__27_/D        -0.016  (VIOLATED)
   I_SDRAM_TOP/I_SDRAM_IF/mega_shift_1_reg_32__26_/D        -0.016  (VIOLATED)
   I_SDRAM_TOP/I_SDRAM_IF/mega_shift_1_reg_28__20_/D        -0.016  (VIOLATED)
   I_SDRAM_TOP/I_SDRAM_IF/mega_shift_0_reg_15__17_/D        -0.015  (VIOLATED)
   I_SDRAM_TOP/I_SDRAM_IF/mega_shift_1_reg_4__16_/D         -0.015  (VIOLATED)
   I_SDRAM_TOP/I_SDRAM_IF/mega_shift_1_reg_26__9_/D         -0.015  (VIOLATED)
   I_SDRAM_TOP/I_SDRAM_IF/mega_shift_0_reg_30__2_/D         -0.015  (VIOLATED)
   I_SDRAM_TOP/I_SDRAM_IF/mega_shift_1_reg_15__29_/D        -0.015  (VIOLATED)
   I_SDRAM_TOP/I_SDRAM_IF/mega_shift_1_reg_13__7_/D         -0.015  (VIOLATED)
   I_SDRAM_TOP/I_SDRAM_IF/mega_shift_1_reg_36__8_/D         -0.015  (VIOLATED)
   I_SDRAM_TOP/I_SDRAM_IF/mega_shift_1_reg_18__29_/D        -0.015  (VIOLATED)
   I_SDRAM_TOP/I_SDRAM_IF/mega_shift_1_reg_4__11_/D         -0.015  (VIOLATED)
   I_SDRAM_TOP/I_SDRAM_IF/mega_shift_1_reg_39__14_/D        -0.014  (VIOLATED)
   I_SDRAM_TOP/I_SDRAM_IF/mega_shift_0_reg_17__30_/D        -0.014  (VIOLATED)
   I_SDRAM_TOP/I_SDRAM_IF/mega_shift_1_reg_2__18_/D         -0.014  (VIOLATED)
   I_SDRAM_TOP/I_SDRAM_IF/mega_shift_1_reg_29__21_/D        -0.014  (VIOLATED)
   I_SDRAM_TOP/I_SDRAM_IF/mega_shift_1_reg_11__26_/D        -0.014  (VIOLATED)
   I_SDRAM_TOP/I_SDRAM_IF/mega_shift_1_reg_0__7_/D          -0.014  (VIOLATED)
   I_SDRAM_TOP/I_SDRAM_IF/mega_shift_1_reg_38__1_/D         -0.014  (VIOLATED)
   I_SDRAM_TOP/I_SDRAM_IF/mega_shift_1_reg_5__25_/D         -0.013  (VIOLATED)
   I_SDRAM_TOP/I_SDRAM_IF/mega_shift_1_reg_34__18_/D        -0.013  (VIOLATED)
   I_SDRAM_TOP/I_SDRAM_IF/mega_shift_1_reg_12__28_/D        -0.013  (VIOLATED)
   I_SDRAM_TOP/I_SDRAM_IF/mega_shift_0_reg_8__10_/D         -0.013  (VIOLATED)
   I_SDRAM_TOP/I_SDRAM_IF/mega_shift_0_reg_6__2_/D          -0.013  (VIOLATED)
   I_SDRAM_TOP/I_SDRAM_IF/mega_shift_1_reg_8__2_/D          -0.013  (VIOLATED)
   I_SDRAM_TOP/I_SDRAM_IF/mega_shift_1_reg_33__18_/D        -0.013  (VIOLATED)
   I_SDRAM_TOP/I_SDRAM_IF/mega_shift_0_reg_6__10_/D         -0.013  (VIOLATED)
   I_SDRAM_TOP/I_SDRAM_IF/mega_shift_1_reg_15__17_/D        -0.013  (VIOLATED)
   I_SDRAM_TOP/I_SDRAM_IF/mega_shift_1_reg_9__14_/D         -0.012  (VIOLATED)
   I_SDRAM_TOP/I_SDRAM_IF/mega_shift_1_reg_21__22_/D        -0.012  (VIOLATED)
   I_SDRAM_TOP/I_SDRAM_IF/mega_shift_1_reg_5__20_/D         -0.012  (VIOLATED)
   I_SDRAM_TOP/I_SDRAM_IF/mega_shift_1_reg_23__16_/D        -0.012  (VIOLATED)
   I_SDRAM_TOP/I_SDRAM_IF/mega_shift_1_reg_3__14_/D         -0.012  (VIOLATED)
   I_SDRAM_TOP/I_SDRAM_IF/mega_shift_1_reg_23__23_/D        -0.012  (VIOLATED)
   I_SDRAM_TOP/I_SDRAM_IF/mega_shift_1_reg_32__18_/D        -0.012  (VIOLATED)
   I_SDRAM_TOP/I_SDRAM_IF/mega_shift_1_reg_16__4_/D         -0.012  (VIOLATED)
   I_SDRAM_TOP/I_SDRAM_IF/mega_shift_1_reg_22__27_/D        -0.012  (VIOLATED)
   I_SDRAM_TOP/I_SDRAM_IF/mega_shift_1_reg_26__20_/D        -0.012  (VIOLATED)
   I_SDRAM_TOP/I_SDRAM_IF/mega_shift_1_reg_0__6_/D          -0.012  (VIOLATED)
   I_SDRAM_TOP/I_SDRAM_IF/mega_shift_1_reg_17__1_/D         -0.012  (VIOLATED)
   I_SDRAM_TOP/I_SDRAM_IF/mega_shift_1_reg_0__30_/D         -0.012  (VIOLATED)
   I_SDRAM_TOP/I_SDRAM_IF/mega_shift_0_reg_24__27_/D        -0.011  (VIOLATED)
   I_SDRAM_TOP/I_SDRAM_IF/mega_shift_0_reg_13__30_/D        -0.011  (VIOLATED)
   I_SDRAM_TOP/I_SDRAM_IF/mega_shift_0_reg_11__29_/D        -0.011  (VIOLATED)
   I_SDRAM_TOP/I_SDRAM_IF/mega_shift_1_reg_32__21_/D        -0.011  (VIOLATED)
   I_SDRAM_TOP/I_SDRAM_IF/mega_shift_0_reg_2__23_/D         -0.011  (VIOLATED)
   I_SDRAM_TOP/I_SDRAM_IF/mega_shift_1_reg_10__17_/D        -0.011  (VIOLATED)
   I_SDRAM_TOP/I_SDRAM_IF/mega_shift_0_reg_18__4_/D         -0.011  (VIOLATED)
   I_SDRAM_TOP/I_SDRAM_IF/mega_shift_0_reg_22__13_/D        -0.011  (VIOLATED)
   I_SDRAM_TOP/I_SDRAM_IF/mega_shift_1_reg_2__11_/D         -0.011  (VIOLATED)
   I_SDRAM_TOP/I_SDRAM_IF/mega_shift_0_reg_1__17_/D         -0.011  (VIOLATED)
   I_SDRAM_TOP/I_SDRAM_IF/mega_shift_1_reg_6__0_/D          -0.011  (VIOLATED)
   I_SDRAM_TOP/I_SDRAM_IF/mega_shift_0_reg_20__31_/D        -0.011  (VIOLATED)
   I_SDRAM_TOP/I_SDRAM_IF/mega_shift_1_reg_18__5_/D         -0.011  (VIOLATED)
   I_SDRAM_TOP/I_SDRAM_IF/mega_shift_1_reg_12__21_/D        -0.011  (VIOLATED)
   I_SDRAM_TOP/I_SDRAM_IF/mega_shift_0_reg_31__27_/D        -0.011  (VIOLATED)
   I_SDRAM_TOP/I_SDRAM_IF/mega_shift_1_reg_13__16_/D        -0.010  (VIOLATED)
   I_SDRAM_TOP/I_SDRAM_IF/mega_shift_1_reg_27__0_/D         -0.010  (VIOLATED)
   I_SDRAM_TOP/I_SDRAM_IF/mega_shift_0_reg_11__25_/D        -0.010  (VIOLATED)
   I_SDRAM_TOP/I_SDRAM_IF/mega_shift_1_reg_2__16_/D         -0.010  (VIOLATED)
   I_SDRAM_TOP/I_SDRAM_IF/mega_shift_1_reg_30__8_/D         -0.010  (VIOLATED)
   I_SDRAM_TOP/I_SDRAM_IF/mega_shift_1_reg_17__20_/D        -0.010  (VIOLATED)
   I_SDRAM_TOP/I_SDRAM_IF/mega_shift_1_reg_13__31_/D        -0.010  (VIOLATED)
   I_SDRAM_TOP/I_SDRAM_IF/mega_shift_0_reg_8__27_/D         -0.010  (VIOLATED)
   I_SDRAM_TOP/I_SDRAM_IF/mega_shift_1_reg_32__20_/D        -0.010  (VIOLATED)
   I_SDRAM_TOP/I_SDRAM_IF/mega_shift_0_reg_27__28_/D        -0.009  (VIOLATED)
   I_SDRAM_TOP/I_SDRAM_IF/mega_shift_1_reg_19__10_/D        -0.009  (VIOLATED)
   I_SDRAM_TOP/I_SDRAM_IF/mega_shift_1_reg_31__9_/D         -0.009  (VIOLATED)
   I_SDRAM_TOP/I_SDRAM_IF/mega_shift_1_reg_5__28_/D         -0.009  (VIOLATED)
   I_SDRAM_TOP/I_SDRAM_IF/mega_shift_1_reg_22__1_/D         -0.009  (VIOLATED)
   I_SDRAM_TOP/I_SDRAM_IF/mega_shift_0_reg_39__6_/D         -0.008  (VIOLATED)
   I_SDRAM_TOP/I_SDRAM_IF/mega_shift_1_reg_20__19_/D        -0.008  (VIOLATED)
   I_SDRAM_TOP/I_SDRAM_IF/mega_shift_0_reg_22__29_/D        -0.008  (VIOLATED)
   I_SDRAM_TOP/I_SDRAM_IF/mega_shift_0_reg_13__3_/D         -0.008  (VIOLATED)
   I_SDRAM_TOP/I_SDRAM_IF/mega_shift_1_reg_1__26_/D         -0.008  (VIOLATED)
   I_SDRAM_TOP/I_SDRAM_IF/mega_shift_0_reg_11__28_/D        -0.008  (VIOLATED)
   I_SDRAM_TOP/I_SDRAM_IF/mega_shift_1_reg_12__3_/D         -0.008  (VIOLATED)
   I_SDRAM_TOP/I_SDRAM_IF/mega_shift_1_reg_33__4_/D         -0.008  (VIOLATED)
   I_SDRAM_TOP/I_SDRAM_IF/mega_shift_1_reg_30__11_/D        -0.007  (VIOLATED)
   I_SDRAM_TOP/I_SDRAM_IF/mega_shift_0_reg_12__14_/D        -0.007  (VIOLATED)
   I_SDRAM_TOP/I_SDRAM_IF/mega_shift_0_reg_1__9_/D          -0.007  (VIOLATED)
   I_SDRAM_TOP/I_SDRAM_IF/mega_shift_0_reg_6__24_/D         -0.007  (VIOLATED)
   I_SDRAM_TOP/I_SDRAM_IF/mega_shift_1_reg_11__14_/D        -0.007  (VIOLATED)
   I_SDRAM_TOP/I_SDRAM_IF/mega_shift_1_reg_6__15_/D         -0.007  (VIOLATED)
   I_SDRAM_TOP/I_SDRAM_IF/mega_shift_0_reg_18__5_/D         -0.007  (VIOLATED)
   I_SDRAM_TOP/I_SDRAM_IF/mega_shift_1_reg_9__28_/D         -0.007  (VIOLATED)
   I_SDRAM_TOP/I_SDRAM_IF/mega_shift_1_reg_7__8_/D          -0.007  (VIOLATED)
   I_SDRAM_TOP/I_SDRAM_IF/mega_shift_0_reg_1__21_/D         -0.007  (VIOLATED)
   I_SDRAM_TOP/I_SDRAM_IF/mega_shift_1_reg_30__0_/D         -0.007  (VIOLATED)
   I_SDRAM_TOP/I_SDRAM_IF/mega_shift_1_reg_10__13_/D        -0.006  (VIOLATED)
   I_SDRAM_TOP/I_SDRAM_IF/mega_shift_1_reg_20__27_/D        -0.006  (VIOLATED)
   I_SDRAM_TOP/I_SDRAM_IF/mega_shift_0_reg_10__19_/D        -0.006  (VIOLATED)
   I_SDRAM_TOP/I_SDRAM_IF/mega_shift_0_reg_17__14_/D        -0.006  (VIOLATED)
   I_SDRAM_TOP/I_SDRAM_IF/mega_shift_1_reg_33__12_/D        -0.005  (VIOLATED)
   I_SDRAM_TOP/I_SDRAM_IF/mega_shift_1_reg_5__15_/D         -0.005  (VIOLATED)
   I_SDRAM_TOP/I_SDRAM_IF/mega_shift_1_reg_7__15_/D         -0.005  (VIOLATED)
   I_SDRAM_TOP/I_SDRAM_IF/mega_shift_1_reg_33__9_/D         -0.005  (VIOLATED)
   I_SDRAM_TOP/I_SDRAM_IF/mega_shift_0_reg_10__30_/D        -0.005  (VIOLATED)
   I_SDRAM_TOP/I_SDRAM_IF/mega_shift_1_reg_21__14_/D        -0.005  (VIOLATED)
   I_SDRAM_TOP/I_SDRAM_IF/mega_shift_1_reg_35__16_/D        -0.005  (VIOLATED)
   I_SDRAM_TOP/I_SDRAM_IF/mega_shift_1_reg_23__3_/D         -0.005  (VIOLATED)
   I_SDRAM_TOP/I_SDRAM_IF/mega_shift_1_reg_38__3_/D         -0.005  (VIOLATED)
   I_SDRAM_TOP/I_SDRAM_IF/mega_shift_1_reg_15__1_/D         -0.005  (VIOLATED)
   I_SDRAM_TOP/I_SDRAM_IF/mega_shift_1_reg_19__6_/D         -0.004  (VIOLATED)
   I_SDRAM_TOP/I_SDRAM_IF/mega_shift_1_reg_5__1_/D          -0.004  (VIOLATED)
   I_SDRAM_TOP/I_SDRAM_IF/mega_shift_1_reg_5__8_/D          -0.004  (VIOLATED)
   I_SDRAM_TOP/I_SDRAM_IF/mega_shift_0_reg_25__25_/D        -0.004  (VIOLATED)
   I_SDRAM_TOP/I_SDRAM_IF/mega_shift_0_reg_11__24_/D        -0.004  (VIOLATED)
   I_SDRAM_TOP/I_SDRAM_IF/mega_shift_1_reg_39__3_/D         -0.004  (VIOLATED)
   I_SDRAM_TOP/I_SDRAM_IF/mega_shift_1_reg_15__20_/D        -0.004  (VIOLATED)
   I_SDRAM_TOP/I_SDRAM_IF/mega_shift_0_reg_1__10_/D         -0.004  (VIOLATED)
   I_SDRAM_TOP/I_SDRAM_IF/mega_shift_1_reg_11__17_/D        -0.004  (VIOLATED)
   I_SDRAM_TOP/I_SDRAM_IF/mega_shift_1_reg_36__19_/D        -0.004  (VIOLATED)
   I_SDRAM_TOP/I_SDRAM_IF/mega_shift_1_reg_19__0_/D         -0.004  (VIOLATED)
   I_SDRAM_TOP/I_SDRAM_IF/mega_shift_1_reg_10__31_/D        -0.004  (VIOLATED)
   I_SDRAM_TOP/I_SDRAM_IF/mega_shift_1_reg_13__22_/D        -0.004  (VIOLATED)
   I_SDRAM_TOP/I_SDRAM_IF/mega_shift_1_reg_30__24_/D        -0.004  (VIOLATED)
   I_SDRAM_TOP/I_SDRAM_IF/mega_shift_1_reg_28__11_/D        -0.003  (VIOLATED)
   I_SDRAM_TOP/I_SDRAM_IF/mega_shift_1_reg_35__12_/D        -0.003  (VIOLATED)
   I_SDRAM_TOP/I_SDRAM_IF/mega_shift_1_reg_11__29_/D        -0.003  (VIOLATED)
   I_SDRAM_TOP/I_SDRAM_IF/mega_shift_1_reg_8__22_/D         -0.003  (VIOLATED)
   I_SDRAM_TOP/I_SDRAM_IF/mega_shift_0_reg_20__3_/D         -0.003  (VIOLATED)
   I_SDRAM_TOP/I_SDRAM_IF/mega_shift_1_reg_19__5_/D         -0.003  (VIOLATED)
   I_SDRAM_TOP/I_SDRAM_IF/mega_shift_1_reg_39__8_/D         -0.003  (VIOLATED)
   I_SDRAM_TOP/I_SDRAM_IF/mega_shift_1_reg_16__1_/D         -0.003  (VIOLATED)
   I_SDRAM_TOP/I_SDRAM_IF/mega_shift_0_reg_29__6_/D         -0.002  (VIOLATED)
   I_SDRAM_TOP/I_SDRAM_IF/mega_shift_0_reg_2__21_/D         -0.002  (VIOLATED)
   I_SDRAM_TOP/I_SDRAM_IF/mega_shift_0_reg_3__28_/D         -0.002  (VIOLATED)
   I_SDRAM_TOP/I_SDRAM_IF/mega_shift_1_reg_38__10_/D        -0.002  (VIOLATED)
   I_SDRAM_TOP/I_SDRAM_IF/mega_shift_0_reg_35__12_/D        -0.002  (VIOLATED)
   I_SDRAM_TOP/I_SDRAM_IF/mega_shift_0_reg_24__7_/D         -0.002  (VIOLATED)
   I_SDRAM_TOP/I_SDRAM_IF/mega_shift_1_reg_20__21_/D        -0.002  (VIOLATED)
   I_SDRAM_TOP/I_SDRAM_IF/mega_shift_0_reg_24__19_/D        -0.002  (VIOLATED)
   I_SDRAM_TOP/I_SDRAM_IF/mega_shift_1_reg_24__15_/D        -0.002  (VIOLATED)
   I_SDRAM_TOP/I_SDRAM_IF/mega_shift_1_reg_7__6_/D          -0.002  (VIOLATED)
   I_SDRAM_TOP/I_SDRAM_IF/mega_shift_1_reg_14__10_/D        -0.001  (VIOLATED)
   I_SDRAM_TOP/I_SDRAM_IF/mega_shift_0_reg_2__31_/D         -0.001  (VIOLATED)
   I_SDRAM_TOP/I_SDRAM_IF/mega_shift_0_reg_13__2_/D         -0.001  (VIOLATED)
   I_SDRAM_TOP/I_SDRAM_IF/mega_shift_1_reg_13__2_/D         -0.001  (VIOLATED)
   I_SDRAM_TOP/I_SDRAM_IF/mega_shift_1_reg_30__12_/D        -0.001  (VIOLATED)
   I_SDRAM_TOP/I_SDRAM_IF/mega_shift_1_reg_11__28_/D        -0.001  (VIOLATED)
   I_SDRAM_TOP/I_SDRAM_IF/mega_shift_1_reg_21__6_/D         -0.001  (VIOLATED)
   I_SDRAM_TOP/I_SDRAM_IF/mega_shift_0_reg_37__21_/D        -0.001  (VIOLATED)
   I_SDRAM_TOP/I_SDRAM_IF/mega_shift_0_reg_0__11_/D          0.000  (VIOLATED: increase significant digits)
   I_SDRAM_TOP/I_SDRAM_IF/mega_shift_1_reg_14__17_/D         0.000  (VIOLATED: increase significant digits)
   I_SDRAM_TOP/I_SDRAM_IF/mega_shift_1_reg_6__23_/D          0.000  (VIOLATED: increase significant digits)
   I_SDRAM_TOP/I_SDRAM_IF/mega_shift_0_reg_11__13_/D         0.000  (VIOLATED: increase significant digits)

   max_delay/setup ('group_sys2x' group)

   Endpoint                                                  Slack
   -----------------------------------------------------------------
   occ_int2/fast_clk_0_clkgt/u_icg/EN                       -0.183  (VIOLATED)
   I_RISC_CORE/I_ALU_Lachd_Result_reg_10_/D                 -0.073  (VIOLATED)
   I_RISC_CORE/R_31/D                                       -0.059  (VIOLATED)
   I_RISC_CORE/I_ALU_Lachd_Result_reg_15_/D                 -0.057  (VIOLATED)
   I_RISC_CORE/I_ALU_Lachd_Result_reg_7_/D                  -0.056  (VIOLATED)
   I_RISC_CORE/R_30/D                                       -0.047  (VIOLATED)
   I_RISC_CORE/I_ALU_Lachd_Result_reg_5_/D                  -0.035  (VIOLATED)
   I_RISC_CORE/R_34/D                                       -0.035  (VIOLATED)
   I_RISC_CORE/I_ALU_Lachd_Result_reg_2_/D                  -0.025  (VIOLATED)
   I_RISC_CORE/I_ALU_Lachd_Result_reg_13_/D                 -0.022  (VIOLATED)
   I_RISC_CORE/I_ALU_Lachd_Result_reg_4_/D                  -0.021  (VIOLATED)
   I_RISC_CORE/I_ALU_Lachd_Result_reg_12_/D                 -0.019  (VIOLATED)
   I_RISC_CORE/I_ALU_Lachd_Result_reg_11_/D                 -0.015  (VIOLATED)


   sequential_clock_pulse_width

                             Required        Actual
   Pin                      pulse width    pulse width       Slack
   -----------------------------------------------------------------
   I_CLOCKING/sys_2x_rst_ff_reg/CLK (low)
                               1.036          0.945         -0.090  (VIOLATED)


   max_capacitance

                             Required        Actual
   Pin                      Capacitance    Capacitance       Slack
   -----------------------------------------------------------------
   HFSINV_319_561/Y           82.000        164.857        -82.857  (VIOLATED)
   HFSINV_134_562/Y           82.000        162.907        -80.907  (VIOLATED)
   I_SDRAM_TOP/ZBUF_9_inst_27175/Y
                              82.000        120.340        -38.340  (VIOLATED)
   ZBUF_49_inst_27516/Y       82.000        119.131        -37.131  (VIOLATED)
   ZBUF_73_inst_79695/Y       82.000        113.345        -31.345  (VIOLATED)
   ZBUF_118_inst_27515/Y      82.000        110.569        -28.569  (VIOLATED)
   ZBUF_47_inst_27518/Y       82.000        110.496        -28.496  (VIOLATED)
   ZBUF_53_inst_27522/Y       82.000        109.723        -27.723  (VIOLATED)
   ZBUF_56_inst_27532/Y       82.000        107.655        -25.655  (VIOLATED)
   I_SDRAM_TOP/sram_fixcell_118/Y
                              82.000        105.461        -23.461  (VIOLATED)
   ZBUF_87_inst_27520/Y       82.000        104.471        -22.471  (VIOLATED)
   ZBUF_72_inst_27614/Y       82.000        104.150        -22.150  (VIOLATED)
   ZBUF_269_inst_27508/Y      82.000        101.807        -19.807  (VIOLATED)
   ZBUF_57_inst_27509/Y       82.000        100.152        -18.152  (VIOLATED)
   I_BLENDER_1/U6402/Y        16.000         32.798        -16.798  (VIOLATED)
   ZBUF_230_inst_27510/Y      82.000         97.889        -15.889  (VIOLATED)
   ZBUF_54_inst_27513/Y       82.000         97.020        -15.020  (VIOLATED)
   ZBUF_113_inst_27624/Y      82.000         95.462        -13.462  (VIOLATED)
   I_CONTEXT_MEM/HFSINV_564_382/Y
                              64.000         76.783        -12.783  (VIOLATED)
   ZBUF_94_inst_27752/Y       82.000         93.468        -11.468  (VIOLATED)
   I_SDRAM_TOP/U21/Y          16.000         27.336        -11.336  (VIOLATED)
   I_BLENDER_1/s2_op1_reg_27_/Q
                              16.000         27.191        -11.191  (VIOLATED)
   I_CONTEXT_MEM/U165/Y       32.000         43.065        -11.065  (VIOLATED)
   U226/Y                     16.000         26.000        -10.000  (VIOLATED)
   I_SDRAM_TOP/HFSBUF_23_195/Y
                              82.000         91.921         -9.921  (VIOLATED)
   ZBUF_113_inst_27615/Y      82.000         91.914         -9.914  (VIOLATED)
   ZBUF_73_inst_27526/Y       82.000         91.754         -9.754  (VIOLATED)
   I_SDRAM_TOP/I_SDRAM_IF/HFSBUF_57_62/Y
                              82.000         91.340         -9.340  (VIOLATED)
   I_BLENDER_0/U6437/Y        16.000         24.507         -8.507  (VIOLATED)
   ZBUF_54_inst_27528/Y       82.000         90.055         -8.055  (VIOLATED)
   I_BLENDER_1/U4473/Y        16.000         23.433         -7.433  (VIOLATED)
   I_BLENDER_0/s1_op1_reg_11_/Q
                              16.000         23.087         -7.087  (VIOLATED)
   I_BLENDER_1/U6512/Y        16.000         22.386         -6.386  (VIOLATED)
   ZBUF_49_inst_27620/Y       82.000         88.166         -6.166  (VIOLATED)
   I_BLENDER_1/U6696/Y        16.000         22.043         -6.043  (VIOLATED)
   I_CONTEXT_MEM/ZBUF_21_inst_32667/Y
                              82.000         87.981         -5.981  (VIOLATED)
   I_BLENDER_0/s1_op1_reg_1_/Q
                              16.000         21.423         -5.423  (VIOLATED)
   HFSBUF_2_467/Y             32.000         36.936         -4.936  (VIOLATED)
   I_SDRAM_TOP/HFSBUF_23_179/Y
                              82.000         86.817         -4.817  (VIOLATED)
   I_CONTEXT_MEM/ZBUF_21_inst_32025/Y
                              82.000         86.671         -4.671  (VIOLATED)
   I_BLENDER_0/s3_op2_reg_29_/QN
                              16.000         20.547         -4.547  (VIOLATED)
   I_SDRAM_TOP/ZBUF_2_inst_32757/Y
                              82.000         86.128         -4.128  (VIOLATED)
   I_CONTEXT_MEM/HFSINV_1006_4477/Y
                              82.000         85.625         -3.625  (VIOLATED)
   I_BLENDER_1/R_671/Q         8.000         11.547         -3.547  (VIOLATED)
   I_BLENDER_1/R_518/Q         8.000         11.437         -3.437  (VIOLATED)
   U237/Y                     16.000         19.283         -3.283  (VIOLATED)
   I_BLENDER_0/mega_shift_reg_10__29_/Q
                              16.000         19.273         -3.273  (VIOLATED)
   I_CONTEXT_MEM/ZBUF_21_inst_79766/Y
                              82.000         85.257         -3.257  (VIOLATED)
   I_SDRAM_TOP/I_SDRAM_IF/ctmTdsLR_1_82109/Y
                              16.000         19.085         -3.085  (VIOLATED)
   I_BLENDER_1/R_667_IP/QN    16.000         18.758         -2.758  (VIOLATED)
   I_SDRAM_TOP/ZBUF_2_inst_32942/Y
                              82.000         84.640         -2.640  (VIOLATED)
   I_BLENDER_1/U5298/SO       16.000         18.209         -2.209  (VIOLATED)
   I_SDRAM_TOP/sram_fixcell_98/Y
                              82.000         84.075         -2.075  (VIOLATED)
   I_BLENDER_0/mega_shift_reg_10__9_/Q
                               8.000         10.048         -2.048  (VIOLATED)
   I_BLENDER_1/trans3_reg/Q   16.000         18.046         -2.046  (VIOLATED)
   I_BLENDER_1/result_reg_3_/Q
                               8.000          9.892         -1.892  (VIOLATED)
   I_BLENDER_0/s3_op2_reg_26_/QN
                              16.000         17.763         -1.763  (VIOLATED)
   I_BLENDER_0/U2085/Y        16.000         17.697         -1.697  (VIOLATED)
   I_BLENDER_1/R_542/Q        16.000         17.679         -1.679  (VIOLATED)
   I_BLENDER_1/result_reg_29_/Q
                               8.000          9.490         -1.490  (VIOLATED)
   I_BLENDER_0/U6488/Y        16.000         17.367         -1.367  (VIOLATED)
   I_CONTEXT_MEM/HFSINV_925_4515/Y
                              82.000         83.130         -1.130  (VIOLATED)
   I_BLENDER_1/R_492/Q         8.000          8.973         -0.973  (VIOLATED)
   I_BLENDER_1/R_349/Q         8.000          8.899         -0.899  (VIOLATED)
   I_BLENDER_1/U2713/Y        16.000         16.846         -0.846  (VIOLATED)
   I_BLENDER_1/s2_op2_reg_27_/QN
                               8.000          8.781         -0.781  (VIOLATED)
   I_BLENDER_1/R_351/Q         8.000          8.781         -0.781  (VIOLATED)
   I_BLENDER_1/s2_op1_reg_12_/Q
                              16.000         16.756         -0.756  (VIOLATED)
   I_BLENDER_0/R_565/QN       16.000         16.752         -0.752  (VIOLATED)
   I_SDRAM_TOP/I_SDRAM_WRITE_FIFO_SD_FIFO_CTL_U2_syncff_reg_4_/Q
                               8.000          8.713         -0.713  (VIOLATED)
   I_BLENDER_1/s3_op2_reg_31_/QN
                              16.000         16.681         -0.681  (VIOLATED)
   I_BLENDER_1/U8609/Y        16.000         16.629         -0.629  (VIOLATED)
   ZBUF_47_inst_27519/Y       82.000         82.544         -0.544  (VIOLATED)
   I_BLENDER_1/mega_shift_reg_4__4_/Q
                               8.000          8.510         -0.510  (VIOLATED)
   I_BLENDER_1/s1_op2_reg_31_/Q
                               8.000          8.484         -0.484  (VIOLATED)
   I_CONTEXT_MEM/ZBUF_17_inst_79531/Y
                              82.000         82.395         -0.395  (VIOLATED)
   I_BLENDER_0/R_728/Q        16.000         16.372         -0.372  (VIOLATED)
   I_BLENDER_1/U4670/S         8.000          8.334         -0.334  (VIOLATED)
   I_BLENDER_1/s3_op1_reg_18_/QN
                              16.000         16.277         -0.277  (VIOLATED)
   I_SDRAM_TOP/I_SDRAM_IF/mega_shift_0_reg_12__30_/Q
                               8.000          8.258         -0.258  (VIOLATED)
   I_BLENDER_0/rem_red_reg/Q
                               8.000          8.253         -0.253  (VIOLATED)
   I_SDRAM_TOP/I_SDRAM_IF/ctmTdsLR_1_37441/Y
                              16.000         16.237         -0.237  (VIOLATED)
   I_BLENDER_0/s3_op1_reg_17_/Q
                               8.000          8.211         -0.211  (VIOLATED)
   I_SDRAM_TOP/I_SDRAM_IF/mega_shift_1_reg_16__13_/Q
                               8.000          8.207         -0.207  (VIOLATED)
   I_BLENDER_1/R_50/QN         8.000          8.203         -0.203  (VIOLATED)
   I_BLENDER_1/mega_shift_reg_0__11_/Q
                               8.000          8.193         -0.193  (VIOLATED)
   I_SDRAM_TOP/I_SDRAM_WRITE_FIFO_SD_FIFO_CTL_U2_syncff_reg_6_/Q
                               8.000          8.144         -0.144  (VIOLATED)
   I_BLENDER_0/U1456/CO        8.000          8.133         -0.133  (VIOLATED)
   I_SDRAM_TOP/U18/Y          32.000         32.120         -0.120  (VIOLATED)
   I_BLENDER_1/U6681/Y        16.000         16.095         -0.095  (VIOLATED)
   I_BLENDER_1/U6656/Y        16.000         16.073         -0.073  (VIOLATED)
   I_SDRAM_TOP/I_SDRAM_IF/mega_shift_0_reg_28__13_/Q
                               8.000          8.067         -0.067  (VIOLATED)
   I_SDRAM_TOP/I_SDRAM_IF/mega_shift_0_reg_16__30_/Q
                               8.000          8.062         -0.062  (VIOLATED)
   I_SDRAM_TOP/I_SDRAM_IF/mega_shift_0_reg_8__12_/Q
                               8.000          8.062         -0.062  (VIOLATED)
   I_BLENDER_1/R_226/QN        8.000          8.036         -0.036  (VIOLATED)
   I_PCI_TOP/I_PCI_CORE_mega_shift_reg_10__26_/QN
                               8.000          8.021         -0.021  (VIOLATED)
   I_PCI_TOP/I_PCI_CORE_mega_shift_reg_5__14_/QN
                               8.000          8.021         -0.021  (VIOLATED)
   I_BLENDER_0/U6539/Y         8.000          8.004         -0.004  (VIOLATED)
   I_RISC_CORE/HFSINV_471_3205/Y
                               8.000          8.001         -0.001  (VIOLATED)


   min_capacitance

                             Required        Actual
   Pin                      Capacitance    Capacitance       Slack
   -----------------------------------------------------------------
   I_RISC_CORE/I_REG_FILE_REG_FILE_B_RAM/O2[0]
                               0.100          0.011         -0.089  (VIOLATED)
   I_RISC_CORE/I_REG_FILE_REG_FILE_B_RAM/O2[1]
                               0.100          0.011         -0.089  (VIOLATED)
   I_RISC_CORE/I_REG_FILE_REG_FILE_B_RAM/O2[2]
                               0.100          0.011         -0.089  (VIOLATED)
   I_RISC_CORE/I_REG_FILE_REG_FILE_B_RAM/O2[3]
                               0.100          0.011         -0.089  (VIOLATED)
   I_RISC_CORE/I_REG_FILE_REG_FILE_B_RAM/O2[4]
                               0.100          0.011         -0.089  (VIOLATED)
   I_RISC_CORE/I_REG_FILE_REG_FILE_B_RAM/O2[5]
                               0.100          0.011         -0.089  (VIOLATED)
   I_RISC_CORE/I_REG_FILE_REG_FILE_B_RAM/O2[6]
                               0.100          0.011         -0.089  (VIOLATED)
   I_RISC_CORE/I_REG_FILE_REG_FILE_B_RAM/O2[7]
                               0.100          0.011         -0.089  (VIOLATED)
   I_RISC_CORE/I_REG_FILE_REG_FILE_D_RAM/O2[8]
                               0.100          0.011         -0.089  (VIOLATED)
   I_RISC_CORE/I_REG_FILE_REG_FILE_D_RAM/O2[9]
                               0.100          0.011         -0.089  (VIOLATED)
   I_RISC_CORE/I_REG_FILE_REG_FILE_D_RAM/O2[10]
                               0.100          0.011         -0.089  (VIOLATED)
   I_RISC_CORE/I_REG_FILE_REG_FILE_D_RAM/O2[11]
                               0.100          0.011         -0.089  (VIOLATED)
   I_RISC_CORE/I_REG_FILE_REG_FILE_D_RAM/O2[12]
                               0.100          0.011         -0.089  (VIOLATED)
   I_RISC_CORE/I_REG_FILE_REG_FILE_D_RAM/O2[13]
                               0.100          0.011         -0.089  (VIOLATED)
   I_RISC_CORE/I_REG_FILE_REG_FILE_D_RAM/O2[14]
                               0.100          0.011         -0.089  (VIOLATED)
   I_RISC_CORE/I_REG_FILE_REG_FILE_D_RAM/O2[15]
                               0.100          0.011         -0.089  (VIOLATED)


   max_transition

                             Required        Actual
   Pin                      Transition     Transition        Slack
   -----------------------------------------------------------------
   I_BLENDER_1/s2_op1_reg_27_/Q
                               0.452          0.629         -0.177  (VIOLATED)
   I_BLENDER_0/mega_shift_reg_10__9_/Q
                               0.423          0.489         -0.066  (VIOLATED)
   I_BLENDER_0/s1_op1_reg_11_/Q
                               0.264          0.330         -0.066  (VIOLATED)
   I_BLENDER_1/result_reg_3_/Q
                               0.423          0.485         -0.061  (VIOLATED)
   I_BLENDER_1/result_reg_29_/Q
                               0.423          0.471         -0.048  (VIOLATED)
   I_BLENDER_1/R_671/Q         0.137          0.183         -0.046  (VIOLATED)
   I_BLENDER_0/s1_op1_reg_1_/Q
                               0.264          0.309         -0.045  (VIOLATED)
   I_BLENDER_1/R_518/Q         0.137          0.182         -0.044  (VIOLATED)
   I_BLENDER_0/s3_op2_reg_29_/QN
                               0.206          0.244         -0.038  (VIOLATED)
   I_BLENDER_1/R_492/Q         0.405          0.438         -0.033  (VIOLATED)
   I_BLENDER_1/U6402/Y         0.235          0.267         -0.033  (VIOLATED)
   I_CONTEXT_MEM/U165/Y        0.155          0.182         -0.027  (VIOLATED)
   I_BLENDER_1/s2_op2_reg_27_/QN
                               0.547          0.574         -0.027  (VIOLATED)
   I_BLENDER_1/R_667_IP/QN     0.205          0.229         -0.023  (VIOLATED)
   I_BLENDER_1/s1_op2_reg_31_/Q
                               0.405          0.419         -0.014  (VIOLATED)
   I_BLENDER_0/s3_op2_reg_26_/QN
                               0.205          0.219         -0.014  (VIOLATED)
   I_SDRAM_TOP/I_SDRAM_WRITE_FIFO_SD_FIFO_CTL_U2_syncff_reg_4_/Q
                               0.254          0.265         -0.012  (VIOLATED)
   I_BLENDER_1/R_349/Q         0.137          0.148         -0.011  (VIOLATED)
   I_BLENDER_1/R_351/Q         0.137          0.146         -0.009  (VIOLATED)
   I_BLENDER_1/mega_shift_reg_4__4_/Q
                               0.254          0.261         -0.007  (VIOLATED)
   I_BLENDER_1/s3_op2_reg_31_/QN
                               0.205          0.212         -0.007  (VIOLATED)
   I_BLENDER_1/s2_op1_reg_12_/Q
                               0.168          0.174         -0.006  (VIOLATED)
   I_BLENDER_0/R_565/QN        0.205          0.211         -0.005  (VIOLATED)
   I_BLENDER_1/R_50/QN         0.154          0.156         -0.002  (VIOLATED)
   I_BLENDER_0/R_728/Q         0.132          0.134         -0.002  (VIOLATED)
   I_BLENDER_1/U4473/Y         0.236          0.238         -0.002  (VIOLATED)
   I_BLENDER_1/s3_op1_reg_18_/QN
                               0.205          0.207         -0.002  (VIOLATED)
   I_BLENDER_0/s3_op1_reg_17_/Q
                               0.137          0.139         -0.001  (VIOLATED)
   I_BLENDER_1/R_226/QN        0.150          0.150          0.000  (VIOLATED: increase significant digits)


1
