****************************************
Report : qor
Design : ORCA_TOP
Version: O-2018.06
Date   : Sun May 28 00:44:55 2023
****************************************

  Timing Path Group 'INPUTS' (min_delay/hold)
  ---------------------------------------------
  Levels of Logic:                            0
  Critical Path Length:                   4.001
  Critical Path Slack:                    3.812
  Total Negative Slack:                   0.000
  No. of Violating Paths:                     0
  ---------------------------------------------

  Timing Path Group 'OUTPUTS' (min_delay/hold)
  ---------------------------------------------
  Levels of Logic:                            5
  Critical Path Length:                   0.146
  Critical Path Slack:                    0.746
  Total Negative Slack:                   0.000
  No. of Violating Paths:                     0
  ---------------------------------------------

  Timing Path Group 'PCI_CLK' (min_delay/hold)
  ---------------------------------------------
  Levels of Logic:                            1
  Critical Path Length:                   0.251
  Critical Path Slack:                    0.072
  Total Negative Slack:                   0.000
  No. of Violating Paths:                     0
  ---------------------------------------------

  Timing Path Group 'SDRAM_CLK' (min_delay/hold)
  ---------------------------------------------
  Levels of Logic:                            1
  Critical Path Length:                   0.252
  Critical Path Slack:                    0.065
  Total Negative Slack:                   0.000
  No. of Violating Paths:                     0
  ---------------------------------------------

  Timing Path Group 'SYS_2x_CLK' (min_delay/hold)
  ---------------------------------------------
  Levels of Logic:                            1
  Critical Path Length:                   0.252
  Critical Path Slack:                    0.041
  Total Negative Slack:                   0.000
  No. of Violating Paths:                     0
  ---------------------------------------------

  Timing Path Group 'SYS_CLK' (min_delay/hold)
  ---------------------------------------------
  Levels of Logic:                            1
  Critical Path Length:                   0.248
  Critical Path Slack:                    0.035
  Total Negative Slack:                   0.000
  No. of Violating Paths:                     0
  ---------------------------------------------

  Timing Path Group 'ate_clk' (min_delay/hold)
  ---------------------------------------------
  Levels of Logic:                            1
  Critical Path Length:                   0.252
  Critical Path Slack:                    0.053
  Total Negative Slack:                   0.000
  No. of Violating Paths:                     0
  ---------------------------------------------

  Timing Path Group 'group_pclk' (min_delay/hold)
  ---------------------------------------------
  Levels of Logic:                            1
  Critical Path Length:                   0.267
  Critical Path Slack:                    0.084
  Total Negative Slack:                   0.000
  No. of Violating Paths:                     0
  ---------------------------------------------

  Timing Path Group 'group_sdram' (min_delay/hold)
  ---------------------------------------------
  Levels of Logic:                            1
  Critical Path Length:                   0.273
  Critical Path Slack:                    0.082
  Total Negative Slack:                   0.000
  No. of Violating Paths:                     0
  ---------------------------------------------

  Timing Path Group 'group_sys' (min_delay/hold)
  ---------------------------------------------
  Levels of Logic:                            1
  Critical Path Length:                   0.308
  Critical Path Slack:                    0.093
  Total Negative Slack:                   0.000
  No. of Violating Paths:                     0
  ---------------------------------------------

  Timing Path Group 'group_sys2x' (min_delay/hold)
  ---------------------------------------------
  Levels of Logic:                            1
  Critical Path Length:                   0.044
  Critical Path Slack:                    0.053
  Total Negative Slack:                   0.000
  No. of Violating Paths:                     0
  ---------------------------------------------

  Cell Count
  ---------------------------------------------
  Hierarchical Cell Count:                   63
  Hierarchical Port Count:                 3308
  Leaf Cell Count:                        46041
  ---------------------------------------------


  Area
  ---------------------------------------------
  Net Interconnect area:              67111.375
  Total cell area:                   383668.062
  Design Area:                       450779.438
  ---------------------------------------------


  Design Rule Violations
  ---------------------------------------------
  Total No. of Pins in Design:           185759
  max_capacitance Count:                      8
  min_capacitance Count:                     16
  max_capacitance Cost:                 -88.306
  min_capacitance Cost:                  -1.424
  Total DRC Cost:                       -89.730
  ---------------------------------------------

1
