****************************************
Report : analysis_coverage
Design : ORCA_TOP
Version: O-2018.06
Date   : Tue May 23 19:18:39 2023
****************************************

Type of Check         Total              Met         Violated         Untested
--------------------------------------------------------------------------------
setup                 16153         0 (  0%)         0 (  0%)     16153 (100%)
hold                  15993       971 (  6%)      4755 ( 30%)     10267 ( 64%)
recovery               4328         0 (  0%)         0 (  0%)      4328 (100%)
removal                4328      1744 ( 40%)      2241 ( 52%)       343 (  8%)
min_pulse_width       14620      5077 ( 35%)      5187 ( 35%)      4356 ( 30%)
clock_gating_setup       64         0 (  0%)         0 (  0%)        64 (100%)
clock_gating_hold        64         9 ( 14%)         9 ( 14%)        46 ( 72%)
out_setup               134         0 (  0%)         0 (  0%)       134 (100%)
out_hold                134       110 ( 82%)         0 (  0%)        24 ( 18%)
--------------------------------------------------------------------------------
All Checks            55818      7911 ( 14%)     12192 ( 22%)     35715 ( 64%)

1
