****************************************
Report : analysis_coverage
Design : ORCA_TOP
Version: O-2018.06
Date   : Thu May 18 18:50:20 2023
****************************************

Type of Check         Total              Met         Violated         Untested
--------------------------------------------------------------------------------
setup                 16153      5459 ( 34%)       299 (  2%)     10395 ( 64%)
hold                  15993         0 (  0%)         0 (  0%)     15993 (100%)
recovery               4328      3985 ( 92%)         0 (  0%)       343 (  8%)
removal                4328         0 (  0%)         0 (  0%)      4328 (100%)
min_pulse_width       14620     10226 ( 70%)        38 (  0%)      4356 ( 30%)
clock_gating_setup       64         2 (  3%)        16 ( 25%)        46 ( 72%)
clock_gating_hold        64         0 (  0%)         0 (  0%)        64 (100%)
out_setup               134        78 ( 58%)        32 ( 24%)        24 ( 18%)
out_hold                134         0 (  0%)         0 (  0%)       134 (100%)
--------------------------------------------------------------------------------
All Checks            55818     19750 ( 35%)       385 (  1%)     35683 ( 64%)

1
