****************************************
Report : constraint
	-all_violators
	-path slack_only
Design : ORCA_TOP
Version: O-2018.06
Date   : Sun May 28 18:20:06 2023
****************************************


   max_delay/setup ('SDRAM_CLK' group)

   Endpoint                                                  Slack
   -----------------------------------------------------------------
   I_SDRAM_TOP/I_SDRAM_IF/DQ_in_0_reg_8_/D                  -0.222  (VIOLATED)
   I_SDRAM_TOP/I_SDRAM_IF/DQ_in_0_reg_0_/D                  -0.177  (VIOLATED)
   I_SDRAM_TOP/I_SDRAM_IF/DQ_in_0_reg_29_/D                 -0.177  (VIOLATED)
   I_SDRAM_TOP/I_SDRAM_IF/DQ_in_0_reg_31_/D                 -0.177  (VIOLATED)
   I_SDRAM_TOP/I_SDRAM_IF/DQ_in_0_reg_28_/D                 -0.146  (VIOLATED)
   I_SDRAM_TOP/I_SDRAM_IF/DQ_in_0_reg_6_/D                  -0.137  (VIOLATED)
   I_SDRAM_TOP/I_SDRAM_IF/DQ_in_0_reg_30_/D                 -0.137  (VIOLATED)
   I_SDRAM_TOP/I_SDRAM_IF/DQ_in_0_reg_20_/D                 -0.117  (VIOLATED)
   I_SDRAM_TOP/I_SDRAM_IF/DQ_in_0_reg_1_/D                  -0.071  (VIOLATED)
   I_SDRAM_TOP/I_SDRAM_IF/DQ_in_0_reg_27_/D                 -0.063  (VIOLATED)
   I_SDRAM_TOP/I_SDRAM_IF/DQ_in_0_reg_9_/D                  -0.061  (VIOLATED)
   I_SDRAM_TOP/I_SDRAM_IF/DQ_in_0_reg_7_/D                  -0.059  (VIOLATED)
   I_SDRAM_TOP/I_SDRAM_IF/DQ_in_0_reg_10_/D                 -0.059  (VIOLATED)
   I_SDRAM_TOP/I_SDRAM_IF/DQ_in_0_reg_11_/D                 -0.049  (VIOLATED)
   I_SDRAM_TOP/I_SDRAM_IF/DQ_in_0_reg_22_/D                 -0.049  (VIOLATED)
   I_SDRAM_TOP/I_SDRAM_IF/DQ_in_0_reg_25_/D                 -0.049  (VIOLATED)
   I_SDRAM_TOP/I_SDRAM_IF/DQ_in_0_reg_19_/D                 -0.048  (VIOLATED)
   I_SDRAM_TOP/I_SDRAM_IF/DQ_in_0_reg_5_/D                  -0.040  (VIOLATED)
   I_SDRAM_TOP/I_SDRAM_IF/DQ_in_0_reg_13_/D                 -0.040  (VIOLATED)
   I_SDRAM_TOP/I_SDRAM_IF/DQ_in_0_reg_16_/D                 -0.032  (VIOLATED)
   I_SDRAM_TOP/I_SDRAM_IF/DQ_in_0_reg_18_/D                 -0.028  (VIOLATED)
   I_SDRAM_TOP/I_SDRAM_IF/DQ_in_0_reg_2_/D                  -0.022  (VIOLATED)
   I_SDRAM_TOP/I_SDRAM_IF/DQ_in_0_reg_23_/D                 -0.022  (VIOLATED)

   max_delay/setup ('SD_DDR_CLK' group)

   Endpoint                                                  Slack
   -----------------------------------------------------------------
   sd_DQ_out[22]                                            -1.204  (VIOLATED)
   sd_DQ_out[2]                                             -1.168  (VIOLATED)
   sd_DQ_out[30]                                            -0.971  (VIOLATED)
   sd_DQ_out[18]                                            -0.956  (VIOLATED)
   sd_DQ_out[10]                                            -0.904  (VIOLATED)
   sd_DQ_out[26]                                            -0.904  (VIOLATED)
   sd_DQ_out[27]                                            -0.899  (VIOLATED)
   sd_DQ_out[9]                                             -0.887  (VIOLATED)
   sd_DQ_out[12]                                            -0.869  (VIOLATED)
   sd_DQ_out[0]                                             -0.703  (VIOLATED)
   sd_DQ_out[14]                                            -0.703  (VIOLATED)
   sd_DQ_out[19]                                            -0.700  (VIOLATED)
   sd_DQ_out[23]                                            -0.692  (VIOLATED)
   sd_DQ_out[4]                                             -0.691  (VIOLATED)
   sd_DQ_out[6]                                             -0.691  (VIOLATED)
   sd_DQ_out[8]                                             -0.691  (VIOLATED)
   sd_DQ_out[15]                                            -0.691  (VIOLATED)
   sd_DQ_out[16]                                            -0.691  (VIOLATED)
   sd_DQ_out[31]                                            -0.691  (VIOLATED)
   sd_DQ_out[3]                                             -0.688  (VIOLATED)
   sd_DQ_out[13]                                            -0.687  (VIOLATED)
   sd_DQ_out[17]                                            -0.687  (VIOLATED)
   sd_DQ_out[21]                                            -0.687  (VIOLATED)
   sd_DQ_out[29]                                            -0.687  (VIOLATED)
   sd_DQ_out[1]                                             -0.684  (VIOLATED)
   sd_DQ_out[5]                                             -0.684  (VIOLATED)
   sd_DQ_out[25]                                            -0.684  (VIOLATED)
   sd_DQ_out[20]                                            -0.674  (VIOLATED)
   sd_DQ_out[24]                                            -0.674  (VIOLATED)
   sd_DQ_out[11]                                            -0.667  (VIOLATED)
   sd_DQ_out[28]                                            -0.667  (VIOLATED)
   sd_DQ_out[7]                                             -0.664  (VIOLATED)




   sequential_clock_pulse_width

                             Required        Actual
   Pin                      pulse width    pulse width       Slack
   -----------------------------------------------------------------
   I_CLOCKING/sys_2x_rst_ff_reg/CLK (low)
                               1.036          0.942         -0.093  (VIOLATED)


   max_capacitance

                             Required        Actual
   Pin                      Capacitance    Capacitance       Slack
   -----------------------------------------------------------------
   ZBUF_64_inst_23336/Y       82.000        160.274        -78.274  (VIOLATED)
   ZBUF_64_inst_53740/Y       82.000        160.274        -78.274  (VIOLATED)
   HFSBUF_11_227/Y            82.000        100.004        -18.004  (VIOLATED)
   HFSBUF_11_228/Y            82.000        100.004        -18.004  (VIOLATED)
   HFSBUF_11_232/Y            82.000        100.004        -18.004  (VIOLATED)
   HFSBUF_11_233/Y            82.000        100.004        -18.004  (VIOLATED)
   HFSBUF_11_234/Y            82.000        100.004        -18.004  (VIOLATED)
   HFSBUF_11_235/Y            82.000        100.004        -18.004  (VIOLATED)
   HFSBUF_11_236/Y            82.000        100.004        -18.004  (VIOLATED)
   HFSBUF_11_240/Y            82.000        100.004        -18.004  (VIOLATED)
   HFSBUF_11_241/Y            82.000        100.004        -18.004  (VIOLATED)
   HFSBUF_11_242/Y            82.000        100.004        -18.004  (VIOLATED)
   HFSBUF_11_243/Y            82.000        100.004        -18.004  (VIOLATED)
   HFSBUF_11_244/Y            82.000        100.004        -18.004  (VIOLATED)
   HFSBUF_11_245/Y            82.000        100.004        -18.004  (VIOLATED)
   HFSBUF_11_246/Y            82.000        100.004        -18.004  (VIOLATED)
   HFSBUF_11_248/Y            82.000        100.004        -18.004  (VIOLATED)
   HFSBUF_11_249/Y            82.000        100.004        -18.004  (VIOLATED)
   HFSBUF_11_250/Y            82.000        100.004        -18.004  (VIOLATED)
   HFSBUF_11_252/Y            82.000        100.004        -18.004  (VIOLATED)
   HFSBUF_11_253/Y            82.000        100.004        -18.004  (VIOLATED)
   HFSBUF_11_254/Y            82.000        100.004        -18.004  (VIOLATED)
   ZBUF_4_inst_23148/Y        82.000        100.004        -18.004  (VIOLATED)
   ZBUF_4_inst_53739/Y        82.000        100.004        -18.004  (VIOLATED)
   ZBUF_4_inst_53741/Y        82.000        100.004        -18.004  (VIOLATED)
   ZBUF_4_inst_53742/Y        82.000        100.004        -18.004  (VIOLATED)
   ZBUF_4_inst_53743/Y        82.000        100.004        -18.004  (VIOLATED)
   ZBUF_4_inst_54758/Y        82.000        100.004        -18.004  (VIOLATED)
   ZBUF_4_inst_54759/Y        82.000        100.004        -18.004  (VIOLATED)
   ZBUF_4_inst_54760/Y        82.000        100.004        -18.004  (VIOLATED)


   min_capacitance

                             Required        Actual
   Pin                      Capacitance    Capacitance       Slack
   -----------------------------------------------------------------
   I_RISC_CORE/I_REG_FILE_REG_FILE_B_RAM/O2[0]
                               0.100          0.011         -0.089  (VIOLATED)
   I_RISC_CORE/I_REG_FILE_REG_FILE_B_RAM/O2[1]
                               0.100          0.011         -0.089  (VIOLATED)
   I_RISC_CORE/I_REG_FILE_REG_FILE_B_RAM/O2[2]
                               0.100          0.011         -0.089  (VIOLATED)
   I_RISC_CORE/I_REG_FILE_REG_FILE_B_RAM/O2[3]
                               0.100          0.011         -0.089  (VIOLATED)
   I_RISC_CORE/I_REG_FILE_REG_FILE_B_RAM/O2[4]
                               0.100          0.011         -0.089  (VIOLATED)
   I_RISC_CORE/I_REG_FILE_REG_FILE_B_RAM/O2[5]
                               0.100          0.011         -0.089  (VIOLATED)
   I_RISC_CORE/I_REG_FILE_REG_FILE_B_RAM/O2[6]
                               0.100          0.011         -0.089  (VIOLATED)
   I_RISC_CORE/I_REG_FILE_REG_FILE_B_RAM/O2[7]
                               0.100          0.011         -0.089  (VIOLATED)
   I_RISC_CORE/I_REG_FILE_REG_FILE_D_RAM/O2[8]
                               0.100          0.011         -0.089  (VIOLATED)
   I_RISC_CORE/I_REG_FILE_REG_FILE_D_RAM/O2[9]
                               0.100          0.011         -0.089  (VIOLATED)
   I_RISC_CORE/I_REG_FILE_REG_FILE_D_RAM/O2[10]
                               0.100          0.011         -0.089  (VIOLATED)
   I_RISC_CORE/I_REG_FILE_REG_FILE_D_RAM/O2[11]
                               0.100          0.011         -0.089  (VIOLATED)
   I_RISC_CORE/I_REG_FILE_REG_FILE_D_RAM/O2[12]
                               0.100          0.011         -0.089  (VIOLATED)
   I_RISC_CORE/I_REG_FILE_REG_FILE_D_RAM/O2[13]
                               0.100          0.011         -0.089  (VIOLATED)
   I_RISC_CORE/I_REG_FILE_REG_FILE_D_RAM/O2[14]
                               0.100          0.011         -0.089  (VIOLATED)
   I_RISC_CORE/I_REG_FILE_REG_FILE_D_RAM/O2[15]
                               0.100          0.011         -0.089  (VIOLATED)


1
