****************************************
Report : constraint
	-all_violators
	-path slack_only
Design : ORCA_TOP
Version: O-2018.06
Date   : Sun May 28 00:44:59 2023
****************************************


   max_delay/setup ('PCI_CLK' group)

   Endpoint                                                  Slack
   -----------------------------------------------------------------
   I_PCI_TOP/I_PCI_CORE_mega_shift_reg_7__30_/D             -0.093  (VIOLATED)
   I_PCI_TOP/I_PCI_CORE_mega_shift_reg_7__31_/D             -0.072  (VIOLATED)
   I_PCI_TOP/I_PCI_CORE_mega_shift_reg_5__30_/D             -0.062  (VIOLATED)
   I_PCI_TOP/I_PCI_CORE_mega_shift_reg_3__30_/D             -0.055  (VIOLATED)
   I_PCI_TOP/I_PCI_CORE_mega_shift_reg_5__31_/D             -0.052  (VIOLATED)
   I_PCI_TOP/I_PCI_CORE_mega_shift_reg_0__23_/D             -0.050  (VIOLATED)
   I_PCI_TOP/I_PCI_CORE_mega_shift_reg_9__30_/D             -0.049  (VIOLATED)
   I_PCI_TOP/I_PCI_CORE_mega_shift_reg_2__31_/D             -0.047  (VIOLATED)
   I_PCI_TOP/I_PCI_CORE_mega_shift_reg_6__30_/D             -0.043  (VIOLATED)
   I_PCI_TOP/I_PCI_CORE_mega_shift_reg_2__30_/D             -0.042  (VIOLATED)
   I_PCI_TOP/I_PCI_CORE_mega_shift_reg_1__30_/D             -0.042  (VIOLATED)
   I_PCI_TOP/I_PCI_CORE_mega_shift_reg_0__30_/D             -0.041  (VIOLATED)
   I_PCI_TOP/I_PCI_CORE_mega_shift_reg_8__30_/D             -0.036  (VIOLATED)
   I_PCI_TOP/I_PCI_CORE_mega_shift_reg_8__31_/D             -0.034  (VIOLATED)
   I_PCI_TOP/I_PCI_CORE_mega_shift_reg_4__30_/D             -0.033  (VIOLATED)
   I_PCI_TOP/I_PCI_CORE_mega_shift_reg_3__29_/D             -0.031  (VIOLATED)
   I_PCI_TOP/I_PCI_CORE_mega_shift_reg_1__31_/D             -0.029  (VIOLATED)
   I_PCI_TOP/I_PCI_CORE_mega_shift_reg_9__29_/D             -0.028  (VIOLATED)
   I_PCI_TOP/I_PCI_CORE_mega_shift_reg_0__27_/D             -0.021  (VIOLATED)
   I_PCI_TOP/I_PCI_CORE_mega_shift_reg_5__28_/D             -0.018  (VIOLATED)
   I_PCI_TOP/I_PCI_CORE_mega_shift_reg_4__31_/D             -0.017  (VIOLATED)
   I_PCI_TOP/I_PCI_CORE_mega_shift_reg_9__28_/D             -0.016  (VIOLATED)
   I_PCI_TOP/I_PCI_CORE_mega_shift_reg_0__31_/D             -0.012  (VIOLATED)
   I_PCI_TOP/I_PCI_CORE_mega_shift_reg_9__31_/D             -0.009  (VIOLATED)
   I_PCI_TOP/I_PCI_CORE_mega_shift_reg_6__31_/D             -0.006  (VIOLATED)
   I_PCI_TOP/I_PCI_CORE_mega_shift_reg_3__31_/D             -0.001  (VIOLATED)

   max_delay/setup ('SDRAM_CLK' group)

   Endpoint                                                  Slack
   -----------------------------------------------------------------
   I_SDRAM_TOP/I_SDRAM_IF/DQ_in_0_reg_28_/D                 -0.071  (VIOLATED)
   I_SDRAM_TOP/I_SDRAM_IF/DQ_in_0_reg_17_/D                 -0.066  (VIOLATED)
   I_SDRAM_TOP/I_SDRAM_IF/mega_shift_1_reg_11__15_/D        -0.062  (VIOLATED)
   I_SDRAM_TOP/I_SDRAM_IF/mega_shift_1_reg_2__8_/D          -0.061  (VIOLATED)
   I_SDRAM_TOP/I_SDRAM_IF/mega_shift_0_reg_30__18_/D        -0.059  (VIOLATED)
   I_SDRAM_TOP/I_SDRAM_IF/mega_shift_0_reg_22__5_/D         -0.059  (VIOLATED)
   I_SDRAM_TOP/I_SDRAM_IF/mega_shift_1_reg_11__27_/D        -0.057  (VIOLATED)
   I_SDRAM_TOP/I_SDRAM_IF/mega_shift_1_reg_7__17_/D         -0.055  (VIOLATED)
   I_SDRAM_TOP/I_SDRAM_IF/mega_shift_1_reg_6__5_/D          -0.055  (VIOLATED)
   I_SDRAM_TOP/I_SDRAM_IF/mega_shift_1_reg_21__29_/D        -0.054  (VIOLATED)
   I_SDRAM_TOP/I_SDRAM_IF/mega_shift_1_reg_9__13_/D         -0.054  (VIOLATED)
   I_SDRAM_TOP/I_SDRAM_IF/mega_shift_1_reg_26__30_/D        -0.054  (VIOLATED)
   I_SDRAM_TOP/I_SDRAM_IF/mega_shift_0_reg_0__0_/D          -0.054  (VIOLATED)
   I_SDRAM_TOP/I_SDRAM_IF/mega_shift_1_reg_26__10_/D        -0.052  (VIOLATED)
   I_SDRAM_TOP/I_SDRAM_IF/mega_shift_1_reg_14__29_/D        -0.051  (VIOLATED)
   I_SDRAM_TOP/I_SDRAM_IF/mega_shift_1_reg_16__15_/D        -0.051  (VIOLATED)
   I_SDRAM_TOP/I_SDRAM_IF/mega_shift_1_reg_21__22_/D        -0.051  (VIOLATED)
   I_SDRAM_TOP/I_SDRAM_IF/mega_shift_0_reg_32__11_/D        -0.051  (VIOLATED)
   I_SDRAM_TOP/I_SDRAM_IF/mega_shift_1_reg_17__13_/D        -0.051  (VIOLATED)
   I_SDRAM_TOP/I_SDRAM_IF/mega_shift_1_reg_5__29_/D         -0.050  (VIOLATED)
   I_SDRAM_TOP/I_SDRAM_IF/DQ_in_0_reg_22_/D                 -0.050  (VIOLATED)
   I_SDRAM_TOP/I_SDRAM_IF/mega_shift_0_reg_16__2_/D         -0.050  (VIOLATED)
   I_SDRAM_TOP/I_SDRAM_IF/mega_shift_1_reg_1__1_/D          -0.049  (VIOLATED)
   I_SDRAM_TOP/I_SDRAM_IF/mega_shift_0_reg_34__20_/D        -0.049  (VIOLATED)
   I_SDRAM_TOP/I_SDRAM_IF/mega_shift_1_reg_16__30_/D        -0.049  (VIOLATED)
   I_SDRAM_TOP/I_SDRAM_IF/mega_shift_0_reg_30__25_/D        -0.049  (VIOLATED)
   I_SDRAM_TOP/I_SDRAM_IF/mega_shift_0_reg_8__3_/D          -0.048  (VIOLATED)
   I_SDRAM_TOP/I_SDRAM_IF/mega_shift_1_reg_16__4_/D         -0.048  (VIOLATED)
   I_SDRAM_TOP/I_SDRAM_IF/mega_shift_1_reg_25__17_/D        -0.048  (VIOLATED)
   I_SDRAM_TOP/I_SDRAM_IF/mega_shift_1_reg_8__5_/D          -0.047  (VIOLATED)
   I_SDRAM_TOP/I_SDRAM_IF/mega_shift_1_reg_37__11_/D        -0.047  (VIOLATED)
   I_SDRAM_TOP/I_SDRAM_IF/mega_shift_1_reg_32__25_/D        -0.047  (VIOLATED)
   I_SDRAM_TOP/I_SDRAM_IF/mega_shift_1_reg_37__21_/D        -0.047  (VIOLATED)
   I_SDRAM_TOP/I_SDRAM_IF/mega_shift_1_reg_9__23_/D         -0.046  (VIOLATED)
   I_SDRAM_TOP/I_SDRAM_IF/mega_shift_0_reg_27__10_/D        -0.046  (VIOLATED)
   I_SDRAM_TOP/I_SDRAM_IF/mega_shift_1_reg_34__26_/D        -0.046  (VIOLATED)
   I_SDRAM_TOP/I_SDRAM_IF/mega_shift_0_reg_39__25_/D        -0.046  (VIOLATED)
   I_SDRAM_TOP/I_SDRAM_IF/mega_shift_1_reg_15__6_/D         -0.046  (VIOLATED)
   I_SDRAM_TOP/I_SDRAM_IF/mega_shift_1_reg_7__5_/D          -0.045  (VIOLATED)
   I_SDRAM_TOP/I_SDRAM_IF/mega_shift_1_reg_14__17_/D        -0.045  (VIOLATED)
   I_SDRAM_TOP/I_SDRAM_IF/mega_shift_1_reg_27__28_/D        -0.045  (VIOLATED)
   I_SDRAM_TOP/I_SDRAM_IF/mega_shift_1_reg_13__27_/D        -0.045  (VIOLATED)
   I_SDRAM_TOP/I_SDRAM_IF/mega_shift_1_reg_33__1_/D         -0.045  (VIOLATED)
   I_SDRAM_TOP/I_SDRAM_IF/DQ_in_0_reg_25_/D                 -0.045  (VIOLATED)
   I_SDRAM_TOP/I_SDRAM_IF/mega_shift_0_reg_36__1_/D         -0.044  (VIOLATED)
   I_SDRAM_TOP/I_SDRAM_IF/mega_shift_1_reg_25__18_/D        -0.044  (VIOLATED)
   I_SDRAM_TOP/I_SDRAM_IF/mega_shift_0_reg_21__20_/D        -0.044  (VIOLATED)
   I_SDRAM_TOP/I_SDRAM_IF/mega_shift_1_reg_2__5_/D          -0.044  (VIOLATED)
   I_SDRAM_TOP/I_SDRAM_IF/mega_shift_1_reg_22__16_/D        -0.044  (VIOLATED)
   I_SDRAM_TOP/I_SDRAM_IF/mega_shift_1_reg_22__19_/D        -0.044  (VIOLATED)
   I_SDRAM_TOP/I_SDRAM_IF/mega_shift_0_reg_10__23_/D        -0.044  (VIOLATED)
   I_SDRAM_TOP/I_SDRAM_IF/mega_shift_1_reg_39__28_/D        -0.044  (VIOLATED)
   I_SDRAM_TOP/I_SDRAM_IF/mega_shift_1_reg_26__15_/D        -0.044  (VIOLATED)
   I_SDRAM_TOP/I_SDRAM_IF/mega_shift_1_reg_0__7_/D          -0.044  (VIOLATED)
   I_SDRAM_TOP/I_SDRAM_IF/mega_shift_1_reg_36__3_/D         -0.043  (VIOLATED)
   I_SDRAM_TOP/I_SDRAM_IF/mega_shift_1_reg_5__28_/D         -0.043  (VIOLATED)
   I_SDRAM_TOP/I_SDRAM_IF/mega_shift_1_reg_15__22_/D        -0.043  (VIOLATED)
   I_SDRAM_TOP/I_SDRAM_IF/mega_shift_1_reg_33__19_/D        -0.043  (VIOLATED)
   I_SDRAM_TOP/I_SDRAM_IF/mega_shift_0_reg_25__8_/D         -0.043  (VIOLATED)
   I_SDRAM_TOP/I_SDRAM_IF/mega_shift_0_reg_32__23_/D        -0.043  (VIOLATED)
   I_SDRAM_TOP/I_SDRAM_IF/mega_shift_0_reg_30__11_/D        -0.043  (VIOLATED)
   I_SDRAM_TOP/I_SDRAM_IF/mega_shift_1_reg_7__6_/D          -0.043  (VIOLATED)
   I_SDRAM_TOP/I_SDRAM_IF/mega_shift_1_reg_13__4_/D         -0.042  (VIOLATED)
   I_SDRAM_TOP/I_SDRAM_IF/mega_shift_1_reg_27__3_/D         -0.042  (VIOLATED)
   I_SDRAM_TOP/I_SDRAM_IF/mega_shift_0_reg_18__10_/D        -0.042  (VIOLATED)
   I_SDRAM_TOP/I_SDRAM_IF/mega_shift_0_reg_6__0_/D          -0.042  (VIOLATED)
   I_SDRAM_TOP/I_SDRAM_IF/mega_shift_1_reg_1__11_/D         -0.042  (VIOLATED)
   I_SDRAM_TOP/I_SDRAM_IF/mega_shift_1_reg_35__11_/D        -0.041  (VIOLATED)
   I_SDRAM_TOP/I_SDRAM_IF/mega_shift_1_reg_21__2_/D         -0.041  (VIOLATED)
   I_SDRAM_TOP/I_SDRAM_IF/mega_shift_1_reg_25__4_/D         -0.041  (VIOLATED)
   I_SDRAM_TOP/I_SDRAM_IF/mega_shift_1_reg_20__22_/D        -0.041  (VIOLATED)
   I_SDRAM_TOP/I_SDRAM_IF/mega_shift_1_reg_5__9_/D          -0.041  (VIOLATED)
   I_SDRAM_TOP/I_SDRAM_IF/mega_shift_0_reg_11__25_/D        -0.041  (VIOLATED)
   I_SDRAM_TOP/I_SDRAM_IF/mega_shift_1_reg_7__18_/D         -0.041  (VIOLATED)
   I_SDRAM_TOP/I_SDRAM_IF/mega_shift_1_reg_19__5_/D         -0.041  (VIOLATED)
   I_SDRAM_TOP/I_SDRAM_IF/mega_shift_1_reg_0__23_/D         -0.041  (VIOLATED)
   I_SDRAM_TOP/I_SDRAM_IF/mega_shift_1_reg_13__1_/D         -0.040  (VIOLATED)
   I_SDRAM_TOP/I_SDRAM_IF/mega_shift_1_reg_35__21_/D        -0.040  (VIOLATED)
   I_SDRAM_TOP/I_SDRAM_IF/mega_shift_1_reg_14__18_/D        -0.040  (VIOLATED)
   I_SDRAM_TOP/I_SDRAM_IF/mega_shift_1_reg_37__1_/D         -0.040  (VIOLATED)
   I_SDRAM_TOP/I_SDRAM_IF/mega_shift_1_reg_32__16_/D        -0.040  (VIOLATED)
   I_SDRAM_TOP/I_SDRAM_IF/mega_shift_1_reg_31__10_/D        -0.040  (VIOLATED)
   I_SDRAM_TOP/I_SDRAM_IF/mega_shift_1_reg_12__14_/D        -0.040  (VIOLATED)
   I_SDRAM_TOP/I_SDRAM_IF/mega_shift_1_reg_33__7_/D         -0.039  (VIOLATED)
   I_SDRAM_TOP/I_SDRAM_IF/mega_shift_1_reg_10__22_/D        -0.039  (VIOLATED)
   I_SDRAM_TOP/I_SDRAM_IF/mega_shift_1_reg_9__17_/D         -0.039  (VIOLATED)
   I_SDRAM_TOP/I_SDRAM_IF/mega_shift_1_reg_32__30_/D        -0.039  (VIOLATED)
   I_SDRAM_TOP/I_SDRAM_IF/mega_shift_0_reg_7__27_/D         -0.039  (VIOLATED)
   I_SDRAM_TOP/I_SDRAM_IF/mega_shift_1_reg_22__6_/D         -0.039  (VIOLATED)
   I_SDRAM_TOP/I_SDRAM_IF/mega_shift_1_reg_15__3_/D         -0.039  (VIOLATED)
   I_SDRAM_TOP/I_SDRAM_IF/mega_shift_1_reg_32__22_/D        -0.038  (VIOLATED)
   I_SDRAM_TOP/I_SDRAM_IF/mega_shift_1_reg_16__7_/D         -0.038  (VIOLATED)
   I_SDRAM_TOP/I_SDRAM_IF/mega_shift_0_reg_27__8_/D         -0.038  (VIOLATED)
   I_SDRAM_TOP/I_SDRAM_IF/mega_shift_1_reg_30__12_/D        -0.038  (VIOLATED)
   I_SDRAM_TOP/I_SDRAM_IF/mega_shift_0_reg_36__12_/D        -0.038  (VIOLATED)
   I_SDRAM_TOP/I_SDRAM_IF/mega_shift_1_reg_18__17_/D        -0.038  (VIOLATED)
   I_SDRAM_TOP/I_SDRAM_IF/mega_shift_0_reg_36__17_/D        -0.038  (VIOLATED)
   I_SDRAM_TOP/I_SDRAM_IF/mega_shift_1_reg_35__17_/D        -0.038  (VIOLATED)
   I_SDRAM_TOP/I_SDRAM_IF/mega_shift_1_reg_22__25_/D        -0.037  (VIOLATED)
   I_SDRAM_TOP/I_SDRAM_IF/mega_shift_1_reg_4__23_/D         -0.037  (VIOLATED)
   I_SDRAM_TOP/I_SDRAM_IF/mega_shift_1_reg_4__31_/D         -0.036  (VIOLATED)
   I_SDRAM_TOP/I_SDRAM_IF/mega_shift_1_reg_0__15_/D         -0.036  (VIOLATED)
   I_SDRAM_TOP/I_SDRAM_IF/mega_shift_1_reg_23__16_/D        -0.036  (VIOLATED)
   I_SDRAM_TOP/I_SDRAM_IF/mega_shift_0_reg_18__23_/D        -0.036  (VIOLATED)
   I_SDRAM_TOP/I_SDRAM_IF/mega_shift_1_reg_25__19_/D        -0.036  (VIOLATED)
   I_SDRAM_TOP/I_SDRAM_IF/mega_shift_1_reg_31__29_/D        -0.036  (VIOLATED)
   I_SDRAM_TOP/I_SDRAM_IF/mega_shift_1_reg_38__10_/D        -0.036  (VIOLATED)
   I_SDRAM_TOP/I_SDRAM_IF/mega_shift_1_reg_5__23_/D         -0.036  (VIOLATED)
   I_SDRAM_TOP/I_SDRAM_IF/mega_shift_1_reg_38__4_/D         -0.035  (VIOLATED)
   I_SDRAM_TOP/I_SDRAM_IF/R_12/D                            -0.035  (VIOLATED)
   I_SDRAM_TOP/I_SDRAM_IF/mega_shift_1_reg_20__29_/D        -0.035  (VIOLATED)
   I_SDRAM_TOP/I_SDRAM_IF/mega_shift_1_reg_12__7_/D         -0.035  (VIOLATED)
   I_SDRAM_TOP/I_SDRAM_IF/DQ_in_1_reg_8_/D                  -0.034  (VIOLATED)
   I_SDRAM_TOP/I_SDRAM_IF/mega_shift_0_reg_20__26_/D        -0.034  (VIOLATED)
   I_SDRAM_TOP/I_SDRAM_IF/mega_shift_1_reg_2__18_/D         -0.034  (VIOLATED)
   I_SDRAM_TOP/I_SDRAM_IF/mega_shift_0_reg_34__11_/D        -0.034  (VIOLATED)
   I_SDRAM_TOP/I_SDRAM_IF/mega_shift_1_reg_5__31_/D         -0.034  (VIOLATED)
   I_SDRAM_TOP/I_SDRAM_IF/mega_shift_1_reg_33__31_/D        -0.034  (VIOLATED)
   I_SDRAM_TOP/I_SDRAM_IF/mega_shift_1_reg_14__25_/D        -0.034  (VIOLATED)
   I_SDRAM_TOP/I_SDRAM_IF/mega_shift_1_reg_29__15_/D        -0.034  (VIOLATED)
   I_SDRAM_TOP/I_SDRAM_IF/mega_shift_1_reg_30__2_/D         -0.033  (VIOLATED)
   I_SDRAM_TOP/I_SDRAM_IF/mega_shift_1_reg_22__2_/D         -0.033  (VIOLATED)
   I_SDRAM_TOP/I_SDRAM_IF/mega_shift_1_reg_14__12_/D        -0.033  (VIOLATED)
   I_SDRAM_TOP/I_SDRAM_IF/mega_shift_1_reg_8__7_/D          -0.033  (VIOLATED)
   I_SDRAM_TOP/I_SDRAM_IF/mega_shift_0_reg_24__1_/D         -0.033  (VIOLATED)
   I_SDRAM_TOP/I_SDRAM_IF/mega_shift_1_reg_28__1_/D         -0.033  (VIOLATED)
   I_SDRAM_TOP/I_SDRAM_IF/mega_shift_1_reg_12__24_/D        -0.033  (VIOLATED)
   I_SDRAM_TOP/I_SDRAM_IF/mega_shift_1_reg_8__14_/D         -0.032  (VIOLATED)
   I_SDRAM_TOP/I_SDRAM_IF/mega_shift_1_reg_12__28_/D        -0.032  (VIOLATED)
   I_SDRAM_TOP/I_SDRAM_IF/mega_shift_1_reg_24__12_/D        -0.032  (VIOLATED)
   I_SDRAM_TOP/I_SDRAM_IF/mega_shift_1_reg_15__20_/D        -0.032  (VIOLATED)
   I_SDRAM_TOP/I_SDRAM_IF/mega_shift_1_reg_29__27_/D        -0.032  (VIOLATED)
   I_SDRAM_TOP/I_SDRAM_IF/mega_shift_1_reg_33__11_/D        -0.032  (VIOLATED)
   I_SDRAM_TOP/I_SDRAM_IF/mega_shift_0_reg_16__1_/D         -0.032  (VIOLATED)
   I_SDRAM_TOP/I_SDRAM_IF/mega_shift_1_reg_34__18_/D        -0.032  (VIOLATED)
   I_SDRAM_TOP/I_SDRAM_IF/mega_shift_1_reg_37__29_/D        -0.031  (VIOLATED)
   I_SDRAM_TOP/I_SDRAM_IF/mega_shift_1_reg_37__23_/D        -0.031  (VIOLATED)
   I_SDRAM_TOP/I_SDRAM_IF/mega_shift_1_reg_19__19_/D        -0.031  (VIOLATED)
   I_SDRAM_TOP/I_SDRAM_IF/mega_shift_1_reg_9__18_/D         -0.031  (VIOLATED)
   I_SDRAM_TOP/I_SDRAM_IF/mega_shift_1_reg_2__2_/D          -0.031  (VIOLATED)
   I_SDRAM_TOP/I_SDRAM_IF/DQ_in_1_reg_0_/D                  -0.031  (VIOLATED)
   I_SDRAM_TOP/I_SDRAM_IF/mega_shift_1_reg_19__11_/D        -0.031  (VIOLATED)
   I_SDRAM_TOP/I_SDRAM_IF/mega_shift_0_reg_19__7_/D         -0.031  (VIOLATED)
   I_SDRAM_TOP/I_SDRAM_IF/mega_shift_0_reg_24__29_/D        -0.030  (VIOLATED)
   I_SDRAM_TOP/I_SDRAM_READ_FIFO_SD_FIFO_CTL_U1_full_int_reg/D
                                                            -0.030  (VIOLATED)
   I_SDRAM_TOP/I_SDRAM_IF/mega_shift_1_reg_15__18_/D        -0.030  (VIOLATED)
   I_SDRAM_TOP/I_SDRAM_IF/mega_shift_0_reg_26__10_/D        -0.030  (VIOLATED)
   I_SDRAM_TOP/I_SDRAM_IF/mega_shift_1_reg_37__28_/D        -0.030  (VIOLATED)
   I_SDRAM_TOP/I_SDRAM_IF/mega_shift_0_reg_6__16_/D         -0.030  (VIOLATED)
   I_SDRAM_TOP/I_SDRAM_IF/mega_shift_1_reg_1__31_/D         -0.030  (VIOLATED)
   I_SDRAM_TOP/I_SDRAM_IF/mega_shift_1_reg_39__24_/D        -0.029  (VIOLATED)
   I_SDRAM_TOP/I_SDRAM_IF/mega_shift_1_reg_2__9_/D          -0.029  (VIOLATED)
   I_SDRAM_TOP/I_SDRAM_IF/mega_shift_1_reg_11__12_/D        -0.029  (VIOLATED)
   I_SDRAM_TOP/I_SDRAM_IF/mega_shift_0_reg_8__11_/D         -0.029  (VIOLATED)
   I_SDRAM_TOP/I_SDRAM_IF/mega_shift_0_reg_21__11_/D        -0.029  (VIOLATED)
   I_SDRAM_TOP/I_SDRAM_IF/mega_shift_1_reg_1__18_/D         -0.029  (VIOLATED)
   I_SDRAM_TOP/I_SDRAM_IF/mega_shift_1_reg_22__20_/D        -0.029  (VIOLATED)
   I_SDRAM_TOP/I_SDRAM_IF/mega_shift_0_reg_2__7_/D          -0.028  (VIOLATED)
   I_SDRAM_TOP/I_SDRAM_IF/mega_shift_1_reg_5__8_/D          -0.028  (VIOLATED)
   I_SDRAM_TOP/I_SDRAM_IF/mega_shift_1_reg_26__8_/D         -0.028  (VIOLATED)
   I_SDRAM_TOP/I_SDRAM_IF/mega_shift_0_reg_6__10_/D         -0.028  (VIOLATED)
   I_SDRAM_TOP/I_SDRAM_IF/mega_shift_1_reg_31__6_/D         -0.028  (VIOLATED)
   I_SDRAM_TOP/I_SDRAM_IF/mega_shift_1_reg_39__31_/D        -0.028  (VIOLATED)
   I_SDRAM_TOP/I_SDRAM_IF/mega_shift_1_reg_31__13_/D        -0.028  (VIOLATED)
   I_SDRAM_TOP/I_SDRAM_IF/mega_shift_1_reg_6__30_/D         -0.028  (VIOLATED)
   I_SDRAM_TOP/I_SDRAM_IF/mega_shift_1_reg_9__8_/D          -0.028  (VIOLATED)
   I_SDRAM_TOP/I_SDRAM_IF/mega_shift_0_reg_25__16_/D        -0.027  (VIOLATED)
   I_SDRAM_TOP/I_SDRAM_IF/mega_shift_1_reg_27__13_/D        -0.027  (VIOLATED)
   I_SDRAM_TOP/I_SDRAM_IF/mega_shift_1_reg_0__20_/D         -0.027  (VIOLATED)
   I_SDRAM_TOP/I_SDRAM_IF/mega_shift_1_reg_34__19_/D        -0.027  (VIOLATED)
   I_SDRAM_TOP/I_SDRAM_IF/mega_shift_1_reg_26__18_/D        -0.027  (VIOLATED)
   I_SDRAM_TOP/I_SDRAM_IF/DQ_in_0_reg_30_/D                 -0.026  (VIOLATED)
   I_SDRAM_TOP/I_SDRAM_IF/mega_shift_1_reg_16__13_/D        -0.026  (VIOLATED)
   I_SDRAM_TOP/I_SDRAM_IF/mega_shift_1_reg_15__9_/D         -0.026  (VIOLATED)
   I_SDRAM_TOP/I_SDRAM_IF/mega_shift_1_reg_26__6_/D         -0.026  (VIOLATED)
   I_SDRAM_TOP/I_SDRAM_IF/mega_shift_0_reg_32__19_/D        -0.026  (VIOLATED)
   I_SDRAM_TOP/I_SDRAM_IF/mega_shift_1_reg_24__28_/D        -0.026  (VIOLATED)
   I_SDRAM_TOP/I_SDRAM_IF/mega_shift_0_reg_34__30_/D        -0.026  (VIOLATED)
   I_SDRAM_TOP/I_SDRAM_IF/mega_shift_1_reg_12__5_/D         -0.026  (VIOLATED)
   I_SDRAM_TOP/I_SDRAM_IF/mega_shift_0_reg_10__0_/D         -0.026  (VIOLATED)
   I_SDRAM_TOP/I_SDRAM_IF/mega_shift_1_reg_37__24_/D        -0.026  (VIOLATED)
   I_SDRAM_TOP/I_SDRAM_IF/R_10/D                            -0.026  (VIOLATED)
   I_SDRAM_TOP/I_SDRAM_IF/mega_shift_1_reg_7__14_/D         -0.026  (VIOLATED)
   I_SDRAM_TOP/I_SDRAM_IF/mega_shift_1_reg_23__5_/D         -0.025  (VIOLATED)
   I_SDRAM_TOP/I_SDRAM_IF/mega_shift_0_reg_22__18_/D        -0.025  (VIOLATED)
   I_SDRAM_TOP/I_SDRAM_IF/mega_shift_1_reg_14__30_/D        -0.025  (VIOLATED)
   I_SDRAM_TOP/I_SDRAM_IF/mega_shift_1_reg_35__22_/D        -0.025  (VIOLATED)
   I_SDRAM_TOP/I_SDRAM_IF/mega_shift_1_reg_28__13_/D        -0.025  (VIOLATED)
   I_SDRAM_TOP/I_SDRAM_IF/mega_shift_1_reg_16__14_/D        -0.024  (VIOLATED)
   I_SDRAM_TOP/I_SDRAM_IF/mega_shift_1_reg_24__7_/D         -0.024  (VIOLATED)
   I_SDRAM_TOP/I_SDRAM_IF/mega_shift_1_reg_34__5_/D         -0.024  (VIOLATED)
   I_SDRAM_TOP/I_SDRAM_IF/mega_shift_1_reg_25__29_/D        -0.024  (VIOLATED)
   I_SDRAM_TOP/I_SDRAM_IF/mega_shift_1_reg_8__3_/D          -0.024  (VIOLATED)
   I_SDRAM_TOP/I_SDRAM_IF/mega_shift_0_reg_0__24_/D         -0.024  (VIOLATED)
   I_SDRAM_TOP/I_SDRAM_IF/mega_shift_1_reg_36__0_/D         -0.024  (VIOLATED)
   I_SDRAM_TOP/I_SDRAM_IF/mega_shift_1_reg_10__28_/D        -0.024  (VIOLATED)
   I_SDRAM_TOP/I_SDRAM_IF/mega_shift_1_reg_18__31_/D        -0.024  (VIOLATED)
   I_SDRAM_TOP/I_SDRAM_IF/mega_shift_1_reg_35__20_/D        -0.024  (VIOLATED)
   I_SDRAM_TOP/I_SDRAM_IF/mega_shift_0_reg_21__7_/D         -0.024  (VIOLATED)
   I_SDRAM_TOP/I_SDRAM_IF/mega_shift_0_reg_30__16_/D        -0.023  (VIOLATED)
   I_SDRAM_TOP/I_SDRAM_IF/mega_shift_1_reg_8__18_/D         -0.023  (VIOLATED)
   I_SDRAM_TOP/I_SDRAM_IF/mega_shift_1_reg_8__15_/D         -0.023  (VIOLATED)
   I_SDRAM_TOP/I_SDRAM_IF/mega_shift_1_reg_32__28_/D        -0.023  (VIOLATED)
   I_SDRAM_TOP/I_SDRAM_IF/mega_shift_1_reg_21__23_/D        -0.023  (VIOLATED)
   I_SDRAM_TOP/I_SDRAM_IF/mega_shift_0_reg_7__13_/D         -0.023  (VIOLATED)
   I_SDRAM_TOP/I_SDRAM_IF/mega_shift_1_reg_4__5_/D          -0.023  (VIOLATED)
   I_SDRAM_TOP/I_SDRAM_IF/mega_shift_0_reg_26__0_/D         -0.023  (VIOLATED)
   I_SDRAM_TOP/I_SDRAM_IF/mega_shift_0_reg_39__29_/D        -0.023  (VIOLATED)
   I_SDRAM_TOP/I_SDRAM_IF/mega_shift_1_reg_8__2_/D          -0.023  (VIOLATED)
   I_SDRAM_TOP/I_SDRAM_IF/mega_shift_1_reg_21__6_/D         -0.023  (VIOLATED)
   I_SDRAM_TOP/I_SDRAM_IF/mega_shift_1_reg_22__13_/D        -0.023  (VIOLATED)
   I_SDRAM_TOP/I_SDRAM_IF/mega_shift_1_reg_18__2_/D         -0.023  (VIOLATED)
   I_SDRAM_TOP/I_SDRAM_IF/mega_shift_0_reg_0__11_/D         -0.022  (VIOLATED)
   I_SDRAM_TOP/I_SDRAM_IF/mega_shift_1_reg_6__31_/D         -0.022  (VIOLATED)
   I_SDRAM_TOP/I_SDRAM_IF/mega_shift_1_reg_28__10_/D        -0.022  (VIOLATED)
   I_SDRAM_TOP/I_SDRAM_IF/mega_shift_1_reg_24__14_/D        -0.022  (VIOLATED)
   I_SDRAM_TOP/I_SDRAM_IF/mega_shift_0_reg_11__13_/D        -0.022  (VIOLATED)
   I_SDRAM_TOP/I_SDRAM_IF/mega_shift_1_reg_24__15_/D        -0.022  (VIOLATED)
   I_SDRAM_TOP/I_SDRAM_IF/mega_shift_0_reg_30__28_/D        -0.022  (VIOLATED)
   I_SDRAM_TOP/I_SDRAM_IF/mega_shift_1_reg_34__2_/D         -0.021  (VIOLATED)
   I_SDRAM_TOP/I_SDRAM_IF/mega_shift_1_reg_37__3_/D         -0.021  (VIOLATED)
   I_SDRAM_TOP/I_SDRAM_IF/mega_shift_1_reg_37__18_/D        -0.021  (VIOLATED)
   I_SDRAM_TOP/I_SDRAM_IF/mega_shift_1_reg_37__13_/D        -0.021  (VIOLATED)
   I_SDRAM_TOP/I_SDRAM_IF/mega_shift_1_reg_10__15_/D        -0.021  (VIOLATED)
   I_SDRAM_TOP/I_SDRAM_IF/mega_shift_1_reg_5__11_/D         -0.021  (VIOLATED)
   I_SDRAM_TOP/I_SDRAM_IF/mega_shift_1_reg_12__31_/D        -0.021  (VIOLATED)
   I_SDRAM_TOP/I_SDRAM_IF/mega_shift_1_reg_23__17_/D        -0.021  (VIOLATED)
   I_SDRAM_TOP/I_SDRAM_IF/mega_shift_1_reg_22__0_/D         -0.021  (VIOLATED)
   I_SDRAM_TOP/I_SDRAM_READ_FIFO_SD_FIFO_CTL_U1_this_addr_g_int_reg_2_/D
                                                            -0.021  (VIOLATED)
   I_SDRAM_TOP/I_SDRAM_IF/mega_shift_1_reg_26__16_/D        -0.021  (VIOLATED)
   I_SDRAM_TOP/I_SDRAM_IF/mega_shift_1_reg_26__17_/D        -0.021  (VIOLATED)
   I_SDRAM_TOP/I_SDRAM_IF/mega_shift_1_reg_12__1_/D         -0.021  (VIOLATED)
   I_SDRAM_TOP/I_SDRAM_IF/mega_shift_0_reg_6__15_/D         -0.021  (VIOLATED)
   I_SDRAM_TOP/I_SDRAM_IF/mega_shift_1_reg_10__0_/D         -0.020  (VIOLATED)
   I_SDRAM_TOP/I_SDRAM_IF/mega_shift_1_reg_32__19_/D        -0.020  (VIOLATED)
   I_SDRAM_TOP/I_SDRAM_IF/mega_shift_1_reg_17__14_/D        -0.020  (VIOLATED)
   I_SDRAM_TOP/I_SDRAM_IF/mega_shift_1_reg_10__8_/D         -0.020  (VIOLATED)
   I_SDRAM_TOP/I_SDRAM_IF/mega_shift_1_reg_13__24_/D        -0.020  (VIOLATED)
   I_SDRAM_TOP/I_SDRAM_IF/mega_shift_1_reg_16__3_/D         -0.020  (VIOLATED)
   I_SDRAM_TOP/I_SDRAM_IF/mega_shift_1_reg_35__10_/D        -0.020  (VIOLATED)
   I_SDRAM_TOP/I_SDRAM_IF/mega_shift_1_reg_10__17_/D        -0.020  (VIOLATED)
   I_SDRAM_TOP/I_SDRAM_IF/mega_shift_1_reg_29__12_/D        -0.020  (VIOLATED)
   I_SDRAM_TOP/I_SDRAM_IF/mega_shift_1_reg_22__11_/D        -0.020  (VIOLATED)
   I_SDRAM_TOP/I_SDRAM_IF/mega_shift_1_reg_17__12_/D        -0.020  (VIOLATED)
   I_SDRAM_TOP/I_SDRAM_IF/mega_shift_1_reg_25__7_/D         -0.019  (VIOLATED)
   I_SDRAM_TOP/I_SDRAM_IF/mega_shift_1_reg_34__24_/D        -0.019  (VIOLATED)
   I_SDRAM_TOP/I_SDRAM_IF/mega_shift_1_reg_14__4_/D         -0.019  (VIOLATED)
   I_SDRAM_TOP/I_SDRAM_IF/mega_shift_0_reg_32__27_/D        -0.019  (VIOLATED)
   I_SDRAM_TOP/I_SDRAM_IF/mega_shift_1_reg_16__16_/D        -0.019  (VIOLATED)
   I_SDRAM_TOP/I_SDRAM_IF/mega_shift_1_reg_22__14_/D        -0.019  (VIOLATED)
   I_SDRAM_TOP/I_SDRAM_IF/mega_shift_1_reg_24__13_/D        -0.019  (VIOLATED)
   I_SDRAM_TOP/I_SDRAM_IF/mega_shift_1_reg_17__22_/D        -0.019  (VIOLATED)
   I_SDRAM_TOP/I_SDRAM_IF/mega_shift_1_reg_17__23_/D        -0.019  (VIOLATED)
   I_SDRAM_TOP/I_SDRAM_IF/mega_shift_1_reg_25__26_/D        -0.019  (VIOLATED)
   I_SDRAM_TOP/I_SDRAM_IF/mega_shift_1_reg_30__25_/D        -0.018  (VIOLATED)
   I_SDRAM_TOP/I_SDRAM_IF/mega_shift_1_reg_22__31_/D        -0.018  (VIOLATED)
   I_SDRAM_TOP/I_SDRAM_IF/mega_shift_0_reg_24__17_/D        -0.018  (VIOLATED)
   I_SDRAM_TOP/I_SDRAM_IF/mega_shift_1_reg_24__0_/D         -0.018  (VIOLATED)
   I_SDRAM_TOP/I_SDRAM_IF/mega_shift_1_reg_5__27_/D         -0.018  (VIOLATED)
   I_SDRAM_TOP/I_SDRAM_IF/mega_shift_1_reg_31__24_/D        -0.018  (VIOLATED)
   I_SDRAM_TOP/I_SDRAM_IF/mega_shift_1_reg_31__21_/D        -0.018  (VIOLATED)
   I_SDRAM_TOP/I_SDRAM_IF/mega_shift_1_reg_36__23_/D        -0.018  (VIOLATED)
   I_SDRAM_TOP/I_SDRAM_IF/mega_shift_1_reg_20__19_/D        -0.018  (VIOLATED)
   I_SDRAM_TOP/I_SDRAM_IF/mega_shift_1_reg_17__29_/D        -0.017  (VIOLATED)
   I_SDRAM_TOP/I_SDRAM_IF/mega_shift_1_reg_0__21_/D         -0.017  (VIOLATED)
   I_SDRAM_TOP/I_SDRAM_IF/mega_shift_1_reg_2__0_/D          -0.017  (VIOLATED)
   I_SDRAM_TOP/I_SDRAM_IF/mega_shift_0_reg_30__0_/D         -0.017  (VIOLATED)
   I_SDRAM_TOP/I_SDRAM_IF/mega_shift_1_reg_12__27_/D        -0.017  (VIOLATED)
   I_SDRAM_TOP/I_SDRAM_IF/mega_shift_1_reg_10__5_/D         -0.017  (VIOLATED)
   I_SDRAM_TOP/I_SDRAM_IF/mega_shift_0_reg_16__10_/D        -0.017  (VIOLATED)
   I_SDRAM_TOP/I_SDRAM_IF/mega_shift_1_reg_7__21_/D         -0.016  (VIOLATED)
   I_SDRAM_TOP/I_SDRAM_IF/mega_shift_1_reg_5__17_/D         -0.016  (VIOLATED)
   I_SDRAM_TOP/I_SDRAM_IF/mega_shift_0_reg_39__3_/D         -0.016  (VIOLATED)
   I_SDRAM_TOP/I_SDRAM_IF/mega_shift_1_reg_8__10_/D         -0.016  (VIOLATED)
   I_SDRAM_TOP/I_SDRAM_IF/mega_shift_1_reg_14__9_/D         -0.016  (VIOLATED)
   I_SDRAM_TOP/I_SDRAM_IF/mega_shift_1_reg_1__15_/D         -0.016  (VIOLATED)
   I_SDRAM_TOP/I_SDRAM_IF/mega_shift_0_reg_12__31_/D        -0.016  (VIOLATED)
   I_SDRAM_TOP/I_SDRAM_IF/mega_shift_1_reg_3__29_/D         -0.016  (VIOLATED)
   I_SDRAM_TOP/I_SDRAM_IF/mega_shift_1_reg_33__16_/D        -0.016  (VIOLATED)
   I_SDRAM_TOP/I_SDRAM_IF/mega_shift_1_reg_20__18_/D        -0.016  (VIOLATED)
   I_SDRAM_TOP/I_SDRAM_IF/mega_shift_1_reg_23__26_/D        -0.016  (VIOLATED)
   I_SDRAM_TOP/I_SDRAM_IF/mega_shift_0_reg_10__11_/D        -0.016  (VIOLATED)
   I_SDRAM_TOP/I_SDRAM_IF/mega_shift_1_reg_18__3_/D         -0.016  (VIOLATED)
   I_SDRAM_TOP/I_SDRAM_IF/mega_shift_1_reg_13__26_/D        -0.016  (VIOLATED)
   I_SDRAM_TOP/I_SDRAM_IF/mega_shift_1_reg_30__8_/D         -0.016  (VIOLATED)
   I_SDRAM_TOP/I_SDRAM_IF/mega_shift_1_reg_37__7_/D         -0.016  (VIOLATED)
   I_SDRAM_TOP/I_SDRAM_IF/mega_shift_1_reg_34__31_/D        -0.015  (VIOLATED)
   I_SDRAM_TOP/I_SDRAM_IF/mega_shift_1_reg_25__3_/D         -0.015  (VIOLATED)
   I_SDRAM_TOP/I_SDRAM_IF/mega_shift_1_reg_16__19_/D        -0.015  (VIOLATED)
   I_SDRAM_TOP/I_SDRAM_IF/mega_shift_1_reg_33__10_/D        -0.015  (VIOLATED)
   I_SDRAM_TOP/I_SDRAM_IF/mega_shift_1_reg_17__11_/D        -0.015  (VIOLATED)
   I_SDRAM_TOP/I_SDRAM_IF/mega_shift_0_reg_25__0_/D         -0.015  (VIOLATED)
   I_SDRAM_TOP/I_SDRAM_IF/mega_shift_1_reg_33__21_/D        -0.015  (VIOLATED)
   I_SDRAM_TOP/I_SDRAM_IF/mega_shift_0_reg_8__16_/D         -0.015  (VIOLATED)
   I_SDRAM_TOP/I_SDRAM_IF/mega_shift_0_reg_32__15_/D        -0.015  (VIOLATED)
   I_SDRAM_TOP/I_SDRAM_IF/mega_shift_0_reg_19__11_/D        -0.015  (VIOLATED)
   I_SDRAM_TOP/I_SDRAM_IF/mega_shift_1_reg_5__19_/D         -0.015  (VIOLATED)
   I_SDRAM_TOP/I_SDRAM_IF/mega_shift_1_reg_35__2_/D         -0.015  (VIOLATED)
   I_SDRAM_TOP/I_SDRAM_IF/mega_shift_1_reg_37__0_/D         -0.015  (VIOLATED)
   I_SDRAM_TOP/I_SDRAM_IF/mega_shift_1_reg_6__17_/D         -0.014  (VIOLATED)
   I_SDRAM_TOP/I_SDRAM_IF/mega_shift_1_reg_39__7_/D         -0.014  (VIOLATED)
   I_SDRAM_TOP/I_SDRAM_IF/mega_shift_1_reg_3__17_/D         -0.014  (VIOLATED)
   I_SDRAM_TOP/I_SDRAM_IF/mega_shift_1_reg_10__19_/D        -0.014  (VIOLATED)
   I_SDRAM_TOP/I_SDRAM_IF/mega_shift_1_reg_12__25_/D        -0.014  (VIOLATED)
   I_SDRAM_TOP/I_SDRAM_IF/mega_shift_1_reg_39__19_/D        -0.014  (VIOLATED)
   I_SDRAM_TOP/I_SDRAM_IF/mega_shift_1_reg_7__19_/D         -0.014  (VIOLATED)
   I_SDRAM_TOP/I_SDRAM_IF/mega_shift_1_reg_15__27_/D        -0.014  (VIOLATED)
   I_SDRAM_TOP/I_SDRAM_IF/mega_shift_1_reg_22__24_/D        -0.014  (VIOLATED)
   I_SDRAM_TOP/I_SDRAM_IF/mega_shift_1_reg_18__20_/D        -0.014  (VIOLATED)
   I_SDRAM_TOP/I_SDRAM_IF/mega_shift_1_reg_12__29_/D        -0.014  (VIOLATED)
   I_SDRAM_TOP/I_SDRAM_IF/mega_shift_1_reg_28__21_/D        -0.014  (VIOLATED)
   I_SDRAM_TOP/I_SDRAM_IF/mega_shift_1_reg_1__14_/D         -0.014  (VIOLATED)
   I_SDRAM_TOP/I_SDRAM_IF/mega_shift_1_reg_16__2_/D         -0.013  (VIOLATED)
   I_SDRAM_TOP/I_SDRAM_IF/mega_shift_1_reg_24__3_/D         -0.013  (VIOLATED)
   I_SDRAM_TOP/I_SDRAM_IF/mega_shift_0_reg_18__0_/D         -0.013  (VIOLATED)
   I_SDRAM_TOP/I_SDRAM_IF/mega_shift_1_reg_39__15_/D        -0.012  (VIOLATED)
   I_SDRAM_TOP/I_SDRAM_IF/mega_shift_1_reg_24__11_/D        -0.012  (VIOLATED)
   I_SDRAM_TOP/I_SDRAM_IF/mega_shift_1_reg_2__25_/D         -0.012  (VIOLATED)
   I_SDRAM_TOP/I_SDRAM_IF/mega_shift_1_reg_20__31_/D        -0.012  (VIOLATED)
   I_SDRAM_TOP/I_SDRAM_IF/mega_shift_1_reg_3__21_/D         -0.012  (VIOLATED)
   I_SDRAM_TOP/I_SDRAM_IF/mega_shift_1_reg_15__8_/D         -0.012  (VIOLATED)
   I_SDRAM_TOP/I_SDRAM_IF/DQ_in_0_reg_8_/D                  -0.012  (VIOLATED)
   I_SDRAM_TOP/I_SDRAM_IF/mega_shift_1_reg_11__21_/D        -0.012  (VIOLATED)
   I_SDRAM_TOP/I_SDRAM_IF/mega_shift_1_reg_18__24_/D        -0.011  (VIOLATED)
   I_SDRAM_TOP/I_SDRAM_IF/mega_shift_1_reg_35__3_/D         -0.011  (VIOLATED)
   I_SDRAM_TOP/I_SDRAM_IF/mega_shift_1_reg_33__30_/D        -0.011  (VIOLATED)
   I_SDRAM_TOP/I_SDRAM_IF/mega_shift_1_reg_9__16_/D         -0.011  (VIOLATED)
   I_SDRAM_TOP/I_SDRAM_IF/mega_shift_1_reg_35__8_/D         -0.011  (VIOLATED)
   I_SDRAM_TOP/I_SDRAM_IF/mega_shift_0_reg_13__16_/D        -0.011  (VIOLATED)
   I_SDRAM_TOP/I_SDRAM_IF/mega_shift_1_reg_27__15_/D        -0.011  (VIOLATED)
   I_SDRAM_TOP/I_SDRAM_IF/mega_shift_1_reg_35__14_/D        -0.011  (VIOLATED)
   I_SDRAM_TOP/I_SDRAM_IF/mega_shift_1_reg_12__20_/D        -0.011  (VIOLATED)
   I_SDRAM_TOP/I_SDRAM_IF/mega_shift_0_reg_16__26_/D        -0.011  (VIOLATED)
   I_SDRAM_TOP/I_SDRAM_IF/mega_shift_0_reg_39__7_/D         -0.010  (VIOLATED)
   I_SDRAM_TOP/I_SDRAM_IF/mega_shift_1_reg_11__24_/D        -0.010  (VIOLATED)
   I_SDRAM_TOP/I_SDRAM_IF/mega_shift_1_reg_32__24_/D        -0.010  (VIOLATED)
   I_SDRAM_TOP/I_SDRAM_IF/mega_shift_1_reg_7__23_/D         -0.010  (VIOLATED)
   I_SDRAM_TOP/I_SDRAM_IF/mega_shift_0_reg_26__6_/D         -0.010  (VIOLATED)
   I_SDRAM_TOP/I_SDRAM_IF/mega_shift_1_reg_37__31_/D        -0.010  (VIOLATED)
   I_SDRAM_TOP/I_SDRAM_IF/mega_shift_1_reg_0__2_/D          -0.010  (VIOLATED)
   I_SDRAM_TOP/I_SDRAM_IF/mega_shift_1_reg_32__29_/D        -0.010  (VIOLATED)
   I_SDRAM_TOP/I_SDRAM_IF/mega_shift_1_reg_0__14_/D         -0.010  (VIOLATED)
   I_SDRAM_TOP/I_SDRAM_IF/mega_shift_1_reg_2__15_/D         -0.010  (VIOLATED)
   I_SDRAM_TOP/I_SDRAM_IF/mega_shift_0_reg_22__21_/D        -0.009  (VIOLATED)
   I_SDRAM_TOP/I_SDRAM_IF/mega_shift_1_reg_10__26_/D        -0.009  (VIOLATED)
   I_SDRAM_TOP/I_SDRAM_IF/mega_shift_1_reg_27__1_/D         -0.009  (VIOLATED)
   I_SDRAM_TOP/I_SDRAM_IF/mega_shift_1_reg_25__5_/D         -0.009  (VIOLATED)
   I_SDRAM_TOP/I_SDRAM_IF/mega_shift_0_reg_22__17_/D        -0.009  (VIOLATED)
   I_SDRAM_TOP/I_SDRAM_IF/mega_shift_1_reg_0__11_/D         -0.009  (VIOLATED)
   I_SDRAM_TOP/I_SDRAM_IF/mega_shift_1_reg_1__5_/D          -0.009  (VIOLATED)
   I_SDRAM_TOP/I_SDRAM_IF/mega_shift_0_reg_15__16_/D        -0.009  (VIOLATED)
   I_SDRAM_TOP/I_SDRAM_IF/mega_shift_0_reg_11__6_/D         -0.009  (VIOLATED)
   I_SDRAM_TOP/I_SDRAM_IF/mega_shift_1_reg_40__10_/D        -0.009  (VIOLATED)
   I_SDRAM_TOP/I_SDRAM_IF/mega_shift_1_reg_30__24_/D        -0.009  (VIOLATED)
   I_SDRAM_TOP/I_SDRAM_IF/mega_shift_1_reg_23__10_/D        -0.008  (VIOLATED)
   I_SDRAM_TOP/I_SDRAM_IF/mega_shift_1_reg_16__24_/D        -0.008  (VIOLATED)
   I_SDRAM_TOP/I_SDRAM_IF/mega_shift_1_reg_3__14_/D         -0.008  (VIOLATED)
   I_SDRAM_TOP/I_SDRAM_IF/mega_shift_1_reg_33__12_/D        -0.008  (VIOLATED)
   I_SDRAM_TOP/I_SDRAM_IF/mega_shift_0_reg_31__11_/D        -0.008  (VIOLATED)
   I_SDRAM_TOP/I_SDRAM_IF/mega_shift_1_reg_13__30_/D        -0.008  (VIOLATED)
   I_SDRAM_TOP/I_SDRAM_IF/mega_shift_0_reg_0__13_/D         -0.008  (VIOLATED)
   I_SDRAM_TOP/I_SDRAM_IF/mega_shift_1_reg_0__3_/D          -0.008  (VIOLATED)
   I_SDRAM_TOP/I_SDRAM_IF/mega_shift_1_reg_32__20_/D        -0.008  (VIOLATED)
   I_SDRAM_TOP/I_SDRAM_IF/mega_shift_1_reg_10__18_/D        -0.008  (VIOLATED)
   I_SDRAM_TOP/I_SDRAM_IF/mega_shift_1_reg_12__9_/D         -0.007  (VIOLATED)
   I_SDRAM_TOP/I_SDRAM_IF/mega_shift_1_reg_20__25_/D        -0.007  (VIOLATED)
   I_SDRAM_TOP/I_SDRAM_IF/mega_shift_0_reg_6__8_/D          -0.007  (VIOLATED)
   I_SDRAM_TOP/I_SDRAM_IF/mega_shift_1_reg_6__15_/D         -0.007  (VIOLATED)
   I_SDRAM_TOP/I_SDRAM_IF/mega_shift_1_reg_18__23_/D        -0.007  (VIOLATED)
   I_SDRAM_TOP/I_SDRAM_IF/mega_shift_0_reg_38__22_/D        -0.006  (VIOLATED)
   I_SDRAM_TOP/I_SDRAM_IF/mega_shift_0_reg_10__27_/D        -0.006  (VIOLATED)
   I_SDRAM_TOP/I_SDRAM_IF/mega_shift_1_reg_8__23_/D         -0.006  (VIOLATED)
   I_SDRAM_TOP/I_SDRAM_IF/mega_shift_1_reg_25__30_/D        -0.006  (VIOLATED)
   I_SDRAM_TOP/I_SDRAM_IF/mega_shift_1_reg_8__27_/D         -0.006  (VIOLATED)
   I_SDRAM_TOP/I_SDRAM_IF/mega_shift_1_reg_16__21_/D        -0.006  (VIOLATED)
   I_SDRAM_TOP/I_SDRAM_IF/mega_shift_1_reg_30__13_/D        -0.006  (VIOLATED)
   I_SDRAM_TOP/I_SDRAM_IF/mega_shift_1_reg_20__30_/D        -0.006  (VIOLATED)
   I_SDRAM_TOP/I_SDRAM_IF/mega_shift_0_reg_29__10_/D        -0.006  (VIOLATED)
   I_SDRAM_TOP/I_SDRAM_IF/mega_shift_1_reg_17__25_/D        -0.006  (VIOLATED)
   I_SDRAM_TOP/I_SDRAM_IF/mega_shift_1_reg_9__29_/D         -0.006  (VIOLATED)
   I_SDRAM_TOP/I_SDRAM_IF/mega_shift_1_reg_2__19_/D         -0.006  (VIOLATED)
   I_SDRAM_TOP/I_SDRAM_IF/mega_shift_0_reg_28__30_/D        -0.006  (VIOLATED)
   I_SDRAM_TOP/I_SDRAM_IF/mega_shift_1_reg_37__16_/D        -0.006  (VIOLATED)
   I_SDRAM_TOP/I_SDRAM_IF/mega_shift_1_reg_1__12_/D         -0.005  (VIOLATED)
   I_SDRAM_TOP/I_SDRAM_IF/mega_shift_1_reg_29__17_/D        -0.005  (VIOLATED)
   I_SDRAM_TOP/I_SDRAM_IF/mega_shift_1_reg_22__28_/D        -0.005  (VIOLATED)
   I_SDRAM_TOP/I_SDRAM_IF/mega_shift_1_reg_31__30_/D        -0.005  (VIOLATED)
   I_SDRAM_TOP/I_SDRAM_IF/mega_shift_1_reg_20__2_/D         -0.005  (VIOLATED)
   I_SDRAM_TOP/I_SDRAM_IF/mega_shift_1_reg_7__2_/D          -0.005  (VIOLATED)
   I_SDRAM_TOP/I_SDRAM_IF/mega_shift_1_reg_32__18_/D        -0.005  (VIOLATED)
   I_SDRAM_TOP/I_SDRAM_IF/mega_shift_1_reg_39__22_/D        -0.005  (VIOLATED)
   I_SDRAM_TOP/I_SDRAM_IF/mega_shift_1_reg_17__19_/D        -0.005  (VIOLATED)
   I_SDRAM_TOP/I_SDRAM_IF/mega_shift_0_reg_32__10_/D        -0.005  (VIOLATED)
   I_SDRAM_TOP/I_SDRAM_IF/mega_shift_1_reg_15__24_/D        -0.005  (VIOLATED)
   I_SDRAM_TOP/I_SDRAM_IF/mega_shift_1_reg_14__2_/D         -0.005  (VIOLATED)
   I_SDRAM_TOP/I_SDRAM_IF/mega_shift_1_reg_15__17_/D        -0.005  (VIOLATED)
   I_SDRAM_TOP/I_SDRAM_IF/mega_shift_0_reg_2__15_/D         -0.005  (VIOLATED)
   I_SDRAM_TOP/I_SDRAM_IF/mega_shift_1_reg_14__15_/D        -0.004  (VIOLATED)
   I_SDRAM_TOP/I_SDRAM_IF/mega_shift_1_reg_24__6_/D         -0.004  (VIOLATED)
   I_SDRAM_TOP/I_SDRAM_IF/mega_shift_0_reg_32__6_/D         -0.004  (VIOLATED)
   I_SDRAM_TOP/I_SDRAM_IF/mega_shift_1_reg_33__2_/D         -0.004  (VIOLATED)
   I_SDRAM_TOP/I_SDRAM_IF/mega_shift_1_reg_33__29_/D        -0.004  (VIOLATED)
   I_SDRAM_TOP/I_SDRAM_IF/DQ_in_0_reg_21_/D                 -0.004  (VIOLATED)
   I_SDRAM_TOP/I_SDRAM_IF/mega_shift_1_reg_9__2_/D          -0.003  (VIOLATED)
   I_SDRAM_TOP/I_SDRAM_IF/mega_shift_0_reg_22__9_/D         -0.003  (VIOLATED)
   I_SDRAM_TOP/I_SDRAM_IF/mega_shift_0_reg_6__13_/D         -0.003  (VIOLATED)
   I_SDRAM_TOP/I_SDRAM_IF/mega_shift_1_reg_15__14_/D        -0.003  (VIOLATED)
   I_SDRAM_TOP/I_SDRAM_IF/mega_shift_1_reg_30__29_/D        -0.003  (VIOLATED)
   I_SDRAM_TOP/I_SDRAM_IF/mega_shift_1_reg_38__8_/D         -0.003  (VIOLATED)
   I_SDRAM_TOP/I_SDRAM_IF/mega_shift_1_reg_20__0_/D         -0.003  (VIOLATED)
   I_SDRAM_TOP/I_SDRAM_IF/mega_shift_1_reg_18__16_/D        -0.003  (VIOLATED)
   I_SDRAM_TOP/I_SDRAM_IF/mega_shift_1_reg_14__16_/D        -0.003  (VIOLATED)
   I_SDRAM_TOP/I_SDRAM_IF/mega_shift_1_reg_7__13_/D         -0.003  (VIOLATED)
   I_SDRAM_TOP/I_SDRAM_IF/mega_shift_1_reg_22__18_/D        -0.003  (VIOLATED)
   I_SDRAM_TOP/I_SDRAM_IF/mega_shift_1_reg_34__13_/D        -0.003  (VIOLATED)
   I_SDRAM_TOP/I_SDRAM_IF/mega_shift_1_reg_7__8_/D          -0.003  (VIOLATED)
   I_SDRAM_TOP/I_SDRAM_IF/mega_shift_1_reg_40__25_/D        -0.003  (VIOLATED)
   I_SDRAM_TOP/I_SDRAM_IF/mega_shift_0_reg_24__9_/D         -0.003  (VIOLATED)
   I_SDRAM_TOP/I_SDRAM_IF/mega_shift_1_reg_35__29_/D        -0.002  (VIOLATED)
   I_SDRAM_TOP/I_SDRAM_IF/mega_shift_0_reg_30__20_/D        -0.002  (VIOLATED)
   I_SDRAM_TOP/I_SDRAM_IF/mega_shift_1_reg_6__12_/D         -0.002  (VIOLATED)
   I_SDRAM_TOP/I_SDRAM_IF/mega_shift_1_reg_34__9_/D         -0.002  (VIOLATED)
   I_SDRAM_TOP/I_SDRAM_IF/mega_shift_1_reg_18__26_/D        -0.002  (VIOLATED)
   I_SDRAM_TOP/I_SDRAM_IF/mega_shift_1_reg_34__12_/D        -0.002  (VIOLATED)
   I_SDRAM_TOP/I_SDRAM_IF/mega_shift_1_reg_16__9_/D         -0.002  (VIOLATED)
   I_SDRAM_TOP/I_SDRAM_IF/mega_shift_1_reg_4__20_/D         -0.002  (VIOLATED)
   I_SDRAM_TOP/I_SDRAM_IF/mega_shift_1_reg_27__12_/D        -0.001  (VIOLATED)
   I_SDRAM_TOP/I_SDRAM_IF/mega_shift_0_reg_3__0_/D          -0.001  (VIOLATED)
   I_SDRAM_TOP/I_SDRAM_IF/mega_shift_0_reg_27__16_/D        -0.001  (VIOLATED)
   I_SDRAM_TOP/I_SDRAM_IF/mega_shift_0_reg_6__7_/D          -0.001  (VIOLATED)
   I_SDRAM_TOP/I_SDRAM_IF/mega_shift_1_reg_13__21_/D        -0.001  (VIOLATED)
   I_SDRAM_TOP/I_SDRAM_IF/mega_shift_0_reg_13__29_/D        -0.001  (VIOLATED)
   I_SDRAM_TOP/I_SDRAM_IF/mega_shift_1_reg_16__0_/D         -0.001  (VIOLATED)
   I_SDRAM_TOP/I_SDRAM_IF/mega_shift_1_reg_13__2_/D         -0.001  (VIOLATED)
   I_SDRAM_TOP/I_SDRAM_IF/mega_shift_1_reg_30__9_/D         -0.001  (VIOLATED)
   I_SDRAM_TOP/I_SDRAM_IF/mega_shift_0_reg_21__15_/D        -0.001  (VIOLATED)
   I_SDRAM_TOP/I_SDRAM_IF/mega_shift_1_reg_33__18_/D        -0.001  (VIOLATED)
   I_SDRAM_TOP/I_SDRAM_IF/mega_shift_0_reg_34__28_/D        -0.001  (VIOLATED)
   I_SDRAM_TOP/I_SDRAM_IF/mega_shift_0_reg_3__4_/D          -0.001  (VIOLATED)
   I_SDRAM_TOP/I_SDRAM_IF/mega_shift_1_reg_21__14_/D        -0.001  (VIOLATED)
   I_SDRAM_TOP/I_SDRAM_IF/mega_shift_1_reg_27__19_/D        -0.001  (VIOLATED)
   I_SDRAM_TOP/I_SDRAM_IF/mega_shift_0_reg_25__28_/D        -0.001  (VIOLATED)
   I_SDRAM_TOP/I_SDRAM_IF/mega_shift_1_reg_19__7_/D         -0.001  (VIOLATED)
   I_SDRAM_TOP/I_SDRAM_IF/mega_shift_1_reg_20__21_/D         0.000  (VIOLATED: increase significant digits)
   I_SDRAM_TOP/I_SDRAM_IF/mega_shift_1_reg_8__22_/D          0.000  (VIOLATED: increase significant digits)
   I_SDRAM_TOP/I_SDRAM_IF/mega_shift_1_reg_28__25_/D         0.000  (VIOLATED: increase significant digits)
   I_SDRAM_TOP/I_SDRAM_IF/mega_shift_1_reg_38__5_/D          0.000  (VIOLATED: increase significant digits)
   I_SDRAM_TOP/I_SDRAM_IF/mega_shift_0_reg_6__11_/D          0.000  (VIOLATED: increase significant digits)
   I_SDRAM_TOP/I_SDRAM_IF/mega_shift_1_reg_2__26_/D          0.000  (VIOLATED: increase significant digits)

   max_delay/setup ('SD_DDR_CLK' group)

   Endpoint                                                  Slack
   -----------------------------------------------------------------
   sd_DQ_out[26]                                            -1.633  (VIOLATED)
   sd_DQ_out[20]                                            -1.263  (VIOLATED)
   sd_DQ_out[10]                                            -1.262  (VIOLATED)
   sd_DQ_out[30]                                            -1.241  (VIOLATED)
   sd_DQ_out[2]                                             -1.197  (VIOLATED)
   sd_DQ_out[8]                                             -1.190  (VIOLATED)
   sd_DQ_out[0]                                             -1.188  (VIOLATED)
   sd_DQ_out[16]                                            -1.173  (VIOLATED)
   sd_DQ_out[5]                                             -1.171  (VIOLATED)
   sd_DQ_out[4]                                             -1.164  (VIOLATED)
   sd_DQ_out[3]                                             -1.159  (VIOLATED)
   sd_DQ_out[1]                                             -1.156  (VIOLATED)
   sd_DQ_out[17]                                            -1.154  (VIOLATED)
   sd_DQ_out[7]                                             -1.154  (VIOLATED)
   sd_DQ_out[28]                                            -1.150  (VIOLATED)
   sd_DQ_out[6]                                             -1.150  (VIOLATED)
   sd_DQ_out[12]                                            -1.149  (VIOLATED)
   sd_DQ_out[24]                                            -1.148  (VIOLATED)
   sd_DQ_out[14]                                            -1.142  (VIOLATED)
   sd_DQ_out[25]                                            -1.128  (VIOLATED)
   sd_DQ_out[21]                                            -1.119  (VIOLATED)
   sd_DQ_out[9]                                             -1.118  (VIOLATED)
   sd_DQ_out[29]                                            -1.117  (VIOLATED)
   sd_DQ_out[15]                                            -1.107  (VIOLATED)
   sd_DQ_out[31]                                            -1.103  (VIOLATED)
   sd_DQ_out[13]                                            -1.100  (VIOLATED)
   sd_DQ_out[22]                                            -1.022  (VIOLATED)
   sd_DQ_out[11]                                            -1.021  (VIOLATED)
   sd_DQ_out[19]                                            -1.014  (VIOLATED)
   sd_DQ_out[23]                                            -1.001  (VIOLATED)
   sd_DQ_out[18]                                            -0.987  (VIOLATED)
   sd_DQ_out[27]                                            -0.953  (VIOLATED)
   sd_A[8]                                                  -0.047  (VIOLATED)

   max_delay/setup ('SYS_2x_CLK' group)

   Endpoint                                                  Slack
   -----------------------------------------------------------------
   I_RISC_CORE/I_INSTRN_LAT_Crnt_Instrn_2_reg_12_/D         -0.110  (VIOLATED)
   I_RISC_CORE/I_INSTRN_LAT_Crnt_Instrn_2_reg_14_/D         -0.098  (VIOLATED)
   I_RISC_CORE/I_INSTRN_LAT_Crnt_Instrn_2_reg_29_/D         -0.097  (VIOLATED)
   I_RISC_CORE/I_INSTRN_LAT_Crnt_Instrn_2_reg_9_/D          -0.095  (VIOLATED)
   I_RISC_CORE/I_INSTRN_LAT_Crnt_Instrn_2_reg_10_/D         -0.095  (VIOLATED)
   I_RISC_CORE/I_INSTRN_LAT_Crnt_Instrn_2_reg_11_/D         -0.095  (VIOLATED)
   I_RISC_CORE/I_INSTRN_LAT_Crnt_Instrn_2_reg_27_/D         -0.091  (VIOLATED)
   I_RISC_CORE/I_INSTRN_LAT_Crnt_Instrn_2_reg_15_/D         -0.090  (VIOLATED)
   I_RISC_CORE/I_INSTRN_LAT_Crnt_Instrn_2_reg_20_/D         -0.090  (VIOLATED)
   I_RISC_CORE/I_INSTRN_LAT_Crnt_Instrn_2_reg_26_/D         -0.086  (VIOLATED)
   I_RISC_CORE/I_INSTRN_LAT_Crnt_Instrn_2_reg_8_/D          -0.084  (VIOLATED)
   I_RISC_CORE/I_INSTRN_LAT_Crnt_Instrn_2_reg_16_/D         -0.080  (VIOLATED)
   I_RISC_CORE/I_INSTRN_LAT_Crnt_Instrn_2_reg_28_/D         -0.078  (VIOLATED)
   occ_int2/U_clk_control_i_0/U_cycle_ctr_i/count_int_reg[1]/D
                                                            -0.078  (VIOLATED)
   I_RISC_CORE/I_INSTRN_LAT_Crnt_Instrn_2_reg_22_/D         -0.074  (VIOLATED)
   I_RISC_CORE/R_31/D                                       -0.073  (VIOLATED)
   I_RISC_CORE/I_INSTRN_LAT_Crnt_Instrn_2_reg_18_/D         -0.073  (VIOLATED)
   I_RISC_CORE/I_INSTRN_LAT_Crnt_Instrn_2_reg_24_/D         -0.071  (VIOLATED)
   I_RISC_CORE/I_INSTRN_LAT_Crnt_Instrn_2_reg_21_/D         -0.071  (VIOLATED)
   I_RISC_CORE/I_ALU_Lachd_Result_reg_13_/D                 -0.070  (VIOLATED)
   I_RISC_CORE/I_INSTRN_LAT_Crnt_Instrn_2_reg_13_/D         -0.068  (VIOLATED)
   I_RISC_CORE/I_INSTRN_LAT_Crnt_Instrn_2_reg_30_/D         -0.067  (VIOLATED)
   I_RISC_CORE/I_INSTRN_LAT_Crnt_Instrn_2_reg_31_/D         -0.059  (VIOLATED)
   I_RISC_CORE/R_30/D                                       -0.059  (VIOLATED)
   I_RISC_CORE/I_ALU_Lachd_Result_reg_10_/D                 -0.056  (VIOLATED)
   I_RISC_CORE/I_STACK_TOP_I_STACK_FSM_TOS_int_reg_1_/D     -0.056  (VIOLATED)
   I_RISC_CORE/R_34/D                                       -0.056  (VIOLATED)
   I_RISC_CORE/I_INSTRN_LAT_Crnt_Instrn_2_reg_25_/D         -0.055  (VIOLATED)
   occ_int2/U_clk_control_i_0/pipeline_or_tree_l_reg/D      -0.051  (VIOLATED)
   I_RISC_CORE/I_INSTRN_LAT_Crnt_Instrn_2_reg_23_/D         -0.048  (VIOLATED)
   I_RISC_CORE/I_INSTRN_LAT_Crnt_Instrn_2_reg_2_/D          -0.044  (VIOLATED)
   I_RISC_CORE/I_STACK_TOP_I_STACK_FSM_TOS_int_reg_2_/D     -0.038  (VIOLATED)
   I_RISC_CORE/I_ALU_Lachd_Result_reg_12_/D                 -0.030  (VIOLATED)
   I_RISC_CORE/I_INSTRN_LAT_Crnt_Instrn_2_reg_19_/D         -0.026  (VIOLATED)
   I_RISC_CORE/I_INSTRN_LAT_Crnt_Instrn_2_reg_17_/D         -0.025  (VIOLATED)
   I_RISC_CORE/I_ALU_Lachd_Result_reg_15_/D                 -0.024  (VIOLATED)
   occ_int2/U_clk_control_i_0/U_cycle_ctr_i/tercnt_n_reg_reg/D
                                                            -0.009  (VIOLATED)
   I_RISC_CORE/I_PRGRM_CNT_TOP_I_PRGRM_CNT_PCint_reg_1_/D   -0.005  (VIOLATED)
   I_RISC_CORE/I_STACK_TOP_I_STACK_FSM_TOS_int_reg_0_/D     -0.004  (VIOLATED)
   I_RISC_CORE/I_ALU_Lachd_Result_reg_11_/D                 -0.002  (VIOLATED)

   max_delay/setup ('SYS_CLK' group)

   Endpoint                                                  Slack
   -----------------------------------------------------------------
   I_BLENDER_0/R_329/D                                      -0.087  (VIOLATED)
   I_SDRAM_TOP/I_SDRAM_WRITE_FIFO_SD_FIFO_CTL_U1_this_addr_g_int_reg_4_/D
                                                            -0.076  (VIOLATED)
   I_BLENDER_1/R_298/D                                      -0.073  (VIOLATED)
   I_BLENDER_0/R_323/D                                      -0.072  (VIOLATED)
   I_BLENDER_1/s4_op1_reg_22_/D                             -0.067  (VIOLATED)
   I_BLENDER_1/R_377/D                                      -0.066  (VIOLATED)
   I_BLENDER_0/R_239/D                                      -0.064  (VIOLATED)
   I_BLENDER_1/s4_op1_reg_21_/D                             -0.064  (VIOLATED)
   I_BLENDER_1/s4_op2_reg_19_/D                             -0.063  (VIOLATED)
   I_BLENDER_0/R_391/D                                      -0.062  (VIOLATED)
   I_BLENDER_1/R_626/D                                      -0.061  (VIOLATED)
   I_BLENDER_0/s4_op2_reg_30_/D                             -0.060  (VIOLATED)
   I_BLENDER_1/R_476/D                                      -0.059  (VIOLATED)
   I_BLENDER_1/s4_op2_reg_13_/D                             -0.059  (VIOLATED)
   I_BLENDER_0/R_436/D                                      -0.058  (VIOLATED)
   I_BLENDER_0/R_446/D                                      -0.058  (VIOLATED)
   I_BLENDER_1/R_620/D                                      -0.057  (VIOLATED)
   I_BLENDER_0/R_384/D                                      -0.056  (VIOLATED)
   I_BLENDER_1/R_395/D                                      -0.056  (VIOLATED)
   I_BLENDER_0/R_559/D                                      -0.056  (VIOLATED)
   I_BLENDER_1/R_586/D                                      -0.056  (VIOLATED)
   I_BLENDER_1/R_414/D                                      -0.056  (VIOLATED)
   I_BLENDER_1/R_417/D                                      -0.056  (VIOLATED)
   I_BLENDER_1/R_632/D                                      -0.055  (VIOLATED)
   I_BLENDER_1/R_464/D                                      -0.054  (VIOLATED)
   I_BLENDER_1/s4_op1_reg_9_/D                              -0.054  (VIOLATED)
   I_BLENDER_0/R_507/D                                      -0.054  (VIOLATED)
   I_BLENDER_0/R_553/D                                      -0.054  (VIOLATED)
   I_BLENDER_0/s4_op1_reg_28_/D                             -0.053  (VIOLATED)
   I_BLENDER_1/R_592/D                                      -0.052  (VIOLATED)
   I_BLENDER_0/s4_op1_reg_25_/D                             -0.052  (VIOLATED)
   I_BLENDER_1/R_410/D                                      -0.051  (VIOLATED)
   I_BLENDER_0/R_432/D                                      -0.051  (VIOLATED)
   I_BLENDER_1/mega_shift_reg_9__14_/D                      -0.051  (VIOLATED)
   I_BLENDER_0/R_443/D                                      -0.050  (VIOLATED)
   I_BLENDER_1/R_511/D                                      -0.050  (VIOLATED)
   I_BLENDER_0/R_526/D                                      -0.049  (VIOLATED)
   I_BLENDER_0/s4_op1_reg_29_/D                             -0.049  (VIOLATED)
   I_BLENDER_1/R_396/D                                      -0.048  (VIOLATED)
   I_BLENDER_0/s3_op1_reg_30_/D                             -0.048  (VIOLATED)
   I_BLENDER_0/R_450/D                                      -0.046  (VIOLATED)
   I_BLENDER_0/R_160/D                                      -0.046  (VIOLATED)
   I_BLENDER_1/R_544/D                                      -0.046  (VIOLATED)
   I_BLENDER_0/s4_op2_reg_26_/D                             -0.046  (VIOLATED)
   I_BLENDER_0/s4_op1_reg_17_/D                             -0.045  (VIOLATED)
   I_BLENDER_1/R_482/D                                      -0.045  (VIOLATED)
   I_BLENDER_0/s4_op2_reg_31_/D                             -0.045  (VIOLATED)
   I_BLENDER_1/R_604/D                                      -0.044  (VIOLATED)
   I_BLENDER_1/s3_op2_reg_25_/D                             -0.043  (VIOLATED)
   I_BLENDER_1/s3_op2_reg_18_/D                             -0.043  (VIOLATED)
   I_BLENDER_1/R_472/D                                      -0.042  (VIOLATED)
   I_BLENDER_0/R_439/D                                      -0.042  (VIOLATED)
   I_BLENDER_0/s4_op1_reg_15_/D                             -0.042  (VIOLATED)
   I_BLENDER_1/R_478/D                                      -0.041  (VIOLATED)
   I_BLENDER_1/s3_op1_reg_30_/D                             -0.041  (VIOLATED)
   I_BLENDER_1/s4_op1_reg_31_/D                             -0.041  (VIOLATED)
   I_BLENDER_0/R_521/D                                      -0.041  (VIOLATED)
   I_BLENDER_1/s4_op2_reg_15_/D                             -0.041  (VIOLATED)
   I_BLENDER_0/s4_op1_reg_22_/D                             -0.041  (VIOLATED)
   I_BLENDER_1/R_470/D                                      -0.041  (VIOLATED)
   I_BLENDER_1/R_346/D                                      -0.041  (VIOLATED)
   I_BLENDER_0/R_719/D                                      -0.041  (VIOLATED)
   I_BLENDER_1/R_488/D                                      -0.041  (VIOLATED)
   I_BLENDER_0/R_745/D                                      -0.041  (VIOLATED)
   I_BLENDER_0/s4_op1_reg_26_/D                             -0.040  (VIOLATED)
   I_BLENDER_1/s3_op2_reg_22_/D                             -0.040  (VIOLATED)
   I_BLENDER_1/R_310/D                                      -0.040  (VIOLATED)
   I_BLENDER_0/R_704/D                                      -0.040  (VIOLATED)
   I_BLENDER_1/s4_op2_reg_18_/D                             -0.039  (VIOLATED)
   I_BLENDER_0/s4_op1_reg_18_/D                             -0.039  (VIOLATED)
   I_BLENDER_0/s4_op1_reg_30_/D                             -0.039  (VIOLATED)
   I_BLENDER_1/R_427/D                                      -0.039  (VIOLATED)
   I_BLENDER_1/R_173/D                                      -0.039  (VIOLATED)
   I_BLENDER_1/R_660/D                                      -0.039  (VIOLATED)
   I_BLENDER_1/R_499/D                                      -0.039  (VIOLATED)
   I_BLENDER_1/R_413/D                                      -0.038  (VIOLATED)
   I_BLENDER_0/mega_shift_reg_10__16_/D                     -0.038  (VIOLATED)
   I_BLENDER_0/s4_op2_reg_16_/D                             -0.038  (VIOLATED)
   I_BLENDER_0/R_248/D                                      -0.038  (VIOLATED)
   I_BLENDER_1/R_640/D                                      -0.038  (VIOLATED)
   I_BLENDER_0/R_566/D                                      -0.037  (VIOLATED)
   I_BLENDER_0/s4_op1_reg_24_/D                             -0.036  (VIOLATED)
   I_BLENDER_0/s4_op2_reg_22_/D                             -0.036  (VIOLATED)
   I_BLENDER_0/mega_shift_reg_9__14_/D                      -0.036  (VIOLATED)
   I_BLENDER_0/s4_op1_reg_21_/D                             -0.036  (VIOLATED)
   I_BLENDER_1/R_348/D                                      -0.036  (VIOLATED)
   I_BLENDER_1/R_292/D                                      -0.035  (VIOLATED)
   I_BLENDER_1/s4_op1_reg_13_/D                             -0.035  (VIOLATED)
   I_BLENDER_0/R_578/D                                      -0.035  (VIOLATED)
   I_BLENDER_0/R_158/D                                      -0.035  (VIOLATED)
   I_BLENDER_0/R_699/D                                      -0.035  (VIOLATED)
   I_BLENDER_1/R_752/D                                      -0.034  (VIOLATED)
   I_BLENDER_1/R_235/D                                      -0.033  (VIOLATED)
   I_BLENDER_1/R_638/D                                      -0.032  (VIOLATED)
   I_BLENDER_0/s4_op2_reg_28_/D                             -0.032  (VIOLATED)
   I_BLENDER_1/s4_op1_reg_15_/D                             -0.031  (VIOLATED)
   I_BLENDER_0/R_701/D                                      -0.031  (VIOLATED)
   I_BLENDER_0/s4_op1_reg_9_/D                              -0.031  (VIOLATED)
   I_BLENDER_0/s4_op2_reg_18_/D                             -0.031  (VIOLATED)
   I_BLENDER_1/R_628/D                                      -0.030  (VIOLATED)
   I_BLENDER_1/s3_op2_reg_29_/D                             -0.030  (VIOLATED)
   I_BLENDER_0/s3_op1_reg_22_/D                             -0.030  (VIOLATED)
   I_BLENDER_0/s4_op1_reg_19_/D                             -0.028  (VIOLATED)
   I_BLENDER_1/s4_op1_reg_12_/D                             -0.028  (VIOLATED)
   I_BLENDER_1/s4_op2_reg_16_/D                             -0.028  (VIOLATED)
   I_BLENDER_1/R_280/D                                      -0.028  (VIOLATED)
   I_BLENDER_0/mega_shift_reg_9__3_/D                       -0.027  (VIOLATED)
   I_BLENDER_0/s3_op1_reg_26_/D                             -0.026  (VIOLATED)
   I_BLENDER_0/R_332/D                                      -0.026  (VIOLATED)
   I_BLENDER_0/s1_op2_reg_21_/D                             -0.026  (VIOLATED)
   I_BLENDER_0/R_697/D                                      -0.025  (VIOLATED)
   I_BLENDER_1/s1_op1_reg_1_/D                              -0.025  (VIOLATED)
   I_BLENDER_1/R_268/D                                      -0.025  (VIOLATED)
   I_BLENDER_0/R_574/D                                      -0.024  (VIOLATED)
   I_BLENDER_0/R_581/D                                      -0.024  (VIOLATED)
   I_BLENDER_0/s4_op2_reg_17_/D                             -0.024  (VIOLATED)
   I_BLENDER_0/R_577/D                                      -0.024  (VIOLATED)
   I_BLENDER_0/s4_op2_reg_15_/D                             -0.023  (VIOLATED)
   I_BLENDER_1/R_344/D                                      -0.023  (VIOLATED)
   I_BLENDER_1/s3_op1_reg_29_/D                             -0.023  (VIOLATED)
   I_BLENDER_1/R_598/D                                      -0.023  (VIOLATED)
   I_BLENDER_0/s1_op2_reg_17_/D                             -0.023  (VIOLATED)
   I_BLENDER_0/s4_op2_reg_29_/D                             -0.021  (VIOLATED)
   I_BLENDER_1/R_648/D                                      -0.021  (VIOLATED)
   I_BLENDER_0/s4_op1_reg_31_/D                             -0.020  (VIOLATED)
   I_BLENDER_1/s3_op2_reg_31_/D                             -0.019  (VIOLATED)
   I_BLENDER_0/s4_op2_reg_20_/D                             -0.019  (VIOLATED)
   I_BLENDER_0/s4_op1_reg_10_/D                             -0.018  (VIOLATED)
   I_BLENDER_1/R_516/D                                      -0.018  (VIOLATED)
   I_BLENDER_0/s1_op1_reg_26_/D                             -0.018  (VIOLATED)
   I_BLENDER_0/s3_op1_reg_31_/D                             -0.017  (VIOLATED)
   I_BLENDER_0/R_716/D                                      -0.017  (VIOLATED)
   I_BLENDER_0/R_555/D                                      -0.016  (VIOLATED)
   I_BLENDER_0/mega_shift_reg_9__13_/D                      -0.016  (VIOLATED)
   I_BLENDER_1/mega_shift_reg_9__0_/D                       -0.015  (VIOLATED)
   I_BLENDER_1/R_460/D                                      -0.015  (VIOLATED)
   I_BLENDER_0/R_179/D                                      -0.014  (VIOLATED)
   I_BLENDER_0/s4_op1_reg_27_/D                             -0.014  (VIOLATED)
   I_BLENDER_0/R_523/D                                      -0.014  (VIOLATED)
   I_BLENDER_0/s4_op2_reg_19_/D                             -0.013  (VIOLATED)
   I_BLENDER_0/mega_shift_reg_9__23_/D                      -0.013  (VIOLATED)
   I_BLENDER_1/R_652/D                                      -0.013  (VIOLATED)
   I_BLENDER_0/s4_op1_reg_13_/D                             -0.013  (VIOLATED)
   I_BLENDER_0/R_434/D                                      -0.012  (VIOLATED)
   I_BLENDER_1/R_375/D                                      -0.012  (VIOLATED)
   I_BLENDER_0/mega_shift_reg_9__21_/D                      -0.012  (VIOLATED)
   I_BLENDER_0/s4_op1_reg_8_/D                              -0.011  (VIOLATED)
   I_SDRAM_TOP/I_SDRAM_WRITE_FIFO_SD_FIFO_CTL_U1_full_int_reg/D
                                                            -0.011  (VIOLATED)
   I_PCI_TOP/I_PCI_WRITE_FIFO_PCI_FIFO_CTL_U1_full_int_reg/D
                                                            -0.010  (VIOLATED)
   I_BLENDER_0/mega_shift_reg_9__6_/D                       -0.010  (VIOLATED)
   I_BLENDER_1/R_747/D                                      -0.009  (VIOLATED)
   I_BLENDER_0/s4_op2_reg_7_/D                              -0.009  (VIOLATED)
   I_BLENDER_1/R_75/D                                       -0.009  (VIOLATED)
   I_BLENDER_1/mega_shift_reg_9__21_/D                      -0.008  (VIOLATED)
   I_BLENDER_1/R_513/D                                      -0.008  (VIOLATED)
   I_BLENDER_1/s3_op2_reg_21_/D                             -0.007  (VIOLATED)
   I_BLENDER_0/R_519/D                                      -0.007  (VIOLATED)
   I_BLENDER_0/s3_op2_reg_11_/D                             -0.005  (VIOLATED)
   I_BLENDER_0/s1_op1_reg_12_/D                             -0.005  (VIOLATED)
   I_BLENDER_1/s3_op2_reg_28_/D                             -0.005  (VIOLATED)
   I_BLENDER_1/mega_shift_reg_9__19_/D                      -0.005  (VIOLATED)
   I_BLENDER_0/R_580/D                                      -0.005  (VIOLATED)
   I_BLENDER_0/s3_op1_reg_8_/D                              -0.004  (VIOLATED)
   I_PARSER/i_reg_reg_13_/D                                 -0.004  (VIOLATED)
   I_BLENDER_0/R_438/D                                      -0.003  (VIOLATED)
   I_BLENDER_1/R_458/D                                      -0.003  (VIOLATED)
   I_PARSER/pci_w_mux_select_reg_2_/D                       -0.003  (VIOLATED)
   I_BLENDER_1/s3_op2_reg_10_/D                             -0.003  (VIOLATED)
   I_BLENDER_1/s4_op1_reg_18_/D                             -0.003  (VIOLATED)
   I_BLENDER_1/mega_shift_reg_9__22_/D                      -0.002  (VIOLATED)
   I_BLENDER_0/s4_op2_reg_23_/D                             -0.002  (VIOLATED)
   I_BLENDER_0/R_422/D                                      -0.001  (VIOLATED)
   I_BLENDER_1/R_484/D                                      -0.001  (VIOLATED)
   I_BLENDER_0/mega_shift_reg_2__24_/D                      -0.001  (VIOLATED)
   I_BLENDER_1/R_654/D                                      -0.001  (VIOLATED)




   sequential_clock_pulse_width

                             Required        Actual
   Pin                      pulse width    pulse width       Slack
   -----------------------------------------------------------------
   I_CLOCKING/sys_2x_rst_ff_reg/CLK (low)
                               1.036          0.944         -0.092  (VIOLATED)


   max_capacitance

                             Required        Actual
   Pin                      Capacitance    Capacitance       Slack
   -----------------------------------------------------------------
   ZBUF_64_inst_23278/Y       82.000        155.832        -73.832  (VIOLATED)
   HFSBUF_11_236/Y            82.000        121.097        -39.097  (VIOLATED)
   HFSBUF_11_237/Y            82.000        120.920        -38.920  (VIOLATED)
   HFSBUF_11_249/Y            82.000        118.802        -36.802  (VIOLATED)
   HFSBUF_11_248/Y            82.000        117.751        -35.751  (VIOLATED)
   HFSBUF_11_246/Y            82.000        117.618        -35.618  (VIOLATED)
   HFSBUF_11_241/Y            82.000        117.601        -35.601  (VIOLATED)
   ZBUF_4_inst_54904/Y        82.000        117.204        -35.204  (VIOLATED)
   HFSBUF_11_227/Y            82.000        116.675        -34.675  (VIOLATED)
   HFSBUF_11_247/Y            82.000        116.142        -34.142  (VIOLATED)
   ZBUF_4_inst_54905/Y        82.000        115.124        -33.124  (VIOLATED)
   ZBUF_4_inst_54903/Y        82.000        115.060        -33.060  (VIOLATED)
   HFSBUF_11_233/Y            82.000        114.972        -32.972  (VIOLATED)
   ZBUF_4_inst_54094/Y        82.000        114.118        -32.118  (VIOLATED)
   HFSBUF_11_231/Y            82.000        113.392        -31.392  (VIOLATED)
   HFSINV_13_255/Y            82.000        113.269        -31.269  (VIOLATED)
   HFSBUF_11_235/Y            82.000        112.067        -30.067  (VIOLATED)
   HFSBUF_11_229/Y            82.000        110.508        -28.508  (VIOLATED)
   HFSBUF_11_251/Y            82.000        107.962        -25.962  (VIOLATED)
   I_PCI_TOP/HFSBUF_8_228/Y   82.000        107.557        -25.557  (VIOLATED)
   HFSBUF_11_250/Y            82.000        107.431        -25.431  (VIOLATED)
   HFSBUF_11_258/Y            82.000        107.343        -25.343  (VIOLATED)
   ZBUF_4_inst_54907/Y        82.000        107.281        -25.281  (VIOLATED)
   ZBUF_4_inst_54906/Y        82.000        106.884        -24.884  (VIOLATED)
   HFSBUF_11_257/Y            82.000        106.855        -24.855  (VIOLATED)
   ZBUF_4_inst_24034/Y        82.000        106.665        -24.665  (VIOLATED)
   HFSBUF_11_240/Y            82.000        106.345        -24.345  (VIOLATED)
   HFSBUF_11_234/Y            82.000        104.267        -22.267  (VIOLATED)
   occ_int2/cts_buf_638432290/Y
                              82.000         88.351         -6.351  (VIOLATED)
   I_BLENDER_1/R_124/Q        16.000         19.193         -3.193  (VIOLATED)
   I_BLENDER_0/s3_op2_reg_28_/QN
                              16.000         17.754         -1.754  (VIOLATED)
   I_BLENDER_0/U6506/Y        16.000         17.742         -1.742  (VIOLATED)
   I_SDRAM_TOP/I_SDRAM_IF/mega_shift_0_reg_0__30_/Q
                               8.000          8.873         -0.873  (VIOLATED)
   U288/Y                     32.000         32.664         -0.664  (VIOLATED)
   I_BLENDER_1/R_411/Q         8.000          8.581         -0.581  (VIOLATED)
   I_BLENDER_0/U1386/Y        16.000         16.536         -0.536  (VIOLATED)
   I_BLENDER_0/s2_op1_reg_7_/Q
                              16.000         16.517         -0.517  (VIOLATED)
   I_BLENDER_0/s1_op1_reg_10_/Q
                               8.000          8.452         -0.452  (VIOLATED)
   I_BLENDER_0/s1_op1_reg_14_/Q
                               8.000          8.338         -0.338  (VIOLATED)
   I_BLENDER_1/result_reg_0_/Q
                               8.000          8.321         -0.321  (VIOLATED)
   I_BLENDER_0/s1_op1_reg_11_/Q
                               8.000          8.316         -0.316  (VIOLATED)
   I_BLENDER_1/R_673/Q         8.000          8.249         -0.249  (VIOLATED)
   I_BLENDER_0/s2_op1_reg_14_/Q
                              16.000         16.241         -0.241  (VIOLATED)
   I_BLENDER_1/U2758/Y        16.000         16.208         -0.208  (VIOLATED)
   I_PCI_TOP/I_PCI_CORE_mega_shift_reg_6__16_/Q
                               8.000          8.165         -0.165  (VIOLATED)
   I_BLENDER_0/U3845/Y        16.000         16.154         -0.154  (VIOLATED)
   I_BLENDER_1/mega_shift_reg_9__9_/Q
                               8.000          8.126         -0.126  (VIOLATED)
   I_CONTEXT_MEM/U176/Y       16.000         16.122         -0.122  (VIOLATED)
   I_BLENDER_1/result_reg_1_/Q
                               8.000          8.098         -0.098  (VIOLATED)
   I_RISC_CORE/I_STACK_TOP_I_STACK_FSM_TOS_int_reg_1_/Q
                               8.000          8.070         -0.070  (VIOLATED)
   I_BLENDER_0/U6556/Y         8.000          8.060         -0.060  (VIOLATED)
   I_SDRAM_TOP/I_SDRAM_IF/control_bus_reg_8_/Q
                               8.000          8.053         -0.053  (VIOLATED)
   I_BLENDER_1/R_592/Q         8.000          8.051         -0.051  (VIOLATED)
   I_RISC_CORE/ZBUF_23_inst_23702/Y
                              16.000         16.029         -0.029  (VIOLATED)
   I_SDRAM_TOP/I_SDRAM_IF/mega_shift_0_reg_24__16_/Q
                               8.000          8.022         -0.022  (VIOLATED)
   I_SDRAM_TOP/I_SDRAM_IF/mega_shift_1_reg_6__5_/Q
                               8.000          8.018         -0.018  (VIOLATED)
   I_BLENDER_0/U3772/Y        16.000         16.012         -0.012  (VIOLATED)
   ZBUF_35_inst_25865/Y       16.000         16.012         -0.012  (VIOLATED)


   min_capacitance

                             Required        Actual
   Pin                      Capacitance    Capacitance       Slack
   -----------------------------------------------------------------
   I_RISC_CORE/I_REG_FILE_REG_FILE_B_RAM/O2[0]
                               0.100          0.011         -0.089  (VIOLATED)
   I_RISC_CORE/I_REG_FILE_REG_FILE_B_RAM/O2[1]
                               0.100          0.011         -0.089  (VIOLATED)
   I_RISC_CORE/I_REG_FILE_REG_FILE_B_RAM/O2[2]
                               0.100          0.011         -0.089  (VIOLATED)
   I_RISC_CORE/I_REG_FILE_REG_FILE_B_RAM/O2[3]
                               0.100          0.011         -0.089  (VIOLATED)
   I_RISC_CORE/I_REG_FILE_REG_FILE_B_RAM/O2[4]
                               0.100          0.011         -0.089  (VIOLATED)
   I_RISC_CORE/I_REG_FILE_REG_FILE_B_RAM/O2[5]
                               0.100          0.011         -0.089  (VIOLATED)
   I_RISC_CORE/I_REG_FILE_REG_FILE_B_RAM/O2[6]
                               0.100          0.011         -0.089  (VIOLATED)
   I_RISC_CORE/I_REG_FILE_REG_FILE_B_RAM/O2[7]
                               0.100          0.011         -0.089  (VIOLATED)
   I_RISC_CORE/I_REG_FILE_REG_FILE_D_RAM/O2[8]
                               0.100          0.011         -0.089  (VIOLATED)
   I_RISC_CORE/I_REG_FILE_REG_FILE_D_RAM/O2[9]
                               0.100          0.011         -0.089  (VIOLATED)
   I_RISC_CORE/I_REG_FILE_REG_FILE_D_RAM/O2[10]
                               0.100          0.011         -0.089  (VIOLATED)
   I_RISC_CORE/I_REG_FILE_REG_FILE_D_RAM/O2[11]
                               0.100          0.011         -0.089  (VIOLATED)
   I_RISC_CORE/I_REG_FILE_REG_FILE_D_RAM/O2[12]
                               0.100          0.011         -0.089  (VIOLATED)
   I_RISC_CORE/I_REG_FILE_REG_FILE_D_RAM/O2[13]
                               0.100          0.011         -0.089  (VIOLATED)
   I_RISC_CORE/I_REG_FILE_REG_FILE_D_RAM/O2[14]
                               0.100          0.011         -0.089  (VIOLATED)
   I_RISC_CORE/I_REG_FILE_REG_FILE_D_RAM/O2[15]
                               0.100          0.011         -0.089  (VIOLATED)


   max_transition

                             Required        Actual
   Pin                      Transition     Transition        Slack
   -----------------------------------------------------------------
   I_SDRAM_TOP/I_SDRAM_IF/mega_shift_0_reg_0__30_/Q
                               0.424          0.452         -0.029  (VIOLATED)
   I_BLENDER_1/R_124/Q         0.264          0.288         -0.023  (VIOLATED)
   I_BLENDER_0/s3_op2_reg_28_/QN
                               0.206          0.221         -0.014  (VIOLATED)
   I_BLENDER_1/result_reg_0_/Q
                               0.423          0.432         -0.009  (VIOLATED)
   I_BLENDER_1/R_411/Q         0.135          0.141         -0.006  (VIOLATED)
   I_BLENDER_0/s1_op1_reg_10_/Q
                               0.254          0.260         -0.006  (VIOLATED)
   I_BLENDER_0/s1_op1_reg_14_/Q
                               0.254          0.257         -0.003  (VIOLATED)
   I_BLENDER_0/s1_op1_reg_11_/Q
                               0.254          0.256         -0.003  (VIOLATED)
   I_BLENDER_1/R_673/Q         0.137          0.139         -0.002  (VIOLATED)
   I_BLENDER_1/result_reg_1_/Q
                               0.423          0.424         -0.001  (VIOLATED)
   I_SDRAM_TOP/I_SDRAM_IF/control_bus_reg_8_/Q
                               0.405          0.406         -0.001  (VIOLATED)
   I_BLENDER_0/s3_op1_reg_25_/Q
                               0.168          0.168          0.000  (VIOLATED: increase significant digits)


1
