****************************************
Report : analysis_coverage
Design : ORCA_TOP
Version: O-2018.06
Date   : Sat May 20 21:25:31 2023
****************************************

Type of Check         Total              Met         Violated         Untested
--------------------------------------------------------------------------------
setup                 16153      5420 ( 34%)       338 (  2%)     10395 ( 64%)
hold                  15993         0 (  0%)         0 (  0%)     15993 (100%)
recovery               4328      3985 ( 92%)         0 (  0%)       343 (  8%)
removal                4328         0 (  0%)         0 (  0%)      4328 (100%)
min_pulse_width       14620     10111 ( 69%)       153 (  1%)      4356 ( 30%)
clock_gating_setup       64         2 (  3%)        16 ( 25%)        46 ( 72%)
clock_gating_hold        64         0 (  0%)         0 (  0%)        64 (100%)
out_setup               134       110 ( 82%)         0 (  0%)        24 ( 18%)
out_hold                134         0 (  0%)         0 (  0%)       134 (100%)
--------------------------------------------------------------------------------
All Checks            55818     19628 ( 35%)       507 (  1%)     35683 ( 64%)

1
