Warning: Scenario func_best is not configured for setup analysis: skipping. (UIC-058)
Warning: Scenario test_best is not configured for setup analysis: skipping. (UIC-058)
****************************************
Report : timing
        -path_type full
        -delay_type max
        -max_paths 1
        -report_by design
Design : ORCA_TOP
Version: Q-2019.12-SP4
Date   : Sat May 20 21:21:34 2023
****************************************
Information: Timer using 'SI, Timing Window Analysis, CRPR'. (TIM-050)

  Startpoint: sdram_clk (input port clocked by SDRAM_CLK)
  Endpoint: sd_DQ_out[14] (output port clocked by v_SDRAM_CLK)
  Mode: atspeed
  Corner: Cmax
  Scenario: atspeed_capture
  Path Group: OUTPUTS
  Path Type: max

  Point                                            Incr      Path  
  ------------------------------------------------------------------------
  clock SDRAM_CLK (fall edge)                      2.05      2.05
  clock network delay (ideal)                      0.04      2.09

  sdram_clk (in)                                   0.00      2.09 f
  occ_int2/fast_clk_1_clkgt/u_icg/GCLK (CGLNPRX2_LVT)
                                                   0.32      2.40 f
  occ_int2/U2/Y (AO21X2_HVT)                       3.56      5.96 f
  occ_int2/APS_CLK_ISO_1/Y (DELLN1X2_LVT)          1.99      7.95 f
  I_SDRAM_TOP/I_SDRAM_IF/HFSBUF_1077_701/Y (NBUFFX16_LVT)
                                                   0.11      8.06 f
  I_SDRAM_TOP/I_SDRAM_IF/U13025/Y (AO22X1_HVT)     0.52      8.58 f
  HFSBUF_4_280/Y (NBUFFX2_LVT)                     0.59      9.18 f
  sd_DQ_out[14] (out)                              0.00      9.18 f
  data arrival time                                          9.18

  clock v_SDRAM_CLK (rise edge)                    4.10      4.10
  clock network delay (ideal)                      0.50      4.60
  clock reconvergence pessimism                    0.00      4.60
  clock uncertainty                               -0.10      4.50
  output external delay                           -1.10      3.40
  data required time                                         3.40
  ------------------------------------------------------------------------
  data required time                                         3.40
  data arrival time                                         -9.18
  ------------------------------------------------------------------------
  slack (VIOLATED)                                          -5.78


1
