Error: 
	Use error_info for more info. (CMD-013)
 ( func_max func_slowfast test_slowfast test_worst )
Error: invalid bareword "current_scenario"
in expression "...program_name] == 1 && current_scenario "func_worst"";
should be "$current_scenario" or "{current_scenario}" or "current_scenario(...)" or ...
	Use error_info for more info. (CMD-013)
 ( func_max func_slowfast test_slowfast test_worst )
Warning: Clock groups with same clocks are already set. (UITE-318)
 ( func_fastslow test_best test_fastslow )
Warning: Converting clock object 'SD_DDR_CLK' from ideal to propagated. (UITE-315)
 ( func_fastslow test_best test_fastslow )
Warning: Converting clock object 'SD_DDR_CLKn' from ideal to propagated. (UITE-315)
 ( func_fastslow test_best test_fastslow )
Warning: Converting clock object 'SYS_CLK' from ideal to propagated. (UITE-315)
 ( func_fastslow test_best test_fastslow )
Warning: Creating virtual clock named 'v_PCI_CLK' with no sources. (UITE-121)
 ( func_fastslow func_min test_best test_fastslow )
Warning: Creating virtual clock named 'v_SDRAM_CLK' with no sources. (UITE-121)
 ( func_fastslow func_min test_best test_fastslow )
Warning: No clock-gating check is inferred for clock PCI_CLK at pins occ_int2/U1/A2 and occ_int2/U1/A1 of cell occ_int2/U1. (PTE-060)
 ( test_best test_fastslow )
Warning: No clock-gating check is inferred for clock SDRAM_CLK at pins I_SDRAM_TOP/I_SDRAM_IF/U13008/A2 and I_SDRAM_TOP/I_SDRAM_IF/U13008/A1 of cell I_SDRAM_TOP/I_SDRAM_IF/U13008. (PTE-060)
 ( func_fastslow func_min test_best test_fastslow )
Warning: No clock-gating check is inferred for clock SDRAM_CLK at pins I_SDRAM_TOP/I_SDRAM_IF/U13008/A2 and I_SDRAM_TOP/I_SDRAM_IF/U13008/A3 of cell I_SDRAM_TOP/I_SDRAM_IF/U13008. (PTE-060)
 ( func_fastslow func_min test_best test_fastslow )
Warning: No clock-gating check is inferred for clock SDRAM_CLK at pins I_SDRAM_TOP/I_SDRAM_IF/U13008/A4 and I_SDRAM_TOP/I_SDRAM_IF/U13008/A1 of cell I_SDRAM_TOP/I_SDRAM_IF/U13008. (PTE-060)
 ( func_fastslow func_min test_best test_fastslow )
Warning: No clock-gating check is inferred for clock SDRAM_CLK at pins I_SDRAM_TOP/I_SDRAM_IF/U13008/A4 and I_SDRAM_TOP/I_SDRAM_IF/U13008/A3 of cell I_SDRAM_TOP/I_SDRAM_IF/U13008. (PTE-060)
 ( func_fastslow func_min test_best test_fastslow )
Warning: No clock-gating check is inferred for clock SDRAM_CLK at pins I_SDRAM_TOP/I_SDRAM_IF/U13009/A2 and I_SDRAM_TOP/I_SDRAM_IF/U13009/A1 of cell I_SDRAM_TOP/I_SDRAM_IF/U13009. (PTE-060)
 ( func_fastslow func_min test_best test_fastslow )
Warning: No clock-gating check is inferred for clock SDRAM_CLK at pins I_SDRAM_TOP/I_SDRAM_IF/U13009/A2 and I_SDRAM_TOP/I_SDRAM_IF/U13009/A3 of cell I_SDRAM_TOP/I_SDRAM_IF/U13009. (PTE-060)
 ( func_fastslow func_min test_best test_fastslow )
Warning: No clock-gating check is inferred for clock SDRAM_CLK at pins I_SDRAM_TOP/I_SDRAM_IF/U13009/A4 and I_SDRAM_TOP/I_SDRAM_IF/U13009/A1 of cell I_SDRAM_TOP/I_SDRAM_IF/U13009. (PTE-060)
 ( func_fastslow func_min test_best test_fastslow )
Warning: No clock-gating check is inferred for clock SDRAM_CLK at pins I_SDRAM_TOP/I_SDRAM_IF/U13009/A4 and I_SDRAM_TOP/I_SDRAM_IF/U13009/A3 of cell I_SDRAM_TOP/I_SDRAM_IF/U13009. (PTE-060)
 ( func_fastslow func_min test_best test_fastslow )
Warning: No clock-gating check is inferred for clock SDRAM_CLK at pins I_SDRAM_TOP/I_SDRAM_IF/U13010/A2 and I_SDRAM_TOP/I_SDRAM_IF/U13010/A1 of cell I_SDRAM_TOP/I_SDRAM_IF/U13010. (PTE-060)
 ( func_fastslow func_min test_best test_fastslow )
Warning: No clock-gating check is inferred for clock SDRAM_CLK at pins I_SDRAM_TOP/I_SDRAM_IF/U13010/A2 and I_SDRAM_TOP/I_SDRAM_IF/U13010/A3 of cell I_SDRAM_TOP/I_SDRAM_IF/U13010. (PTE-060)
 ( func_fastslow func_min test_best test_fastslow )
Warning: No clock-gating check is inferred for clock SDRAM_CLK at pins I_SDRAM_TOP/I_SDRAM_IF/U13010/A4 and I_SDRAM_TOP/I_SDRAM_IF/U13010/A1 of cell I_SDRAM_TOP/I_SDRAM_IF/U13010. (PTE-060)
 ( func_fastslow func_min test_best test_fastslow )
Warning: No clock-gating check is inferred for clock SDRAM_CLK at pins I_SDRAM_TOP/I_SDRAM_IF/U13010/A4 and I_SDRAM_TOP/I_SDRAM_IF/U13010/A3 of cell I_SDRAM_TOP/I_SDRAM_IF/U13010. (PTE-060)
 ( func_fastslow func_min test_best test_fastslow )
Warning: No clock-gating check is inferred for clock SDRAM_CLK at pins I_SDRAM_TOP/I_SDRAM_IF/U13011/A2 and I_SDRAM_TOP/I_SDRAM_IF/U13011/A1 of cell I_SDRAM_TOP/I_SDRAM_IF/U13011. (PTE-060)
 ( func_fastslow func_min test_best test_fastslow )
Warning: No clock-gating check is inferred for clock SDRAM_CLK at pins I_SDRAM_TOP/I_SDRAM_IF/U13011/A2 and I_SDRAM_TOP/I_SDRAM_IF/U13011/A3 of cell I_SDRAM_TOP/I_SDRAM_IF/U13011. (PTE-060)
 ( func_fastslow func_min test_best test_fastslow )
Warning: No clock-gating check is inferred for clock SDRAM_CLK at pins I_SDRAM_TOP/I_SDRAM_IF/U13011/A4 and I_SDRAM_TOP/I_SDRAM_IF/U13011/A1 of cell I_SDRAM_TOP/I_SDRAM_IF/U13011. (PTE-060)
 ( func_fastslow func_min test_best test_fastslow )
Warning: No clock-gating check is inferred for clock SDRAM_CLK at pins I_SDRAM_TOP/I_SDRAM_IF/U13011/A4 and I_SDRAM_TOP/I_SDRAM_IF/U13011/A3 of cell I_SDRAM_TOP/I_SDRAM_IF/U13011. (PTE-060)
 ( func_fastslow func_min test_best test_fastslow )
Warning: No clock-gating check is inferred for clock SDRAM_CLK at pins I_SDRAM_TOP/I_SDRAM_IF/U13012/A2 and I_SDRAM_TOP/I_SDRAM_IF/U13012/A1 of cell I_SDRAM_TOP/I_SDRAM_IF/U13012. (PTE-060)
 ( func_fastslow func_min test_best test_fastslow )
Warning: No clock-gating check is inferred for clock SDRAM_CLK at pins I_SDRAM_TOP/I_SDRAM_IF/U13012/A2 and I_SDRAM_TOP/I_SDRAM_IF/U13012/A3 of cell I_SDRAM_TOP/I_SDRAM_IF/U13012. (PTE-060)
 ( func_fastslow func_min test_best test_fastslow )
Warning: No clock-gating check is inferred for clock SDRAM_CLK at pins I_SDRAM_TOP/I_SDRAM_IF/U13012/A4 and I_SDRAM_TOP/I_SDRAM_IF/U13012/A1 of cell I_SDRAM_TOP/I_SDRAM_IF/U13012. (PTE-060)
 ( func_fastslow func_min test_best test_fastslow )
Warning: No clock-gating check is inferred for clock SDRAM_CLK at pins I_SDRAM_TOP/I_SDRAM_IF/U13012/A4 and I_SDRAM_TOP/I_SDRAM_IF/U13012/A3 of cell I_SDRAM_TOP/I_SDRAM_IF/U13012. (PTE-060)
 ( func_fastslow func_min test_best test_fastslow )
Warning: No clock-gating check is inferred for clock SDRAM_CLK at pins I_SDRAM_TOP/I_SDRAM_IF/U13013/A2 and I_SDRAM_TOP/I_SDRAM_IF/U13013/A1 of cell I_SDRAM_TOP/I_SDRAM_IF/U13013. (PTE-060)
 ( func_fastslow func_min test_best test_fastslow )
Warning: No clock-gating check is inferred for clock SDRAM_CLK at pins I_SDRAM_TOP/I_SDRAM_IF/U13013/A2 and I_SDRAM_TOP/I_SDRAM_IF/U13013/A3 of cell I_SDRAM_TOP/I_SDRAM_IF/U13013. (PTE-060)
 ( func_fastslow func_min test_best test_fastslow )
Warning: No clock-gating check is inferred for clock SDRAM_CLK at pins I_SDRAM_TOP/I_SDRAM_IF/U13013/A4 and I_SDRAM_TOP/I_SDRAM_IF/U13013/A1 of cell I_SDRAM_TOP/I_SDRAM_IF/U13013. (PTE-060)
 ( func_fastslow func_min test_best test_fastslow )
Warning: No clock-gating check is inferred for clock SDRAM_CLK at pins I_SDRAM_TOP/I_SDRAM_IF/U13013/A4 and I_SDRAM_TOP/I_SDRAM_IF/U13013/A3 of cell I_SDRAM_TOP/I_SDRAM_IF/U13013. (PTE-060)
 ( func_fastslow func_min test_best test_fastslow )
Warning: No clock-gating check is inferred for clock SDRAM_CLK at pins I_SDRAM_TOP/I_SDRAM_IF/U13014/A2 and I_SDRAM_TOP/I_SDRAM_IF/U13014/A1 of cell I_SDRAM_TOP/I_SDRAM_IF/U13014. (PTE-060)
 ( func_fastslow func_min test_best test_fastslow )
Warning: No clock-gating check is inferred for clock SDRAM_CLK at pins I_SDRAM_TOP/I_SDRAM_IF/U13014/A2 and I_SDRAM_TOP/I_SDRAM_IF/U13014/A3 of cell I_SDRAM_TOP/I_SDRAM_IF/U13014. (PTE-060)
 ( func_fastslow func_min test_best test_fastslow )
Warning: No clock-gating check is inferred for clock SDRAM_CLK at pins I_SDRAM_TOP/I_SDRAM_IF/U13014/A4 and I_SDRAM_TOP/I_SDRAM_IF/U13014/A1 of cell I_SDRAM_TOP/I_SDRAM_IF/U13014. (PTE-060)
 ( func_fastslow func_min test_best test_fastslow )
Warning: No clock-gating check is inferred for clock SDRAM_CLK at pins I_SDRAM_TOP/I_SDRAM_IF/U13014/A4 and I_SDRAM_TOP/I_SDRAM_IF/U13014/A3 of cell I_SDRAM_TOP/I_SDRAM_IF/U13014. (PTE-060)
 ( func_fastslow func_min test_best test_fastslow )
Warning: No clock-gating check is inferred for clock SDRAM_CLK at pins I_SDRAM_TOP/I_SDRAM_IF/U13015/A2 and I_SDRAM_TOP/I_SDRAM_IF/U13015/A1 of cell I_SDRAM_TOP/I_SDRAM_IF/U13015. (PTE-060)
 ( func_fastslow func_min test_best test_fastslow )
Warning: No clock-gating check is inferred for clock SDRAM_CLK at pins I_SDRAM_TOP/I_SDRAM_IF/U13015/A2 and I_SDRAM_TOP/I_SDRAM_IF/U13015/A3 of cell I_SDRAM_TOP/I_SDRAM_IF/U13015. (PTE-060)
 ( func_fastslow func_min test_best test_fastslow )
Warning: No clock-gating check is inferred for clock SDRAM_CLK at pins I_SDRAM_TOP/I_SDRAM_IF/U13015/A4 and I_SDRAM_TOP/I_SDRAM_IF/U13015/A1 of cell I_SDRAM_TOP/I_SDRAM_IF/U13015. (PTE-060)
 ( func_fastslow func_min test_best test_fastslow )
Warning: No clock-gating check is inferred for clock SDRAM_CLK at pins I_SDRAM_TOP/I_SDRAM_IF/U13015/A4 and I_SDRAM_TOP/I_SDRAM_IF/U13015/A3 of cell I_SDRAM_TOP/I_SDRAM_IF/U13015. (PTE-060)
 ( func_fastslow func_min test_best test_fastslow )
Warning: No clock-gating check is inferred for clock SDRAM_CLK at pins I_SDRAM_TOP/I_SDRAM_IF/U13016/A2 and I_SDRAM_TOP/I_SDRAM_IF/U13016/A1 of cell I_SDRAM_TOP/I_SDRAM_IF/U13016. (PTE-060)
 ( func_fastslow func_min test_best test_fastslow )
Warning: No clock-gating check is inferred for clock SDRAM_CLK at pins I_SDRAM_TOP/I_SDRAM_IF/U13016/A2 and I_SDRAM_TOP/I_SDRAM_IF/U13016/A3 of cell I_SDRAM_TOP/I_SDRAM_IF/U13016. (PTE-060)
 ( func_fastslow func_min test_best test_fastslow )
Warning: No clock-gating check is inferred for clock SDRAM_CLK at pins I_SDRAM_TOP/I_SDRAM_IF/U13016/A4 and I_SDRAM_TOP/I_SDRAM_IF/U13016/A1 of cell I_SDRAM_TOP/I_SDRAM_IF/U13016. (PTE-060)
 ( func_fastslow func_min test_best test_fastslow )
Warning: No clock-gating check is inferred for clock SDRAM_CLK at pins I_SDRAM_TOP/I_SDRAM_IF/U13016/A4 and I_SDRAM_TOP/I_SDRAM_IF/U13016/A3 of cell I_SDRAM_TOP/I_SDRAM_IF/U13016. (PTE-060)
 ( func_fastslow func_min test_best test_fastslow )
Warning: No clock-gating check is inferred for clock SDRAM_CLK at pins I_SDRAM_TOP/I_SDRAM_IF/U13017/A2 and I_SDRAM_TOP/I_SDRAM_IF/U13017/A1 of cell I_SDRAM_TOP/I_SDRAM_IF/U13017. (PTE-060)
 ( func_fastslow func_min test_best test_fastslow )
Warning: No clock-gating check is inferred for clock SDRAM_CLK at pins I_SDRAM_TOP/I_SDRAM_IF/U13017/A2 and I_SDRAM_TOP/I_SDRAM_IF/U13017/A3 of cell I_SDRAM_TOP/I_SDRAM_IF/U13017. (PTE-060)
 ( func_fastslow func_min test_best test_fastslow )
Warning: No clock-gating check is inferred for clock SDRAM_CLK at pins I_SDRAM_TOP/I_SDRAM_IF/U13017/A4 and I_SDRAM_TOP/I_SDRAM_IF/U13017/A1 of cell I_SDRAM_TOP/I_SDRAM_IF/U13017. (PTE-060)
 ( func_fastslow func_min test_best test_fastslow )
Warning: No clock-gating check is inferred for clock SDRAM_CLK at pins I_SDRAM_TOP/I_SDRAM_IF/U13017/A4 and I_SDRAM_TOP/I_SDRAM_IF/U13017/A3 of cell I_SDRAM_TOP/I_SDRAM_IF/U13017. (PTE-060)
 ( func_fastslow func_min test_best test_fastslow )
Warning: No clock-gating check is inferred for clock SDRAM_CLK at pins I_SDRAM_TOP/I_SDRAM_IF/U13018/A2 and I_SDRAM_TOP/I_SDRAM_IF/U13018/A1 of cell I_SDRAM_TOP/I_SDRAM_IF/U13018. (PTE-060)
 ( func_fastslow func_min test_best test_fastslow )
Warning: No clock-gating check is inferred for clock SDRAM_CLK at pins I_SDRAM_TOP/I_SDRAM_IF/U13018/A2 and I_SDRAM_TOP/I_SDRAM_IF/U13018/A3 of cell I_SDRAM_TOP/I_SDRAM_IF/U13018. (PTE-060)
 ( func_fastslow func_min test_best test_fastslow )
Warning: No clock-gating check is inferred for clock SDRAM_CLK at pins I_SDRAM_TOP/I_SDRAM_IF/U13018/A4 and I_SDRAM_TOP/I_SDRAM_IF/U13018/A1 of cell I_SDRAM_TOP/I_SDRAM_IF/U13018. (PTE-060)
 ( func_fastslow func_min test_best test_fastslow )
Warning: No clock-gating check is inferred for clock SDRAM_CLK at pins I_SDRAM_TOP/I_SDRAM_IF/U13018/A4 and I_SDRAM_TOP/I_SDRAM_IF/U13018/A3 of cell I_SDRAM_TOP/I_SDRAM_IF/U13018. (PTE-060)
 ( func_fastslow func_min test_best test_fastslow )
Warning: No clock-gating check is inferred for clock SDRAM_CLK at pins I_SDRAM_TOP/I_SDRAM_IF/U13019/A2 and I_SDRAM_TOP/I_SDRAM_IF/U13019/A1 of cell I_SDRAM_TOP/I_SDRAM_IF/U13019. (PTE-060)
 ( func_fastslow func_min test_best test_fastslow )
Warning: No clock-gating check is inferred for clock SDRAM_CLK at pins I_SDRAM_TOP/I_SDRAM_IF/U13019/A2 and I_SDRAM_TOP/I_SDRAM_IF/U13019/A3 of cell I_SDRAM_TOP/I_SDRAM_IF/U13019. (PTE-060)
 ( func_fastslow func_min test_best test_fastslow )
Warning: No clock-gating check is inferred for clock SDRAM_CLK at pins I_SDRAM_TOP/I_SDRAM_IF/U13019/A4 and I_SDRAM_TOP/I_SDRAM_IF/U13019/A1 of cell I_SDRAM_TOP/I_SDRAM_IF/U13019. (PTE-060)
 ( func_fastslow func_min test_best test_fastslow )
Warning: No clock-gating check is inferred for clock SDRAM_CLK at pins I_SDRAM_TOP/I_SDRAM_IF/U13019/A4 and I_SDRAM_TOP/I_SDRAM_IF/U13019/A3 of cell I_SDRAM_TOP/I_SDRAM_IF/U13019. (PTE-060)
 ( func_fastslow func_min test_best test_fastslow )
Warning: No clock-gating check is inferred for clock SDRAM_CLK at pins I_SDRAM_TOP/I_SDRAM_IF/U13020/A2 and I_SDRAM_TOP/I_SDRAM_IF/U13020/A1 of cell I_SDRAM_TOP/I_SDRAM_IF/U13020. (PTE-060)
 ( func_fastslow func_min test_best test_fastslow )
Warning: No clock-gating check is inferred for clock SDRAM_CLK at pins I_SDRAM_TOP/I_SDRAM_IF/U13020/A2 and I_SDRAM_TOP/I_SDRAM_IF/U13020/A3 of cell I_SDRAM_TOP/I_SDRAM_IF/U13020. (PTE-060)
 ( func_fastslow func_min )
Warning: No clock-gating check is inferred for clock SDRAM_CLK at pins I_SDRAM_TOP/I_SDRAM_IF/U13020/A4 and I_SDRAM_TOP/I_SDRAM_IF/U13020/A1 of cell I_SDRAM_TOP/I_SDRAM_IF/U13020. (PTE-060)
 ( func_fastslow func_min )
Warning: No clock-gating check is inferred for clock SDRAM_CLK at pins I_SDRAM_TOP/I_SDRAM_IF/U13020/A4 and I_SDRAM_TOP/I_SDRAM_IF/U13020/A3 of cell I_SDRAM_TOP/I_SDRAM_IF/U13020. (PTE-060)
 ( func_fastslow func_min )
Warning: No clock-gating check is inferred for clock SDRAM_CLK at pins I_SDRAM_TOP/I_SDRAM_IF/U13021/A2 and I_SDRAM_TOP/I_SDRAM_IF/U13021/A1 of cell I_SDRAM_TOP/I_SDRAM_IF/U13021. (PTE-060)
 ( func_fastslow func_min )
Warning: No clock-gating check is inferred for clock SDRAM_CLK at pins I_SDRAM_TOP/I_SDRAM_IF/U13021/A2 and I_SDRAM_TOP/I_SDRAM_IF/U13021/A3 of cell I_SDRAM_TOP/I_SDRAM_IF/U13021. (PTE-060)
 ( func_fastslow func_min )
Warning: No clock-gating check is inferred for clock SDRAM_CLK at pins I_SDRAM_TOP/I_SDRAM_IF/U13021/A4 and I_SDRAM_TOP/I_SDRAM_IF/U13021/A1 of cell I_SDRAM_TOP/I_SDRAM_IF/U13021. (PTE-060)
 ( func_fastslow func_min )
Warning: No clock-gating check is inferred for clock SDRAM_CLK at pins I_SDRAM_TOP/I_SDRAM_IF/U13021/A4 and I_SDRAM_TOP/I_SDRAM_IF/U13021/A3 of cell I_SDRAM_TOP/I_SDRAM_IF/U13021. (PTE-060)
 ( func_fastslow func_min )
Warning: No clock-gating check is inferred for clock SDRAM_CLK at pins I_SDRAM_TOP/I_SDRAM_IF/U13022/A2 and I_SDRAM_TOP/I_SDRAM_IF/U13022/A1 of cell I_SDRAM_TOP/I_SDRAM_IF/U13022. (PTE-060)
 ( func_fastslow func_min )
Warning: No clock-gating check is inferred for clock SDRAM_CLK at pins I_SDRAM_TOP/I_SDRAM_IF/U13022/A2 and I_SDRAM_TOP/I_SDRAM_IF/U13022/A3 of cell I_SDRAM_TOP/I_SDRAM_IF/U13022. (PTE-060)
 ( func_fastslow func_min )
Warning: No clock-gating check is inferred for clock SDRAM_CLK at pins I_SDRAM_TOP/I_SDRAM_IF/U13022/A4 and I_SDRAM_TOP/I_SDRAM_IF/U13022/A1 of cell I_SDRAM_TOP/I_SDRAM_IF/U13022. (PTE-060)
 ( func_fastslow func_min )
Warning: No clock-gating check is inferred for clock SDRAM_CLK at pins I_SDRAM_TOP/I_SDRAM_IF/U13022/A4 and I_SDRAM_TOP/I_SDRAM_IF/U13022/A3 of cell I_SDRAM_TOP/I_SDRAM_IF/U13022. (PTE-060)
 ( func_fastslow func_min )
Warning: No clock-gating check is inferred for clock SDRAM_CLK at pins I_SDRAM_TOP/I_SDRAM_IF/U13023/A2 and I_SDRAM_TOP/I_SDRAM_IF/U13023/A1 of cell I_SDRAM_TOP/I_SDRAM_IF/U13023. (PTE-060)
 ( func_fastslow func_min )
Warning: No clock-gating check is inferred for clock SDRAM_CLK at pins I_SDRAM_TOP/I_SDRAM_IF/U13023/A2 and I_SDRAM_TOP/I_SDRAM_IF/U13023/A3 of cell I_SDRAM_TOP/I_SDRAM_IF/U13023. (PTE-060)
 ( func_fastslow func_min )
Warning: No clock-gating check is inferred for clock SDRAM_CLK at pins I_SDRAM_TOP/I_SDRAM_IF/U13023/A4 and I_SDRAM_TOP/I_SDRAM_IF/U13023/A1 of cell I_SDRAM_TOP/I_SDRAM_IF/U13023. (PTE-060)
 ( func_fastslow func_min )
Warning: No clock-gating check is inferred for clock SDRAM_CLK at pins I_SDRAM_TOP/I_SDRAM_IF/U13023/A4 and I_SDRAM_TOP/I_SDRAM_IF/U13023/A3 of cell I_SDRAM_TOP/I_SDRAM_IF/U13023. (PTE-060)
 ( func_fastslow func_min )
Warning: No clock-gating check is inferred for clock SDRAM_CLK at pins I_SDRAM_TOP/I_SDRAM_IF/U13024/A2 and I_SDRAM_TOP/I_SDRAM_IF/U13024/A1 of cell I_SDRAM_TOP/I_SDRAM_IF/U13024. (PTE-060)
 ( func_fastslow func_min )
Warning: No clock-gating check is inferred for clock SDRAM_CLK at pins I_SDRAM_TOP/I_SDRAM_IF/U13024/A2 and I_SDRAM_TOP/I_SDRAM_IF/U13024/A3 of cell I_SDRAM_TOP/I_SDRAM_IF/U13024. (PTE-060)
 ( func_fastslow func_min )
Warning: No clock-gating check is inferred for clock SDRAM_CLK at pins I_SDRAM_TOP/I_SDRAM_IF/U13024/A4 and I_SDRAM_TOP/I_SDRAM_IF/U13024/A1 of cell I_SDRAM_TOP/I_SDRAM_IF/U13024. (PTE-060)
 ( func_fastslow func_min )
Warning: No clock-gating check is inferred for clock SDRAM_CLK at pins I_SDRAM_TOP/I_SDRAM_IF/U13024/A4 and I_SDRAM_TOP/I_SDRAM_IF/U13024/A3 of cell I_SDRAM_TOP/I_SDRAM_IF/U13024. (PTE-060)
 ( func_fastslow func_min )
Warning: No clock-gating check is inferred for clock SDRAM_CLK at pins I_SDRAM_TOP/I_SDRAM_IF/U13025/A2 and I_SDRAM_TOP/I_SDRAM_IF/U13025/A1 of cell I_SDRAM_TOP/I_SDRAM_IF/U13025. (PTE-060)
 ( func_fastslow func_min )
Warning: No clock-gating check is inferred for clock SDRAM_CLK at pins I_SDRAM_TOP/I_SDRAM_IF/U13025/A2 and I_SDRAM_TOP/I_SDRAM_IF/U13025/A3 of cell I_SDRAM_TOP/I_SDRAM_IF/U13025. (PTE-060)
 ( func_fastslow func_min )
Warning: No clock-gating check is inferred for clock SDRAM_CLK at pins I_SDRAM_TOP/I_SDRAM_IF/U13025/A4 and I_SDRAM_TOP/I_SDRAM_IF/U13025/A1 of cell I_SDRAM_TOP/I_SDRAM_IF/U13025. (PTE-060)
 ( func_fastslow func_min )
Warning: No clock-gating check is inferred for clock SDRAM_CLK at pins I_SDRAM_TOP/I_SDRAM_IF/U13025/A4 and I_SDRAM_TOP/I_SDRAM_IF/U13025/A3 of cell I_SDRAM_TOP/I_SDRAM_IF/U13025. (PTE-060)
 ( func_fastslow func_min )
Warning: No clock-gating check is inferred for clock SDRAM_CLK at pins I_SDRAM_TOP/I_SDRAM_IF/U13026/A2 and I_SDRAM_TOP/I_SDRAM_IF/U13026/A1 of cell I_SDRAM_TOP/I_SDRAM_IF/U13026. (PTE-060)
 ( func_fastslow func_min )
Warning: No clock-gating check is inferred for clock SDRAM_CLK at pins I_SDRAM_TOP/I_SDRAM_IF/U13026/A2 and I_SDRAM_TOP/I_SDRAM_IF/U13026/A3 of cell I_SDRAM_TOP/I_SDRAM_IF/U13026. (PTE-060)
 ( func_fastslow func_min )
Warning: No clock-gating check is inferred for clock SDRAM_CLK at pins I_SDRAM_TOP/I_SDRAM_IF/U13026/A4 and I_SDRAM_TOP/I_SDRAM_IF/U13026/A1 of cell I_SDRAM_TOP/I_SDRAM_IF/U13026. (PTE-060)
 ( func_fastslow func_min )
Warning: No clock-gating check is inferred for clock SDRAM_CLK at pins I_SDRAM_TOP/I_SDRAM_IF/U13026/A4 and I_SDRAM_TOP/I_SDRAM_IF/U13026/A3 of cell I_SDRAM_TOP/I_SDRAM_IF/U13026. (PTE-060)
 ( func_fastslow func_min )
Warning: No clock-gating check is inferred for clock SDRAM_CLK at pins I_SDRAM_TOP/I_SDRAM_IF/U13027/A2 and I_SDRAM_TOP/I_SDRAM_IF/U13027/A1 of cell I_SDRAM_TOP/I_SDRAM_IF/U13027. (PTE-060)
 ( func_fastslow func_min )
Warning: No clock-gating check is inferred for clock SDRAM_CLK at pins I_SDRAM_TOP/I_SDRAM_IF/U13027/A2 and I_SDRAM_TOP/I_SDRAM_IF/U13027/A3 of cell I_SDRAM_TOP/I_SDRAM_IF/U13027. (PTE-060)
 ( func_fastslow func_min )
Warning: No clock-gating check is inferred for clock SDRAM_CLK at pins I_SDRAM_TOP/I_SDRAM_IF/U13027/A4 and I_SDRAM_TOP/I_SDRAM_IF/U13027/A1 of cell I_SDRAM_TOP/I_SDRAM_IF/U13027. (PTE-060)
 ( func_fastslow func_min )
Warning: No clock-gating check is inferred for clock SDRAM_CLK at pins I_SDRAM_TOP/I_SDRAM_IF/U13027/A4 and I_SDRAM_TOP/I_SDRAM_IF/U13027/A3 of cell I_SDRAM_TOP/I_SDRAM_IF/U13027. (PTE-060)
 ( func_fastslow func_min )
Warning: No clock-gating check is inferred for clock SDRAM_CLK at pins I_SDRAM_TOP/I_SDRAM_IF/U13028/A2 and I_SDRAM_TOP/I_SDRAM_IF/U13028/A1 of cell I_SDRAM_TOP/I_SDRAM_IF/U13028. (PTE-060)
 ( func_fastslow func_min )
Warning: No clock-gating check is inferred for clock SDRAM_CLK at pins I_SDRAM_TOP/I_SDRAM_IF/U13028/A2 and I_SDRAM_TOP/I_SDRAM_IF/U13028/A3 of cell I_SDRAM_TOP/I_SDRAM_IF/U13028. (PTE-060)
 ( func_fastslow func_min )
Warning: No clock-gating check is inferred for clock SDRAM_CLK at pins I_SDRAM_TOP/I_SDRAM_IF/U13028/A4 and I_SDRAM_TOP/I_SDRAM_IF/U13028/A1 of cell I_SDRAM_TOP/I_SDRAM_IF/U13028. (PTE-060)
 ( func_fastslow func_min )
Warning: No clock-gating check is inferred for clock SDRAM_CLK at pins I_SDRAM_TOP/I_SDRAM_IF/U13028/A4 and I_SDRAM_TOP/I_SDRAM_IF/U13028/A3 of cell I_SDRAM_TOP/I_SDRAM_IF/U13028. (PTE-060)
 ( func_fastslow func_min )
Warning: No clock-gating check is inferred for clock SDRAM_CLK at pins I_SDRAM_TOP/I_SDRAM_IF/U13029/A2 and I_SDRAM_TOP/I_SDRAM_IF/U13029/A1 of cell I_SDRAM_TOP/I_SDRAM_IF/U13029. (PTE-060)
 ( func_fastslow func_min )
Warning: No clock-gating check is inferred for clock SDRAM_CLK at pins I_SDRAM_TOP/I_SDRAM_IF/U13029/A2 and I_SDRAM_TOP/I_SDRAM_IF/U13029/A3 of cell I_SDRAM_TOP/I_SDRAM_IF/U13029. (PTE-060)
 ( func_fastslow func_min )
Warning: No clock-gating check is inferred for clock SDRAM_CLK at pins I_SDRAM_TOP/I_SDRAM_IF/U13029/A4 and I_SDRAM_TOP/I_SDRAM_IF/U13029/A1 of cell I_SDRAM_TOP/I_SDRAM_IF/U13029. (PTE-060)
 ( func_fastslow func_min )
Warning: No clock-gating check is inferred for clock SDRAM_CLK at pins I_SDRAM_TOP/I_SDRAM_IF/U13029/A4 and I_SDRAM_TOP/I_SDRAM_IF/U13029/A3 of cell I_SDRAM_TOP/I_SDRAM_IF/U13029. (PTE-060)
 ( func_fastslow func_min )
Warning: No clock-gating check is inferred for clock SDRAM_CLK at pins I_SDRAM_TOP/I_SDRAM_IF/U13030/A2 and I_SDRAM_TOP/I_SDRAM_IF/U13030/A1 of cell I_SDRAM_TOP/I_SDRAM_IF/U13030. (PTE-060)
 ( func_fastslow func_min )
Warning: No clock-gating check is inferred for clock SDRAM_CLK at pins I_SDRAM_TOP/I_SDRAM_IF/U13030/A2 and I_SDRAM_TOP/I_SDRAM_IF/U13030/A3 of cell I_SDRAM_TOP/I_SDRAM_IF/U13030. (PTE-060)
 ( func_fastslow func_min )
Warning: No clock-gating check is inferred for clock SDRAM_CLK at pins I_SDRAM_TOP/I_SDRAM_IF/U13030/A4 and I_SDRAM_TOP/I_SDRAM_IF/U13030/A1 of cell I_SDRAM_TOP/I_SDRAM_IF/U13030. (PTE-060)
 ( func_fastslow func_min )
Warning: No clock-gating check is inferred for clock SDRAM_CLK at pins I_SDRAM_TOP/I_SDRAM_IF/U13030/A4 and I_SDRAM_TOP/I_SDRAM_IF/U13030/A3 of cell I_SDRAM_TOP/I_SDRAM_IF/U13030. (PTE-060)
 ( func_fastslow func_min )
Warning: No clock-gating check is inferred for clock SDRAM_CLK at pins I_SDRAM_TOP/I_SDRAM_IF/U13031/A2 and I_SDRAM_TOP/I_SDRAM_IF/U13031/A1 of cell I_SDRAM_TOP/I_SDRAM_IF/U13031. (PTE-060)
 ( func_fastslow func_min )
Warning: No clock-gating check is inferred for clock SDRAM_CLK at pins I_SDRAM_TOP/I_SDRAM_IF/U13031/A2 and I_SDRAM_TOP/I_SDRAM_IF/U13031/A3 of cell I_SDRAM_TOP/I_SDRAM_IF/U13031. (PTE-060)
 ( func_fastslow func_min )
Warning: No clock-gating check is inferred for clock SDRAM_CLK at pins I_SDRAM_TOP/I_SDRAM_IF/U13031/A4 and I_SDRAM_TOP/I_SDRAM_IF/U13031/A1 of cell I_SDRAM_TOP/I_SDRAM_IF/U13031. (PTE-060)
 ( func_fastslow func_min )
Warning: No clock-gating check is inferred for clock SDRAM_CLK at pins I_SDRAM_TOP/I_SDRAM_IF/U13031/A4 and I_SDRAM_TOP/I_SDRAM_IF/U13031/A3 of cell I_SDRAM_TOP/I_SDRAM_IF/U13031. (PTE-060)
 ( func_fastslow func_min )
Warning: No clock-gating check is inferred for clock SDRAM_CLK at pins I_SDRAM_TOP/I_SDRAM_IF/U13032/A2 and I_SDRAM_TOP/I_SDRAM_IF/U13032/A1 of cell I_SDRAM_TOP/I_SDRAM_IF/U13032. (PTE-060)
 ( func_fastslow func_min )
Warning: No clock-gating check is inferred for clock SDRAM_CLK at pins I_SDRAM_TOP/I_SDRAM_IF/U13032/A2 and I_SDRAM_TOP/I_SDRAM_IF/U13032/A3 of cell I_SDRAM_TOP/I_SDRAM_IF/U13032. (PTE-060)
 ( func_fastslow func_min )
Warning: No clock-gating check is inferred for clock SDRAM_CLK at pins I_SDRAM_TOP/I_SDRAM_IF/U13032/A4 and I_SDRAM_TOP/I_SDRAM_IF/U13032/A1 of cell I_SDRAM_TOP/I_SDRAM_IF/U13032. (PTE-060)
 ( func_fastslow func_min )
Warning: No clock-gating check is inferred for clock SDRAM_CLK at pins I_SDRAM_TOP/I_SDRAM_IF/U13032/A4 and I_SDRAM_TOP/I_SDRAM_IF/U13032/A3 of cell I_SDRAM_TOP/I_SDRAM_IF/U13032. (PTE-060)
 ( func_fastslow func_min )
Warning: No clock-gating check is inferred for clock SDRAM_CLK at pins occ_int2/U2/A2 and occ_int2/U2/A1 of cell occ_int2/U2. (PTE-060)
 ( test_best test_fastslow )
Warning: No clock-gating check is inferred for clock SYS_CLK at pins I_CLOCKING/occ_int1/U1/A2 and I_CLOCKING/occ_int1/U1/A1 of cell I_CLOCKING/occ_int1/U1. (PTE-060)
 ( test_best test_fastslow )
Warning: No clock-gating check is inferred for clock ate_clk at pins I_SDRAM_TOP/I_SDRAM_IF/U13008/A2 and I_SDRAM_TOP/I_SDRAM_IF/U13008/A1 of cell I_SDRAM_TOP/I_SDRAM_IF/U13008. (PTE-060)
 ( test_best test_fastslow )
Warning: No clock-gating check is inferred for clock ate_clk at pins I_SDRAM_TOP/I_SDRAM_IF/U13008/A2 and I_SDRAM_TOP/I_SDRAM_IF/U13008/A3 of cell I_SDRAM_TOP/I_SDRAM_IF/U13008. (PTE-060)
 ( test_best test_fastslow )
Warning: No clock-gating check is inferred for clock ate_clk at pins I_SDRAM_TOP/I_SDRAM_IF/U13008/A4 and I_SDRAM_TOP/I_SDRAM_IF/U13008/A1 of cell I_SDRAM_TOP/I_SDRAM_IF/U13008. (PTE-060)
 ( test_best test_fastslow )
Warning: No clock-gating check is inferred for clock ate_clk at pins I_SDRAM_TOP/I_SDRAM_IF/U13008/A4 and I_SDRAM_TOP/I_SDRAM_IF/U13008/A3 of cell I_SDRAM_TOP/I_SDRAM_IF/U13008. (PTE-060)
 ( test_best test_fastslow )
Warning: No clock-gating check is inferred for clock ate_clk at pins I_SDRAM_TOP/I_SDRAM_IF/U13009/A2 and I_SDRAM_TOP/I_SDRAM_IF/U13009/A1 of cell I_SDRAM_TOP/I_SDRAM_IF/U13009. (PTE-060)
 ( test_best test_fastslow )
Warning: No clock-gating check is inferred for clock ate_clk at pins I_SDRAM_TOP/I_SDRAM_IF/U13009/A2 and I_SDRAM_TOP/I_SDRAM_IF/U13009/A3 of cell I_SDRAM_TOP/I_SDRAM_IF/U13009. (PTE-060)
 ( test_best test_fastslow )
Warning: No clock-gating check is inferred for clock ate_clk at pins I_SDRAM_TOP/I_SDRAM_IF/U13009/A4 and I_SDRAM_TOP/I_SDRAM_IF/U13009/A1 of cell I_SDRAM_TOP/I_SDRAM_IF/U13009. (PTE-060)
 ( test_best test_fastslow )
Warning: No clock-gating check is inferred for clock ate_clk at pins I_SDRAM_TOP/I_SDRAM_IF/U13009/A4 and I_SDRAM_TOP/I_SDRAM_IF/U13009/A3 of cell I_SDRAM_TOP/I_SDRAM_IF/U13009. (PTE-060)
 ( test_best test_fastslow )
Warning: No clock-gating check is inferred for clock ate_clk at pins I_SDRAM_TOP/I_SDRAM_IF/U13010/A2 and I_SDRAM_TOP/I_SDRAM_IF/U13010/A1 of cell I_SDRAM_TOP/I_SDRAM_IF/U13010. (PTE-060)
 ( test_best test_fastslow )
Warning: No clock-gating check is inferred for clock ate_clk at pins I_SDRAM_TOP/I_SDRAM_IF/U13010/A2 and I_SDRAM_TOP/I_SDRAM_IF/U13010/A3 of cell I_SDRAM_TOP/I_SDRAM_IF/U13010. (PTE-060)
 ( test_best test_fastslow )
Warning: No clock-gating check is inferred for clock ate_clk at pins I_SDRAM_TOP/I_SDRAM_IF/U13010/A4 and I_SDRAM_TOP/I_SDRAM_IF/U13010/A1 of cell I_SDRAM_TOP/I_SDRAM_IF/U13010. (PTE-060)
 ( test_best test_fastslow )
Warning: No clock-gating check is inferred for clock ate_clk at pins I_SDRAM_TOP/I_SDRAM_IF/U13010/A4 and I_SDRAM_TOP/I_SDRAM_IF/U13010/A3 of cell I_SDRAM_TOP/I_SDRAM_IF/U13010. (PTE-060)
 ( test_best test_fastslow )
Warning: No clock-gating check is inferred for clock ate_clk at pins I_SDRAM_TOP/I_SDRAM_IF/U13011/A2 and I_SDRAM_TOP/I_SDRAM_IF/U13011/A1 of cell I_SDRAM_TOP/I_SDRAM_IF/U13011. (PTE-060)
 ( test_best test_fastslow )
Warning: No clock-gating check is inferred for clock ate_clk at pins I_SDRAM_TOP/I_SDRAM_IF/U13011/A2 and I_SDRAM_TOP/I_SDRAM_IF/U13011/A3 of cell I_SDRAM_TOP/I_SDRAM_IF/U13011. (PTE-060)
 ( test_best test_fastslow )
Warning: No clock-gating check is inferred for clock ate_clk at pins I_SDRAM_TOP/I_SDRAM_IF/U13011/A4 and I_SDRAM_TOP/I_SDRAM_IF/U13011/A1 of cell I_SDRAM_TOP/I_SDRAM_IF/U13011. (PTE-060)
 ( test_best test_fastslow )
Warning: No clock-gating check is inferred for clock ate_clk at pins I_SDRAM_TOP/I_SDRAM_IF/U13011/A4 and I_SDRAM_TOP/I_SDRAM_IF/U13011/A3 of cell I_SDRAM_TOP/I_SDRAM_IF/U13011. (PTE-060)
 ( test_best test_fastslow )
Warning: No clock-gating check is inferred for clock ate_clk at pins I_SDRAM_TOP/I_SDRAM_IF/U13012/A2 and I_SDRAM_TOP/I_SDRAM_IF/U13012/A1 of cell I_SDRAM_TOP/I_SDRAM_IF/U13012. (PTE-060)
 ( test_best test_fastslow )
Warning: No clock-gating check is inferred for clock ate_clk at pins I_SDRAM_TOP/I_SDRAM_IF/U13012/A2 and I_SDRAM_TOP/I_SDRAM_IF/U13012/A3 of cell I_SDRAM_TOP/I_SDRAM_IF/U13012. (PTE-060)
 ( test_best test_fastslow )
Warning: No clock-gating check is inferred for clock ate_clk at pins I_SDRAM_TOP/I_SDRAM_IF/U13012/A4 and I_SDRAM_TOP/I_SDRAM_IF/U13012/A1 of cell I_SDRAM_TOP/I_SDRAM_IF/U13012. (PTE-060)
 ( test_best test_fastslow )
Warning: No clock-gating check is inferred for clock ate_clk at pins I_SDRAM_TOP/I_SDRAM_IF/U13012/A4 and I_SDRAM_TOP/I_SDRAM_IF/U13012/A3 of cell I_SDRAM_TOP/I_SDRAM_IF/U13012. (PTE-060)
 ( test_best test_fastslow )
Warning: No clock-gating check is inferred for clock ate_clk at pins I_SDRAM_TOP/I_SDRAM_IF/U13013/A2 and I_SDRAM_TOP/I_SDRAM_IF/U13013/A1 of cell I_SDRAM_TOP/I_SDRAM_IF/U13013. (PTE-060)
 ( test_best test_fastslow )
Warning: No clock-gating check is inferred for clock ate_clk at pins I_SDRAM_TOP/I_SDRAM_IF/U13013/A2 and I_SDRAM_TOP/I_SDRAM_IF/U13013/A3 of cell I_SDRAM_TOP/I_SDRAM_IF/U13013. (PTE-060)
 ( test_best test_fastslow )
Warning: No clock-gating check is inferred for clock ate_clk at pins I_SDRAM_TOP/I_SDRAM_IF/U13013/A4 and I_SDRAM_TOP/I_SDRAM_IF/U13013/A1 of cell I_SDRAM_TOP/I_SDRAM_IF/U13013. (PTE-060)
 ( test_best test_fastslow )
Warning: No clock-gating check is inferred for clock ate_clk at pins I_SDRAM_TOP/I_SDRAM_IF/U13013/A4 and I_SDRAM_TOP/I_SDRAM_IF/U13013/A3 of cell I_SDRAM_TOP/I_SDRAM_IF/U13013. (PTE-060)
 ( test_best test_fastslow )
Warning: No clock-gating check is inferred for clock ate_clk at pins I_SDRAM_TOP/I_SDRAM_IF/U13014/A2 and I_SDRAM_TOP/I_SDRAM_IF/U13014/A1 of cell I_SDRAM_TOP/I_SDRAM_IF/U13014. (PTE-060)
 ( test_best test_fastslow )
Warning: No clock-gating check is inferred for clock ate_clk at pins I_SDRAM_TOP/I_SDRAM_IF/U13014/A2 and I_SDRAM_TOP/I_SDRAM_IF/U13014/A3 of cell I_SDRAM_TOP/I_SDRAM_IF/U13014. (PTE-060)
 ( test_best test_fastslow )
Warning: No clock-gating check is inferred for clock ate_clk at pins I_SDRAM_TOP/I_SDRAM_IF/U13014/A4 and I_SDRAM_TOP/I_SDRAM_IF/U13014/A1 of cell I_SDRAM_TOP/I_SDRAM_IF/U13014. (PTE-060)
 ( test_best test_fastslow )
Warning: No clock-gating check is inferred for clock ate_clk at pins I_SDRAM_TOP/I_SDRAM_IF/U13014/A4 and I_SDRAM_TOP/I_SDRAM_IF/U13014/A3 of cell I_SDRAM_TOP/I_SDRAM_IF/U13014. (PTE-060)
 ( test_best test_fastslow )
Warning: No clock-gating check is inferred for clock ate_clk at pins I_SDRAM_TOP/I_SDRAM_IF/U13015/A2 and I_SDRAM_TOP/I_SDRAM_IF/U13015/A1 of cell I_SDRAM_TOP/I_SDRAM_IF/U13015. (PTE-060)
 ( test_best test_fastslow )
Warning: No clock-gating check is inferred for clock ate_clk at pins I_SDRAM_TOP/I_SDRAM_IF/U13015/A2 and I_SDRAM_TOP/I_SDRAM_IF/U13015/A3 of cell I_SDRAM_TOP/I_SDRAM_IF/U13015. (PTE-060)
 ( test_best test_fastslow )
Warning: No clock-gating check is inferred for clock ate_clk at pins I_SDRAM_TOP/I_SDRAM_IF/U13015/A4 and I_SDRAM_TOP/I_SDRAM_IF/U13015/A1 of cell I_SDRAM_TOP/I_SDRAM_IF/U13015. (PTE-060)
 ( test_best test_fastslow )
Warning: No clock-gating check is inferred for clock ate_clk at pins I_SDRAM_TOP/I_SDRAM_IF/U13015/A4 and I_SDRAM_TOP/I_SDRAM_IF/U13015/A3 of cell I_SDRAM_TOP/I_SDRAM_IF/U13015. (PTE-060)
 ( test_best test_fastslow )
Warning: No clock-gating check is inferred for clock ate_clk at pins I_SDRAM_TOP/I_SDRAM_IF/U13016/A2 and I_SDRAM_TOP/I_SDRAM_IF/U13016/A1 of cell I_SDRAM_TOP/I_SDRAM_IF/U13016. (PTE-060)
 ( test_best test_fastslow )
Warning: No clock-gating check is inferred for clock ate_clk at pins I_SDRAM_TOP/I_SDRAM_IF/U13016/A2 and I_SDRAM_TOP/I_SDRAM_IF/U13016/A3 of cell I_SDRAM_TOP/I_SDRAM_IF/U13016. (PTE-060)
 ( test_best test_fastslow )
Warning: No clock-gating check is inferred for clock ate_clk at pins I_SDRAM_TOP/I_SDRAM_IF/U13016/A4 and I_SDRAM_TOP/I_SDRAM_IF/U13016/A1 of cell I_SDRAM_TOP/I_SDRAM_IF/U13016. (PTE-060)
 ( test_best test_fastslow )
Warning: No clock-gating check is inferred for clock ate_clk at pins I_SDRAM_TOP/I_SDRAM_IF/U13016/A4 and I_SDRAM_TOP/I_SDRAM_IF/U13016/A3 of cell I_SDRAM_TOP/I_SDRAM_IF/U13016. (PTE-060)
 ( test_best test_fastslow )
Warning: No clock-gating check is inferred for clock ate_clk at pins I_SDRAM_TOP/I_SDRAM_IF/U13017/A2 and I_SDRAM_TOP/I_SDRAM_IF/U13017/A1 of cell I_SDRAM_TOP/I_SDRAM_IF/U13017. (PTE-060)
 ( test_best test_fastslow )
Warning: No clock-gating check is inferred for clock ate_clk at pins I_SDRAM_TOP/I_SDRAM_IF/U13017/A2 and I_SDRAM_TOP/I_SDRAM_IF/U13017/A3 of cell I_SDRAM_TOP/I_SDRAM_IF/U13017. (PTE-060)
 ( test_best test_fastslow )
Warning: No clock-gating check is inferred for clock ate_clk at pins I_SDRAM_TOP/I_SDRAM_IF/U13017/A4 and I_SDRAM_TOP/I_SDRAM_IF/U13017/A1 of cell I_SDRAM_TOP/I_SDRAM_IF/U13017. (PTE-060)
 ( test_best test_fastslow )
Warning: No clock-gating check is inferred for clock ate_clk at pins I_SDRAM_TOP/I_SDRAM_IF/U13017/A4 and I_SDRAM_TOP/I_SDRAM_IF/U13017/A3 of cell I_SDRAM_TOP/I_SDRAM_IF/U13017. (PTE-060)
 ( test_best test_fastslow )
Warning: No clock-gating check is inferred for clock ate_clk at pins I_SDRAM_TOP/I_SDRAM_IF/U13018/A2 and I_SDRAM_TOP/I_SDRAM_IF/U13018/A1 of cell I_SDRAM_TOP/I_SDRAM_IF/U13018. (PTE-060)
 ( test_best test_fastslow )
Warning: No clock-gating check is inferred for clock ate_clk at pins I_SDRAM_TOP/I_SDRAM_IF/U13018/A2 and I_SDRAM_TOP/I_SDRAM_IF/U13018/A3 of cell I_SDRAM_TOP/I_SDRAM_IF/U13018. (PTE-060)
 ( test_best test_fastslow )
Warning: No clock-gating check is inferred for clock ate_clk at pins I_SDRAM_TOP/I_SDRAM_IF/U13018/A4 and I_SDRAM_TOP/I_SDRAM_IF/U13018/A1 of cell I_SDRAM_TOP/I_SDRAM_IF/U13018. (PTE-060)
 ( test_best test_fastslow )
Warning: No clock-gating check is inferred for clock ate_clk at pins I_SDRAM_TOP/I_SDRAM_IF/U13018/A4 and I_SDRAM_TOP/I_SDRAM_IF/U13018/A3 of cell I_SDRAM_TOP/I_SDRAM_IF/U13018. (PTE-060)
 ( test_best test_fastslow )
Warning: No clock-gating check is inferred for clock ate_clk at pins I_SDRAM_TOP/I_SDRAM_IF/U13019/A2 and I_SDRAM_TOP/I_SDRAM_IF/U13019/A1 of cell I_SDRAM_TOP/I_SDRAM_IF/U13019. (PTE-060)
 ( test_best test_fastslow )
Warning: No clock-gating check is inferred for clock ate_clk at pins I_SDRAM_TOP/I_SDRAM_IF/U13019/A2 and I_SDRAM_TOP/I_SDRAM_IF/U13019/A3 of cell I_SDRAM_TOP/I_SDRAM_IF/U13019. (PTE-060)
 ( test_best test_fastslow )
Warning: No clock-gating check is inferred for clock ate_clk at pins I_SDRAM_TOP/I_SDRAM_IF/U13019/A4 and I_SDRAM_TOP/I_SDRAM_IF/U13019/A1 of cell I_SDRAM_TOP/I_SDRAM_IF/U13019. (PTE-060)
 ( test_best test_fastslow )
Warning: No clock-gating check is inferred for clock ate_clk at pins I_SDRAM_TOP/I_SDRAM_IF/U13019/A4 and I_SDRAM_TOP/I_SDRAM_IF/U13019/A3 of cell I_SDRAM_TOP/I_SDRAM_IF/U13019. (PTE-060)
 ( test_best test_fastslow )
Warning: Setting this variable to a lower value can cause a significant performance degradation during a timing update. (PTE-067)
 ( func_fastslow func_min test_best test_fastslow )
Warning: Some timing arcs have been disabled for breaking timing loops or because of constant propagation. Use the 'report_disable_timing' command to get the list of these disabled timing arcs. (PTE-003)
 ( func_fastslow func_max func_min func_slowfast test_best test_fastslow test_slowfast test_worst )
Warning: Virtual clock 'v_PCI_CLK' cannot be made propagated. (UITE-316)
 ( func_fastslow func_min test_best test_fastslow )
Warning: Virtual clock 'v_SDRAM_CLK' cannot be made propagated. (UITE-316)
 ( func_fastslow func_min test_best test_fastslow )
