------------------------------------------------------------------------------------------
                      OverCon          OverCon          OverCon          OverCon
                       #GCell           #GCell           #GCell           #GCell  %GCell
       Layer          (1 - 1)          (2 - 3)          (4 - 5)          (6 - 7)  OverCon
------------------------------------------------------------------------------------------
     M1 ( 1)       0 ( 0.00%)       0 ( 0.00%)       0 ( 0.00%)       0 ( 0.00%)  ( 0.00%)
     M2 ( 2)      49 ( 0.03%)      84 ( 0.06%)      95 ( 0.07%)       8 ( 0.01%)  ( 0.17%)
     M3 ( 3)     879 ( 0.61%)     281 ( 0.20%)      38 ( 0.03%)       0 ( 0.00%)  ( 0.84%)
     M4 ( 4)      17 ( 0.01%)       2 ( 0.00%)       0 ( 0.00%)       0 ( 0.00%)  ( 0.01%)
     M5 ( 5)     393 ( 0.27%)      19 ( 0.01%)       0 ( 0.00%)       0 ( 0.00%)  ( 0.29%)
     M6 ( 6)      86 ( 0.04%)      11 ( 0.00%)       0 ( 0.00%)       0 ( 0.00%)  ( 0.04%)
     M7 ( 7)     211 ( 0.10%)       8 ( 0.00%)       0 ( 0.00%)       0 ( 0.00%)  ( 0.10%)
     M8 ( 8)       3 ( 0.00%)       0 ( 0.00%)       0 ( 0.00%)       0 ( 0.00%)  ( 0.00%)
     M9 ( 9)       0 ( 0.00%)       0 ( 0.00%)       0 ( 0.00%)       0 ( 0.00%)  ( 0.00%)
   MRDL (10)       0 ( 0.00%)       0 ( 0.00%)       0 ( 0.00%)       0 ( 0.00%)  ( 0.00%)
------------------------------------------------------------------------------------------
       Total    1638 ( 0.11%)     405 ( 0.03%)     133 ( 0.01%)       8 ( 0.00%)  ( 0.15%)
------------------------------------------------------------------------------------------
2D Overflow (GR compatible) 0.28% H + 0.04% V
2D Overflow 0.31% H + 0.07% V
[hotspot] +------------+---------------+---------------+
[hotspot] |    layer   |  max hotspot  | total hotspot |
[hotspot] +------------+---------------+---------------+
[hotspot] |    M1(H)   |          0.00 |          0.00 |
[hotspot] |    M2(V)   |          1.57 |          8.66 |
[hotspot] |    M3(H)   |          7.48 |         21.77 |
[hotspot] |    M4(V)   |          0.00 |          0.00 |
[hotspot] |    M5(H)   |          0.26 |          0.52 |
[hotspot] |    M6(V)   |          0.00 |          0.00 |
[hotspot] |    M7(H)   |          9.97 |         27.54 |
[hotspot] |    M8(V)   |          0.00 |          0.00 |
[hotspot] |    M9(H)   |          0.00 |          0.00 |
[hotspot] |   MRDL(V)   |          0.00 |          0.00 |
[hotspot] +------------+---------------+---------------+
[hotspot] |   worst    | (M7)     9.97 | (M7)    27.54 |
[hotspot] +------------+---------------+---------------+
[hotspot] | all layers |          4.72 |         11.28 |
[hotspot] +------------+---------------+---------------+
Local HotSpot Analysis (3d): normalized congestion max/total hotspot area = 4.72/11.28 (area is in unit of 4 std-cell row bins)
[hotspot] top 5 congestion hotspot bounding boxes and scores of all layers hotspot
[hotspot] +-----+-------------------------------------+---------------+
[hotspot] | top |            hotspot bbox             | hotspot score |
[hotspot] +-----+-------------------------------------+---------------+
[hotspot] |  1  |   267.52   642.05   294.27   668.80 |        2.10   |
[hotspot] +-----+-------------------------------------+---------------+
[hotspot] |  2  |   588.54   548.42   615.30   575.17 |        1.31   |
[hotspot] +-----+-------------------------------------+---------------+
[hotspot] |  3  |   535.04   535.04   561.79   561.79 |        1.05   |
[hotspot] +-----+-------------------------------------+---------------+
[hotspot] |  4  |   561.79   535.04   588.54   561.79 |        1.05   |
[hotspot] +-----+-------------------------------------+---------------+
[hotspot] |  5  |   107.01   735.68   133.76   762.43 |        0.79   |
[hotspot] +-----+-------------------------------------+---------------+
