Usage: (19.7%H 11.6%V) = (5.268e+05um 6.331e+05um) = (315065 378627)
Overflow: 228 = 222 (0.10% H) + 6 (0.00% V)

Congestion distribution:

Remain	cntH		cntV
--------------------------------------
 -5:	1	 0.00%	0	 0.00%
 -4:	1	 0.00%	0	 0.00%
 -3:	2	 0.00%	0	 0.00%
 -2:	26	 0.01%	1	 0.00%
 -1:	177	 0.08%	5	 0.00%
--------------------------------------
  0:	6786	 3.02%	78	 0.03%
  1:	32842	14.61%	853	 0.38%
  2:	28316	12.60%	7660	 3.38%
  3:	20418	 9.08%	22603	 9.99%
  4:	7153	 3.18%	24716	10.92%
  5:	129076	57.42%	170435	75.30%
[hotspot] +------------+---------------+---------------+
[hotspot] |            |   max hotspot | total hotspot |
[hotspot] +------------+---------------+---------------+
[hotspot] | normalized |          3.15 |          4.72 |
[hotspot] +------------+---------------+---------------+
Local HotSpot Analysis: normalized max congestion hotspot area = 3.15, normalized total congestion hotspot area = 4.72 (area is in unit of 4 std-cell row bins)
[hotspot] top 5 congestion hotspot bounding boxes and scores of normalized hotspot
[hotspot] +-----+-------------------------------------+---------------+
[hotspot] | top |            hotspot bbox             | hotspot score |
[hotspot] +-----+-------------------------------------+---------------+
[hotspot] |  1  |   535.04   535.04   561.79   561.79 |        1.05   |
[hotspot] +-----+-------------------------------------+---------------+
[hotspot] |  2  |   561.79   535.04   588.54   561.79 |        1.05   |
[hotspot] +-----+-------------------------------------+---------------+
[hotspot] |  3  |   588.54   535.04   615.30   561.79 |        0.79   |
[hotspot] +-----+-------------------------------------+---------------+
[hotspot] |  4  |   267.52   642.05   294.27   668.80 |        0.52   |
[hotspot] +-----+-------------------------------------+---------------+
[hotspot] |  5  |   615.30   160.51   642.05   187.26 |        0.26   |
[hotspot] +-----+-------------------------------------+---------------+
