Information: Variable 'search_path' is assigned the value ' /home/reethika/common/Documents/ECE510-2023-SPRING' following merging of the worker-side value '' and the master-side value '/home/reethika/common/Documents/ECE510-2023-SPRING' (DIST-005)
set top_design {ORCA_TOP}
ORCA_TOP
set dmsa {2}
2
source -echo /home/reethika/common/Documents/ECE510-2023-SPRING/final_prj-team_10/pt/scripts/at_speed_capture.tcl
#set topdir /u/$env(USER)/PSU_RTL2GDS
set topdir [lindex [ regexp -inline "(.*)pt" [pwd] ] 1 ]
source $topdir/$top_design.design_config.tcl
Error: could not open script file "/home/reethika/common/Documents/ECE510-2023-SPRING/final_prj-team_10/pt/work/at_speed_ca/ORCA_TOP.design_config.tcl" (CMD-015)
Information: script '/home/reethika/common/Documents/ECE510-2023-SPRING/final_prj-team_10/pt/scripts/at_speed_capture.tcl'
	stopped at line 5 due to error. (CMD-081)
Extended error info:

    while executing
"snps_cci_builtin_source  /home/reethika/common/Documents/ECE510-2023-SPRING/final_prj-team_10/pt/work/at_speed_ca/ORCA_TOP.design_config.tcl"
    invoked from within
"source $topdir/$top_design.design_config.tcl"
 -- End Extended Error Info
Error: 
	Use error_info for more info. (CMD-013)

report_constraint -all_violators -nosplit
Error: Current design is not defined. (DES-001)

Information: Variable 'search_path' is assigned the value ' /home/reethika/common/Documents/ECE510-2023-SPRING' following merging of the worker-side value '' and the master-side value '/home/reethika/common/Documents/ECE510-2023-SPRING' (DIST-005)
set top_design {ORCA_TOP}
ORCA_TOP
set dmsa {2}
2
source -echo /home/reethika/common/Documents/ECE510-2023-SPRING/final_prj-team_10/pt/scripts/at_speed_capture.tcl
#set topdir /u/$env(USER)/PSU_RTL2GDS
set topdir [lindex [ regexp -inline "(.*)pt" [pwd] ] 1 ]
source $topdir/$top_design.design_config.tcl
Error: could not open script file "/home/reethika/common/Documents/ECE510-2023-SPRING/final_prj-team_10/pt/work/at_speed_ca/ORCA_TOP.design_config.tcl" (CMD-015)
Information: script '/home/reethika/common/Documents/ECE510-2023-SPRING/final_prj-team_10/pt/scripts/at_speed_capture.tcl'
	stopped at line 5 due to error. (CMD-081)
Extended error info:

    while executing
"snps_cci_builtin_source  /home/reethika/common/Documents/ECE510-2023-SPRING/final_prj-team_10/pt/work/at_speed_ca/ORCA_TOP.design_config.tcl"
    invoked from within
"source $topdir/$top_design.design_config.tcl"
 -- End Extended Error Info
Error: 
	Use error_info for more info. (CMD-013)

report_constraint -all_violators -nosplit
Error: Current design is not defined. (DES-001)

Information: Variable 'search_path' is assigned the value ' /home/reethika/common/Documents/ECE510-2023-SPRING' following merging of the worker-side value '' and the master-side value '/home/reethika/common/Documents/ECE510-2023-SPRING' (DIST-005)
set top_design {ORCA_TOP}
ORCA_TOP
set dmsa {2}
2
source -echo /home/reethika/common/Documents/ECE510-2023-SPRING/final_prj-team_10/pt/scripts/at_speed_capture.tcl
#set topdir /u/$env(USER)/PSU_RTL2GDS
set topdir [lindex [ regexp -inline "(.*)pt" [pwd] ] 1 ]
source $topdir/$top_design.design_config.tcl
Error: could not open script file "/home/reethika/common/Documents/ECE510-2023-SPRING/final_prj-team_10/pt/work/at_speed_ca/ORCA_TOP.design_config.tcl" (CMD-015)
Information: script '/home/reethika/common/Documents/ECE510-2023-SPRING/final_prj-team_10/pt/scripts/at_speed_capture.tcl'
	stopped at line 5 due to error. (CMD-081)
Extended error info:

    while executing
"snps_cci_builtin_source  /home/reethika/common/Documents/ECE510-2023-SPRING/final_prj-team_10/pt/work/at_speed_ca/ORCA_TOP.design_config.tcl"
    invoked from within
"source $topdir/$top_design.design_config.tcl"
 -- End Extended Error Info
Error: 
	Use error_info for more info. (CMD-013)

report_constraint -all_violators -nosplit
Error: Current design is not defined. (DES-001)

